{"K:\\LETS\\lets-roll-cursor\\backend\\src\\config\\redis.ts": {"path":"K:\\LETS\\lets-roll-cursor\\backend\\src\\config\\redis.ts","statementMap":{"0":{"start":{"line":13,"column":0},"end":{"line":13,"column":16}},"1":{"start":{"line":117,"column":0},"end":{"line":117,"column":16}},"2":{"start":{"line":127,"column":0},"end":{"line":127,"column":7}},"3":{"start":{"line":4,"column":0},"end":{"line":4,"column":27}},"4":{"start":{"line":5,"column":0},"end":{"line":5,"column":40}},"5":{"start":{"line":7,"column":32},"end":{"line":7,"column":36}},"6":{"start":{"line":14,"column":2},"end":{"line":16,"column":3}},"7":{"start":{"line":15,"column":4},"end":{"line":15,"column":null}},"8":{"start":{"line":18,"column":19},"end":{"line":18,"column":40}},"9":{"start":{"line":19,"column":20},"end":{"line":19,"column":42}},"10":{"start":{"line":20,"column":20},"end":{"line":20,"column":66}},"11":{"start":{"line":21,"column":24},"end":{"line":21,"column":50}},"12":{"start":{"line":24,"column":22},"end":{"line":24,"column":60}},"13":{"start":{"line":25,"column":23},"end":{"line":25,"column":63}},"14":{"start":{"line":27,"column":2},"end":{"line":30,"column":3}},"15":{"start":{"line":28,"column":4},"end":{"line":28,"column":null}},"16":{"start":{"line":29,"column":4},"end":{"line":29,"column":null}},"17":{"start":{"line":32,"column":2},"end":{"line":111,"column":3}},"18":{"start":{"line":33,"column":4},"end":{"line":72,"column":5}},"19":{"start":{"line":35,"column":6},"end":{"line":49,"column":null}},"20":{"start":{"line":38,"column":10},"end":{"line":41,"column":11}},"21":{"start":{"line":39,"column":12},"end":{"line":39,"column":null}},"22":{"start":{"line":40,"column":12},"end":{"line":40,"column":24}},"23":{"start":{"line":42,"column":24},"end":{"line":42,"column":50}},"24":{"start":{"line":43,"column":10},"end":{"line":43,"column":null}},"25":{"start":{"line":50,"column":11},"end":{"line":72,"column":5}},"26":{"start":{"line":52,"column":6},"end":{"line":69,"column":null}},"27":{"start":{"line":58,"column":10},"end":{"line":61,"column":11}},"28":{"start":{"line":59,"column":12},"end":{"line":59,"column":null}},"29":{"start":{"line":60,"column":12},"end":{"line":60,"column":24}},"30":{"start":{"line":62,"column":24},"end":{"line":62,"column":50}},"31":{"start":{"line":63,"column":10},"end":{"line":63,"column":null}},"32":{"start":{"line":71,"column":6},"end":{"line":71,"column":null}},"33":{"start":{"line":75,"column":21},"end":{"line":75,"column":22}},"34":{"start":{"line":76,"column":4},"end":{"line":87,"column":null}},"35":{"start":{"line":77,"column":6},"end":{"line":77,"column":null}},"36":{"start":{"line":79,"column":6},"end":{"line":81,"column":7}},"37":{"start":{"line":80,"column":8},"end":{"line":80,"column":null}},"38":{"start":{"line":83,"column":6},"end":{"line":86,"column":7}},"39":{"start":{"line":85,"column":8},"end":{"line":85,"column":14}},"40":{"start":{"line":89,"column":4},"end":{"line":92,"column":null}},"41":{"start":{"line":90,"column":6},"end":{"line":90,"column":null}},"42":{"start":{"line":91,"column":6},"end":{"line":91,"column":21}},"43":{"start":{"line":94,"column":4},"end":{"line":96,"column":null}},"44":{"start":{"line":95,"column":6},"end":{"line":95,"column":null}},"45":{"start":{"line":99,"column":4},"end":{"line":105,"column":null}},"46":{"start":{"line":101,"column":6},"end":{"line":103,"column":7}},"47":{"start":{"line":102,"column":8},"end":{"line":102,"column":null}},"48":{"start":{"line":107,"column":4},"end":{"line":107,"column":null}},"49":{"start":{"line":109,"column":4},"end":{"line":109,"column":null}},"50":{"start":{"line":110,"column":4},"end":{"line":110,"column":null}},"51":{"start":{"line":118,"column":2},"end":{"line":120,"column":3}},"52":{"start":{"line":119,"column":4},"end":{"line":119,"column":null}},"53":{"start":{"line":121,"column":2},"end":{"line":121,"column":null}},"54":{"start":{"line":128,"column":2},"end":{"line":132,"column":3}},"55":{"start":{"line":129,"column":4},"end":{"line":129,"column":null}},"56":{"start":{"line":130,"column":4},"end":{"line":130,"column":null}},"57":{"start":{"line":131,"column":4},"end":{"line":131,"column":null}}},"fnMap":{"0":{"name":"initRedis","decl":{"start":{"line":13,"column":16},"end":{"line":13,"column":25}},"loc":{"start":{"line":13,"column":25},"end":{"line":112,"column":1}}},"1":{"name":"(anonymous_2)","decl":{"start":{"line":36,"column":23},"end":{"line":36,"column":24}},"loc":{"start":{"line":36,"column":33},"end":{"line":44,"column":9}}},"2":{"name":"(anonymous_3)","decl":{"start":{"line":56,"column":23},"end":{"line":56,"column":24}},"loc":{"start":{"line":56,"column":33},"end":{"line":64,"column":9}}},"3":{"name":"(anonymous_4)","decl":{"start":{"line":76,"column":28},"end":{"line":76,"column":29}},"loc":{"start":{"line":76,"column":65},"end":{"line":87,"column":5}}},"4":{"name":"(anonymous_5)","decl":{"start":{"line":89,"column":30},"end":{"line":89,"column":33}},"loc":{"start":{"line":89,"column":35},"end":{"line":92,"column":5}}},"5":{"name":"(anonymous_6)","decl":{"start":{"line":94,"column":28},"end":{"line":94,"column":31}},"loc":{"start":{"line":94,"column":33},"end":{"line":96,"column":5}}},"6":{"name":"(anonymous_7)","decl":{"start":{"line":99,"column":32},"end":{"line":99,"column":33}},"loc":{"start":{"line":99,"column":69},"end":{"line":105,"column":5}}},"7":{"name":"getRedisClient","decl":{"start":{"line":117,"column":16},"end":{"line":117,"column":30}},"loc":{"start":{"line":117,"column":30},"end":{"line":122,"column":1}}},"8":{"name":"closeRedis","decl":{"start":{"line":127,"column":22},"end":{"line":127,"column":32}},"loc":{"start":{"line":127,"column":32},"end":{"line":133,"column":1}}}},"branchMap":{"0":{"loc":{"start":{"line":14,"column":2},"end":{"line":16,"column":3}},"type":"if","locations":[{"start":{"line":14,"column":2},"end":{"line":16,"column":3}},{"start":{},"end":{}}]},"1":{"loc":{"start":{"line":20,"column":29},"end":{"line":20,"column":61}},"type":"binary-expr","locations":[{"start":{"line":20,"column":29},"end":{"line":20,"column":51}},{"start":{"line":20,"column":55},"end":{"line":20,"column":61}}]},"2":{"loc":{"start":{"line":24,"column":22},"end":{"line":24,"column":60}},"type":"binary-expr","locations":[{"start":{"line":24,"column":22},"end":{"line":24,"column":30}},{"start":{"line":24,"column":34},"end":{"line":24,"column":60}}]},"3":{"loc":{"start":{"line":25,"column":23},"end":{"line":25,"column":63}},"type":"binary-expr","locations":[{"start":{"line":25,"column":23},"end":{"line":25,"column":32}},{"start":{"line":25,"column":36},"end":{"line":25,"column":63}}]},"4":{"loc":{"start":{"line":27,"column":2},"end":{"line":30,"column":3}},"type":"if","locations":[{"start":{"line":27,"column":2},"end":{"line":30,"column":3}},{"start":{},"end":{}}]},"5":{"loc":{"start":{"line":27,"column":6},"end":{"line":27,"column":35}},"type":"binary-expr","locations":[{"start":{"line":27,"column":6},"end":{"line":27,"column":18}},{"start":{"line":27,"column":22},"end":{"line":27,"column":35}}]},"6":{"loc":{"start":{"line":33,"column":4},"end":{"line":72,"column":5}},"type":"if","locations":[{"start":{"line":33,"column":4},"end":{"line":72,"column":5}},{"start":{"line":50,"column":11},"end":{"line":72,"column":5}}]},"7":{"loc":{"start":{"line":38,"column":10},"end":{"line":41,"column":11}},"type":"if","locations":[{"start":{"line":38,"column":10},"end":{"line":41,"column":11}},{"start":{},"end":{}}]},"8":{"loc":{"start":{"line":50,"column":11},"end":{"line":72,"column":5}},"type":"if","locations":[{"start":{"line":50,"column":11},"end":{"line":72,"column":5}},{"start":{"line":70,"column":11},"end":{"line":72,"column":5}}]},"9":{"loc":{"start":{"line":58,"column":10},"end":{"line":61,"column":11}},"type":"if","locations":[{"start":{"line":58,"column":10},"end":{"line":61,"column":11}},{"start":{},"end":{}}]},"10":{"loc":{"start":{"line":79,"column":6},"end":{"line":81,"column":7}},"type":"if","locations":[{"start":{"line":79,"column":6},"end":{"line":81,"column":7}},{"start":{},"end":{}}]},"11":{"loc":{"start":{"line":83,"column":6},"end":{"line":86,"column":7}},"type":"if","locations":[{"start":{"line":83,"column":6},"end":{"line":86,"column":7}},{"start":{},"end":{}}]},"12":{"loc":{"start":{"line":83,"column":10},"end":{"line":83,"column":57}},"type":"binary-expr","locations":[{"start":{"line":83,"column":10},"end":{"line":83,"column":24}},{"start":{"line":83,"column":28},"end":{"line":83,"column":57}}]},"13":{"loc":{"start":{"line":101,"column":6},"end":{"line":103,"column":7}},"type":"if","locations":[{"start":{"line":101,"column":6},"end":{"line":103,"column":7}},{"start":{},"end":{}}]},"14":{"loc":{"start":{"line":101,"column":10},"end":{"line":101,"column":59}},"type":"binary-expr","locations":[{"start":{"line":101,"column":10},"end":{"line":101,"column":39}},{"start":{"line":101,"column":43},"end":{"line":101,"column":59}}]},"15":{"loc":{"start":{"line":118,"column":2},"end":{"line":120,"column":3}},"type":"if","locations":[{"start":{"line":118,"column":2},"end":{"line":120,"column":3}},{"start":{},"end":{}}]},"16":{"loc":{"start":{"line":128,"column":2},"end":{"line":132,"column":3}},"type":"if","locations":[{"start":{"line":128,"column":2},"end":{"line":132,"column":3}},{"start":{},"end":{}}]}},"s":{"0":2,"1":2,"2":2,"3":2,"4":2,"5":2,"6":2,"7":0,"8":2,"9":2,"10":2,"11":2,"12":2,"13":2,"14":2,"15":2,"16":2,"17":0,"18":0,"19":0,"20":0,"21":0,"22":0,"23":0,"24":0,"25":0,"26":0,"27":0,"28":0,"29":0,"30":0,"31":0,"32":0,"33":0,"34":0,"35":0,"36":0,"37":0,"38":0,"39":0,"40":0,"41":0,"42":0,"43":0,"44":0,"45":0,"46":0,"47":0,"48":0,"49":0,"50":0,"51":2,"52":2,"53":0,"54":0,"55":0,"56":0,"57":0},"f":{"0":2,"1":0,"2":0,"3":0,"4":0,"5":0,"6":0,"7":2,"8":0},"b":{"0":[0,2],"1":[2,2],"2":[2,0],"3":[2,0],"4":[2,0],"5":[2,2],"6":[0,0],"7":[0,0],"8":[0,0],"9":[0,0],"10":[0,0],"11":[0,0],"12":[0,0],"13":[0,0],"14":[0,0],"15":[2,0],"16":[0,0]}}
,"K:\\LETS\\lets-roll-cursor\\backend\\src\\config\\supabase.ts": {"path":"K:\\LETS\\lets-roll-cursor\\backend\\src\\config\\supabase.ts","statementMap":{"0":{"start":{"line":1,"column":0},"end":{"line":1,"column":52}},"1":{"start":{"line":3,"column":20},"end":{"line":3,"column":44}},"2":{"start":{"line":4,"column":31},"end":{"line":4,"column":68}},"3":{"start":{"line":6,"column":0},"end":{"line":12,"column":1}},"4":{"start":{"line":7,"column":2},"end":{"line":7,"column":null}},"5":{"start":{"line":8,"column":2},"end":{"line":8,"column":null}},"6":{"start":{"line":9,"column":2},"end":{"line":9,"column":null}},"7":{"start":{"line":10,"column":2},"end":{"line":10,"column":null}},"8":{"start":{"line":11,"column":2},"end":{"line":11,"column":null}},"9":{"start":{"line":18,"column":13},"end":{"line":23,"column":null}}},"fnMap":{},"branchMap":{"0":{"loc":{"start":{"line":6,"column":0},"end":{"line":12,"column":1}},"type":"if","locations":[{"start":{"line":6,"column":0},"end":{"line":12,"column":1}},{"start":{},"end":{}}]},"1":{"loc":{"start":{"line":6,"column":4},"end":{"line":6,"column":43}},"type":"binary-expr","locations":[{"start":{"line":6,"column":4},"end":{"line":6,"column":16}},{"start":{"line":6,"column":20},"end":{"line":6,"column":43}}]},"2":{"loc":{"start":{"line":8,"column":36},"end":{"line":8,"column":80}},"type":"cond-expr","locations":[{"start":{"line":8,"column":50},"end":{"line":8,"column":65}},{"start":{"line":8,"column":68},"end":{"line":8,"column":80}}]},"3":{"loc":{"start":{"line":9,"column":49},"end":{"line":9,"column":104}},"type":"cond-expr","locations":[{"start":{"line":9,"column":74},"end":{"line":9,"column":89}},{"start":{"line":9,"column":92},"end":{"line":9,"column":104}}]}},"s":{"0":0,"1":0,"2":0,"3":0,"4":0,"5":0,"6":0,"7":0,"8":0,"9":0},"f":{},"b":{"0":[0,0],"1":[0,0],"2":[0,0],"3":[0,0]}}
,"K:\\LETS\\lets-roll-cursor\\backend\\src\\config\\swagger.ts": {"path":"K:\\LETS\\lets-roll-cursor\\backend\\src\\config\\swagger.ts","statementMap":{"0":{"start":{"line":59,"column":0},"end":{"line":59,"column":16}},"1":{"start":{"line":4,"column":0},"end":{"line":4,"column":40}},"2":{"start":{"line":6,"column":0},"end":{"line":6,"column":42}},"3":{"start":{"line":8,"column":38},"end":{"line":52,"column":null}},"4":{"start":{"line":54,"column":20},"end":{"line":54,"column":41}},"5":{"start":{"line":66,"column":9},"end":{"line":66,"column":20}},"6":{"start":{"line":60,"column":2},"end":{"line":63,"column":null}}},"fnMap":{"0":{"name":"setupSwagger","decl":{"start":{"line":59,"column":16},"end":{"line":59,"column":28}},"loc":{"start":{"line":59,"column":41},"end":{"line":64,"column":1}}}},"branchMap":{"0":{"loc":{"start":{"line":21,"column":13},"end":{"line":21,"column":59}},"type":"binary-expr","locations":[{"start":{"line":21,"column":13},"end":{"line":21,"column":32}},{"start":{"line":21,"column":36},"end":{"line":21,"column":59}}]}},"s":{"0":0,"1":0,"2":0,"3":0,"4":0,"5":0,"6":0},"f":{"0":0},"b":{"0":[0,0]}}
,"K:\\LETS\\lets-roll-cursor\\backend\\src\\data\\rankPermissions.ts": {"path":"K:\\LETS\\lets-roll-cursor\\backend\\src\\data\\rankPermissions.ts","statementMap":{"0":{"start":{"line":55,"column":0},"end":{"line":55,"column":16}},"1":{"start":{"line":66,"column":0},"end":{"line":66,"column":16}},"2":{"start":{"line":19,"column":13},"end":{"line":50,"column":null}},"3":{"start":{"line":56,"column":2},"end":{"line":56,"column":null}},"4":{"start":{"line":71,"column":22},"end":{"line":71,"column":46}},"5":{"start":{"line":72,"column":21},"end":{"line":72,"column":47}},"6":{"start":{"line":73,"column":2},"end":{"line":73,"column":null}}},"fnMap":{"0":{"name":"getRankPermissions","decl":{"start":{"line":55,"column":16},"end":{"line":55,"column":34}},"loc":{"start":{"line":55,"column":45},"end":{"line":57,"column":1}}},"1":{"name":"canEquipCategory","decl":{"start":{"line":66,"column":16},"end":{"line":66,"column":32}},"loc":{"start":{"line":69,"column":25},"end":{"line":74,"column":1}}}},"branchMap":{"0":{"loc":{"start":{"line":56,"column":9},"end":{"line":56,"column":59}},"type":"binary-expr","locations":[{"start":{"line":56,"column":9},"end":{"line":56,"column":31}},{"start":{"line":56,"column":35},"end":{"line":56,"column":59}}]},"1":{"loc":{"start":{"line":72,"column":21},"end":{"line":72,"column":47}},"type":"binary-expr","locations":[{"start":{"line":72,"column":21},"end":{"line":72,"column":42}},{"start":{"line":72,"column":46},"end":{"line":72,"column":47}}]}},"s":{"0":1,"1":1,"2":1,"3":0,"4":0,"5":0,"6":0},"f":{"0":0,"1":0},"b":{"0":[0,0],"1":[0,0]}}
,"K:\\LETS\\lets-roll-cursor\\backend\\src\\middleware\\auth.ts": {"path":"K:\\LETS\\lets-roll-cursor\\backend\\src\\middleware\\auth.ts","statementMap":{"0":{"start":{"line":9,"column":0},"end":{"line":9,"column":7}},"1":{"start":{"line":2,"column":0},"end":{"line":2,"column":45}},"2":{"start":{"line":3,"column":0},"end":{"line":3,"column":40}},"3":{"start":{"line":14,"column":2},"end":{"line":39,"column":3}},"4":{"start":{"line":15,"column":23},"end":{"line":15,"column":48}},"5":{"start":{"line":16,"column":18},"end":{"line":16,"column":56}},"6":{"start":{"line":18,"column":4},"end":{"line":20,"column":5}},"7":{"start":{"line":19,"column":6},"end":{"line":19,"column":null}},"8":{"start":{"line":22,"column":38},"end":{"line":22,"column":72}},"9":{"start":{"line":24,"column":4},"end":{"line":26,"column":5}},"10":{"start":{"line":25,"column":6},"end":{"line":25,"column":null}},"11":{"start":{"line":29,"column":4},"end":{"line":33,"column":null}},"12":{"start":{"line":35,"column":4},"end":{"line":35,"column":null}},"13":{"start":{"line":37,"column":4},"end":{"line":37,"column":null}},"14":{"start":{"line":38,"column":4},"end":{"line":38,"column":null}}},"fnMap":{"0":{"name":"authenticateToken","decl":{"start":{"line":9,"column":22},"end":{"line":9,"column":39}},"loc":{"start":{"line":12,"column":20},"end":{"line":40,"column":1}}}},"branchMap":{"0":{"loc":{"start":{"line":16,"column":18},"end":{"line":16,"column":56}},"type":"binary-expr","locations":[{"start":{"line":16,"column":18},"end":{"line":16,"column":28}},{"start":{"line":16,"column":32},"end":{"line":16,"column":56}}]},"1":{"loc":{"start":{"line":18,"column":4},"end":{"line":20,"column":5}},"type":"if","locations":[{"start":{"line":18,"column":4},"end":{"line":20,"column":5}},{"start":{},"end":{}}]},"2":{"loc":{"start":{"line":24,"column":4},"end":{"line":26,"column":5}},"type":"if","locations":[{"start":{"line":24,"column":4},"end":{"line":26,"column":5}},{"start":{},"end":{}}]},"3":{"loc":{"start":{"line":24,"column":8},"end":{"line":24,"column":22}},"type":"binary-expr","locations":[{"start":{"line":24,"column":8},"end":{"line":24,"column":13}},{"start":{"line":24,"column":17},"end":{"line":24,"column":22}}]}},"s":{"0":0,"1":0,"2":0,"3":0,"4":0,"5":0,"6":0,"7":0,"8":0,"9":0,"10":0,"11":0,"12":0,"13":0,"14":0},"f":{"0":0},"b":{"0":[0,0],"1":[0,0],"2":[0,0],"3":[0,0]}}
,"K:\\LETS\\lets-roll-cursor\\backend\\src\\middleware\\errorHandler.ts": {"path":"K:\\LETS\\lets-roll-cursor\\backend\\src\\middleware\\errorHandler.ts","statementMap":{"0":{"start":{"line":8,"column":0},"end":{"line":8,"column":16}},"1":{"start":{"line":2,"column":0},"end":{"line":2,"column":40}},"2":{"start":{"line":15,"column":2},"end":{"line":23,"column":null}},"3":{"start":{"line":26,"column":23},"end":{"line":26,"column":60}},"4":{"start":{"line":28,"column":2},"end":{"line":31,"column":null}}},"fnMap":{"0":{"name":"errorHandler","decl":{"start":{"line":8,"column":16},"end":{"line":8,"column":28}},"loc":{"start":{"line":12,"column":20},"end":{"line":32,"column":1}}}},"branchMap":{"0":{"loc":{"start":{"line":30,"column":13},"end":{"line":30,"column":56}},"type":"cond-expr","locations":[{"start":{"line":30,"column":28},"end":{"line":30,"column":42}},{"start":{"line":30,"column":45},"end":{"line":30,"column":56}}]}},"s":{"0":0,"1":0,"2":0,"3":0,"4":0},"f":{"0":0},"b":{"0":[0,0]}}
,"K:\\LETS\\lets-roll-cursor\\backend\\src\\middleware\\rateLimit.ts": {"path":"K:\\LETS\\lets-roll-cursor\\backend\\src\\middleware\\rateLimit.ts","statementMap":{"0":{"start":{"line":1,"column":0},"end":{"line":1,"column":42}},"1":{"start":{"line":7,"column":18},"end":{"line":21,"column":1}},"2":{"start":{"line":9,"column":23},"end":{"line":9,"column":53}},"3":{"start":{"line":10,"column":2},"end":{"line":13,"column":3}},"4":{"start":{"line":11,"column":16},"end":{"line":11,"column":76}},"5":{"start":{"line":12,"column":4},"end":{"line":12,"column":null}},"6":{"start":{"line":15,"column":17},"end":{"line":15,"column":41}},"7":{"start":{"line":16,"column":2},"end":{"line":18,"column":3}},"8":{"start":{"line":17,"column":4},"end":{"line":17,"column":null}},"9":{"start":{"line":20,"column":2},"end":{"line":20,"column":null}},"10":{"start":{"line":26,"column":13},"end":{"line":37,"column":null}},"11":{"start":{"line":33,"column":25},"end":{"line":33,"column":39}},"12":{"start":{"line":42,"column":13},"end":{"line":53,"column":null}},"13":{"start":{"line":49,"column":25},"end":{"line":49,"column":39}},"14":{"start":{"line":58,"column":13},"end":{"line":68,"column":null}},"15":{"start":{"line":64,"column":25},"end":{"line":64,"column":39}}},"fnMap":{"0":{"name":"(anonymous_1)","decl":{"start":{"line":7,"column":18},"end":{"line":7,"column":19}},"loc":{"start":{"line":7,"column":43},"end":{"line":21,"column":1}}},"1":{"name":"(anonymous_2)","decl":{"start":{"line":33,"column":16},"end":{"line":33,"column":17}},"loc":{"start":{"line":33,"column":25},"end":{"line":33,"column":39}}},"2":{"name":"(anonymous_3)","decl":{"start":{"line":49,"column":16},"end":{"line":49,"column":17}},"loc":{"start":{"line":49,"column":25},"end":{"line":49,"column":39}}},"3":{"name":"(anonymous_4)","decl":{"start":{"line":64,"column":16},"end":{"line":64,"column":17}},"loc":{"start":{"line":64,"column":25},"end":{"line":64,"column":39}}}},"branchMap":{"0":{"loc":{"start":{"line":10,"column":2},"end":{"line":13,"column":3}},"type":"if","locations":[{"start":{"line":10,"column":2},"end":{"line":13,"column":3}},{"start":{},"end":{}}]},"1":{"loc":{"start":{"line":11,"column":16},"end":{"line":11,"column":76}},"type":"cond-expr","locations":[{"start":{"line":11,"column":46},"end":{"line":11,"column":61}},{"start":{"line":11,"column":64},"end":{"line":11,"column":76}}]},"2":{"loc":{"start":{"line":16,"column":2},"end":{"line":18,"column":3}},"type":"if","locations":[{"start":{"line":16,"column":2},"end":{"line":18,"column":3}},{"start":{},"end":{}}]},"3":{"loc":{"start":{"line":17,"column":11},"end":{"line":17,"column":53}},"type":"cond-expr","locations":[{"start":{"line":17,"column":35},"end":{"line":17,"column":44}},{"start":{"line":17,"column":47},"end":{"line":17,"column":53}}]},"4":{"loc":{"start":{"line":20,"column":9},"end":{"line":20,"column":28}},"type":"binary-expr","locations":[{"start":{"line":20,"column":9},"end":{"line":20,"column":15}},{"start":{"line":20,"column":19},"end":{"line":20,"column":28}}]}},"s":{"0":0,"1":0,"2":0,"3":0,"4":0,"5":0,"6":0,"7":0,"8":0,"9":0,"10":0,"11":0,"12":0,"13":0,"14":0,"15":0},"f":{"0":0,"1":0,"2":0,"3":0},"b":{"0":[0,0],"1":[0,0],"2":[0,0],"3":[0,0],"4":[0,0]}}
,"K:\\LETS\\lets-roll-cursor\\backend\\src\\middleware\\validation.ts": {"path":"K:\\LETS\\lets-roll-cursor\\backend\\src\\middleware\\validation.ts","statementMap":{"0":{"start":{"line":8,"column":0},"end":{"line":8,"column":16}},"1":{"start":{"line":2,"column":0},"end":{"line":2,"column":33}},"2":{"start":{"line":13,"column":2},"end":{"line":37,"column":null}},"3":{"start":{"line":14,"column":4},"end":{"line":36,"column":5}},"4":{"start":{"line":15,"column":6},"end":{"line":17,"column":7}},"5":{"start":{"line":16,"column":8},"end":{"line":16,"column":null}},"6":{"start":{"line":18,"column":6},"end":{"line":20,"column":7}},"7":{"start":{"line":19,"column":8},"end":{"line":19,"column":null}},"8":{"start":{"line":21,"column":6},"end":{"line":23,"column":7}},"9":{"start":{"line":22,"column":8},"end":{"line":22,"column":null}},"10":{"start":{"line":24,"column":6},"end":{"line":24,"column":null}},"11":{"start":{"line":26,"column":6},"end":{"line":34,"column":7}},"12":{"start":{"line":27,"column":8},"end":{"line":33,"column":null}},"13":{"start":{"line":29,"column":46},"end":{"line":32,"column":12}},"14":{"start":{"line":35,"column":6},"end":{"line":35,"column":null}}},"fnMap":{"0":{"name":"validate","decl":{"start":{"line":8,"column":16},"end":{"line":8,"column":24}},"loc":{"start":{"line":12,"column":1},"end":{"line":38,"column":1}}},"1":{"name":"(anonymous_1)","decl":{"start":{"line":13,"column":9},"end":{"line":13,"column":14}},"loc":{"start":{"line":13,"column":67},"end":{"line":37,"column":3}}},"2":{"name":"(anonymous_2)","decl":{"start":{"line":29,"column":36},"end":{"line":29,"column":37}},"loc":{"start":{"line":29,"column":46},"end":{"line":32,"column":12}}}},"branchMap":{"0":{"loc":{"start":{"line":15,"column":6},"end":{"line":17,"column":7}},"type":"if","locations":[{"start":{"line":15,"column":6},"end":{"line":17,"column":7}},{"start":{},"end":{}}]},"1":{"loc":{"start":{"line":18,"column":6},"end":{"line":20,"column":7}},"type":"if","locations":[{"start":{"line":18,"column":6},"end":{"line":20,"column":7}},{"start":{},"end":{}}]},"2":{"loc":{"start":{"line":21,"column":6},"end":{"line":23,"column":7}},"type":"if","locations":[{"start":{"line":21,"column":6},"end":{"line":23,"column":7}},{"start":{},"end":{}}]},"3":{"loc":{"start":{"line":26,"column":6},"end":{"line":34,"column":7}},"type":"if","locations":[{"start":{"line":26,"column":6},"end":{"line":34,"column":7}},{"start":{},"end":{}}]}},"s":{"0":0,"1":0,"2":0,"3":0,"4":0,"5":0,"6":0,"7":0,"8":0,"9":0,"10":0,"11":0,"12":0,"13":0,"14":0},"f":{"0":0,"1":0,"2":0},"b":{"0":[0,0],"1":[0,0],"2":[0,0],"3":[0,0]}}
,"K:\\LETS\\lets-roll-cursor\\backend\\src\\middleware\\schemas\\abilitySchemas.ts": {"path":"K:\\LETS\\lets-roll-cursor\\backend\\src\\middleware\\schemas\\abilitySchemas.ts","statementMap":{"0":{"start":{"line":1,"column":0},"end":{"line":1,"column":23}},"1":{"start":{"line":6,"column":13},"end":{"line":14,"column":null}},"2":{"start":{"line":19,"column":13},"end":{"line":19,"column":null}},"3":{"start":{"line":24,"column":13},"end":{"line":29,"column":null}}},"fnMap":{},"branchMap":{},"s":{"0":0,"1":0,"2":0,"3":0},"f":{},"b":{}}
,"K:\\LETS\\lets-roll-cursor\\backend\\src\\middleware\\schemas\\campaignSchemas.ts": {"path":"K:\\LETS\\lets-roll-cursor\\backend\\src\\middleware\\schemas\\campaignSchemas.ts","statementMap":{"0":{"start":{"line":1,"column":0},"end":{"line":1,"column":23}},"1":{"start":{"line":6,"column":13},"end":{"line":12,"column":null}},"2":{"start":{"line":17,"column":13},"end":{"line":17,"column":null}},"3":{"start":{"line":22,"column":13},"end":{"line":26,"column":null}}},"fnMap":{},"branchMap":{},"s":{"0":0,"1":0,"2":0,"3":0},"f":{},"b":{}}
,"K:\\LETS\\lets-roll-cursor\\backend\\src\\middleware\\schemas\\characterSchemas.ts": {"path":"K:\\LETS\\lets-roll-cursor\\backend\\src\\middleware\\schemas\\characterSchemas.ts","statementMap":{"0":{"start":{"line":1,"column":0},"end":{"line":1,"column":23}},"1":{"start":{"line":6,"column":13},"end":{"line":11,"column":null}},"2":{"start":{"line":16,"column":13},"end":{"line":46,"column":null}},"3":{"start":{"line":51,"column":13},"end":{"line":51,"column":null}}},"fnMap":{},"branchMap":{},"s":{"0":0,"1":0,"2":0,"3":0},"f":{},"b":{}}
,"K:\\LETS\\lets-roll-cursor\\backend\\src\\middleware\\schemas\\chatSchemas.ts": {"path":"K:\\LETS\\lets-roll-cursor\\backend\\src\\middleware\\schemas\\chatSchemas.ts","statementMap":{"0":{"start":{"line":1,"column":0},"end":{"line":1,"column":23}},"1":{"start":{"line":6,"column":13},"end":{"line":13,"column":null}},"2":{"start":{"line":18,"column":13},"end":{"line":24,"column":null}}},"fnMap":{},"branchMap":{},"s":{"0":0,"1":0,"2":0},"f":{},"b":{}}
,"K:\\LETS\\lets-roll-cursor\\backend\\src\\middleware\\schemas\\creatureSchemas.ts": {"path":"K:\\LETS\\lets-roll-cursor\\backend\\src\\middleware\\schemas\\creatureSchemas.ts","statementMap":{"0":{"start":{"line":1,"column":0},"end":{"line":1,"column":23}},"1":{"start":{"line":6,"column":13},"end":{"line":14,"column":null}},"2":{"start":{"line":19,"column":13},"end":{"line":19,"column":null}},"3":{"start":{"line":24,"column":13},"end":{"line":29,"column":null}}},"fnMap":{},"branchMap":{},"s":{"0":0,"1":0,"2":0,"3":0},"f":{},"b":{}}
,"K:\\LETS\\lets-roll-cursor\\backend\\src\\middleware\\schemas\\diceSchemas.ts": {"path":"K:\\LETS\\lets-roll-cursor\\backend\\src\\middleware\\schemas\\diceSchemas.ts","statementMap":{"0":{"start":{"line":1,"column":0},"end":{"line":1,"column":23}},"1":{"start":{"line":6,"column":13},"end":{"line":14,"column":null}},"2":{"start":{"line":19,"column":13},"end":{"line":27,"column":null}},"3":{"start":{"line":32,"column":13},"end":{"line":40,"column":null}}},"fnMap":{},"branchMap":{},"s":{"0":0,"1":0,"2":0,"3":0},"f":{},"b":{}}
,"K:\\LETS\\lets-roll-cursor\\backend\\src\\middleware\\schemas\\itemSchemas.ts": {"path":"K:\\LETS\\lets-roll-cursor\\backend\\src\\middleware\\schemas\\itemSchemas.ts","statementMap":{"0":{"start":{"line":1,"column":0},"end":{"line":1,"column":23}},"1":{"start":{"line":6,"column":13},"end":{"line":14,"column":null}},"2":{"start":{"line":19,"column":13},"end":{"line":19,"column":null}},"3":{"start":{"line":24,"column":13},"end":{"line":29,"column":null}}},"fnMap":{},"branchMap":{},"s":{"0":0,"1":0,"2":0,"3":0},"f":{},"b":{}}
,"K:\\LETS\\lets-roll-cursor\\backend\\src\\middleware\\schemas\\momentSchemas.ts": {"path":"K:\\LETS\\lets-roll-cursor\\backend\\src\\middleware\\schemas\\momentSchemas.ts","statementMap":{"0":{"start":{"line":1,"column":0},"end":{"line":1,"column":23}},"1":{"start":{"line":6,"column":13},"end":{"line":13,"column":null}},"2":{"start":{"line":18,"column":13},"end":{"line":24,"column":null}}},"fnMap":{},"branchMap":{},"s":{"0":0,"1":0,"2":0},"f":{},"b":{}}
,"K:\\LETS\\lets-roll-cursor\\backend\\src\\middleware\\schemas\\sessionSchemas.ts": {"path":"K:\\LETS\\lets-roll-cursor\\backend\\src\\middleware\\schemas\\sessionSchemas.ts","statementMap":{"0":{"start":{"line":1,"column":0},"end":{"line":1,"column":23}},"1":{"start":{"line":6,"column":13},"end":{"line":10,"column":null}},"2":{"start":{"line":15,"column":13},"end":{"line":18,"column":null}},"3":{"start":{"line":23,"column":13},"end":{"line":27,"column":null}}},"fnMap":{},"branchMap":{},"s":{"0":0,"1":0,"2":0,"3":0},"f":{},"b":{}}
,"K:\\LETS\\lets-roll-cursor\\backend\\src\\routes\\abilities.ts": {"path":"K:\\LETS\\lets-roll-cursor\\backend\\src\\routes\\abilities.ts","statementMap":{"0":{"start":{"line":1,"column":0},"end":{"line":1,"column":51}},"1":{"start":{"line":2,"column":0},"end":{"line":2,"column":54}},"2":{"start":{"line":3,"column":0},"end":{"line":3,"column":51}},"3":{"start":{"line":4,"column":0},"end":{"line":4,"column":116}},"4":{"start":{"line":5,"column":0},"end":{"line":5,"column":59}},"5":{"start":{"line":11,"column":13},"end":{"line":11,"column":null}},"6":{"start":{"line":13,"column":0},"end":{"line":13,"column":null}},"7":{"start":{"line":15,"column":0},"end":{"line":27,"column":null}},"8":{"start":{"line":19,"column":4},"end":{"line":25,"column":5}},"9":{"start":{"line":20,"column":21},"end":{"line":20,"column":145}},"10":{"start":{"line":21,"column":6},"end":{"line":21,"column":null}},"11":{"start":{"line":23,"column":18},"end":{"line":23,"column":35}},"12":{"start":{"line":24,"column":6},"end":{"line":24,"column":null}},"13":{"start":{"line":29,"column":0},"end":{"line":45,"column":null}},"14":{"start":{"line":33,"column":4},"end":{"line":43,"column":5}},"15":{"start":{"line":34,"column":21},"end":{"line":34,"column":33}},"16":{"start":{"line":35,"column":6},"end":{"line":37,"column":7}},"17":{"start":{"line":36,"column":8},"end":{"line":36,"column":null}},"18":{"start":{"line":38,"column":22},"end":{"line":38,"column":74}},"19":{"start":{"line":39,"column":6},"end":{"line":39,"column":null}},"20":{"start":{"line":41,"column":18},"end":{"line":41,"column":35}},"21":{"start":{"line":42,"column":6},"end":{"line":42,"column":null}},"22":{"start":{"line":47,"column":0},"end":{"line":54,"column":null}},"23":{"start":{"line":48,"column":2},"end":{"line":53,"column":3}},"24":{"start":{"line":49,"column":20},"end":{"line":49,"column":70}},"25":{"start":{"line":50,"column":4},"end":{"line":50,"column":null}},"26":{"start":{"line":52,"column":4},"end":{"line":52,"column":null}},"27":{"start":{"line":56,"column":0},"end":{"line":68,"column":null}},"28":{"start":{"line":60,"column":4},"end":{"line":66,"column":5}},"29":{"start":{"line":61,"column":22},"end":{"line":61,"column":81}},"30":{"start":{"line":62,"column":6},"end":{"line":62,"column":null}},"31":{"start":{"line":64,"column":18},"end":{"line":64,"column":35}},"32":{"start":{"line":65,"column":6},"end":{"line":65,"column":null}},"33":{"start":{"line":70,"column":0},"end":{"line":77,"column":null}},"34":{"start":{"line":71,"column":2},"end":{"line":76,"column":3}},"35":{"start":{"line":72,"column":4},"end":{"line":72,"column":null}},"36":{"start":{"line":73,"column":4},"end":{"line":73,"column":null}},"37":{"start":{"line":75,"column":4},"end":{"line":75,"column":null}}},"fnMap":{"0":{"name":"(anonymous_0)","decl":{"start":{"line":18,"column":2},"end":{"line":18,"column":7}},"loc":{"start":{"line":18,"column":40},"end":{"line":26,"column":3}}},"1":{"name":"(anonymous_1)","decl":{"start":{"line":32,"column":2},"end":{"line":32,"column":7}},"loc":{"start":{"line":32,"column":40},"end":{"line":44,"column":3}}},"2":{"name":"(anonymous_2)","decl":{"start":{"line":47,"column":28},"end":{"line":47,"column":33}},"loc":{"start":{"line":47,"column":66},"end":{"line":54,"column":1}}},"3":{"name":"(anonymous_3)","decl":{"start":{"line":59,"column":2},"end":{"line":59,"column":7}},"loc":{"start":{"line":59,"column":40},"end":{"line":67,"column":3}}},"4":{"name":"(anonymous_4)","decl":{"start":{"line":70,"column":31},"end":{"line":70,"column":36}},"loc":{"start":{"line":70,"column":69},"end":{"line":77,"column":1}}}},"branchMap":{"0":{"loc":{"start":{"line":24,"column":36},"end":{"line":24,"column":70}},"type":"binary-expr","locations":[{"start":{"line":24,"column":36},"end":{"line":24,"column":47}},{"start":{"line":24,"column":51},"end":{"line":24,"column":70}}]},"1":{"loc":{"start":{"line":35,"column":6},"end":{"line":37,"column":7}},"type":"if","locations":[{"start":{"line":35,"column":6},"end":{"line":37,"column":7}},{"start":{},"end":{}}]},"2":{"loc":{"start":{"line":42,"column":36},"end":{"line":42,"column":70}},"type":"binary-expr","locations":[{"start":{"line":42,"column":36},"end":{"line":42,"column":47}},{"start":{"line":42,"column":51},"end":{"line":42,"column":70}}]},"3":{"loc":{"start":{"line":65,"column":36},"end":{"line":65,"column":70}},"type":"binary-expr","locations":[{"start":{"line":65,"column":36},"end":{"line":65,"column":47}},{"start":{"line":65,"column":51},"end":{"line":65,"column":70}}]}},"s":{"0":0,"1":0,"2":0,"3":0,"4":0,"5":0,"6":0,"7":0,"8":0,"9":0,"10":0,"11":0,"12":0,"13":0,"14":0,"15":0,"16":0,"17":0,"18":0,"19":0,"20":0,"21":0,"22":0,"23":0,"24":0,"25":0,"26":0,"27":0,"28":0,"29":0,"30":0,"31":0,"32":0,"33":0,"34":0,"35":0,"36":0,"37":0},"f":{"0":0,"1":0,"2":0,"3":0,"4":0},"b":{"0":[0,0],"1":[0,0],"2":[0,0],"3":[0,0]}}
,"K:\\LETS\\lets-roll-cursor\\backend\\src\\routes\\auth.ts": {"path":"K:\\LETS\\lets-roll-cursor\\backend\\src\\routes\\auth.ts","statementMap":{"0":{"start":{"line":1,"column":0},"end":{"line":1,"column":32}},"1":{"start":{"line":8,"column":13},"end":{"line":8,"column":null}},"2":{"start":{"line":10,"column":0},"end":{"line":12,"column":null}},"3":{"start":{"line":11,"column":2},"end":{"line":11,"column":null}}},"fnMap":{"0":{"name":"(anonymous_0)","decl":{"start":{"line":10,"column":22},"end":{"line":10,"column":23}},"loc":{"start":{"line":10,"column":35},"end":{"line":12,"column":1}}}},"branchMap":{},"s":{"0":0,"1":0,"2":0,"3":0},"f":{"0":0},"b":{}}
,"K:\\LETS\\lets-roll-cursor\\backend\\src\\routes\\campaigns.ts": {"path":"K:\\LETS\\lets-roll-cursor\\backend\\src\\routes\\campaigns.ts","statementMap":{"0":{"start":{"line":1,"column":0},"end":{"line":1,"column":51}},"1":{"start":{"line":2,"column":0},"end":{"line":2,"column":27}},"2":{"start":{"line":3,"column":0},"end":{"line":3,"column":54}},"3":{"start":{"line":4,"column":0},"end":{"line":4,"column":61}},"4":{"start":{"line":12,"column":13},"end":{"line":12,"column":null}},"5":{"start":{"line":14,"column":0},"end":{"line":14,"column":null}},"6":{"start":{"line":17,"column":15},"end":{"line":30,"column":2}},"7":{"start":{"line":24,"column":4},"end":{"line":28,"column":5}},"8":{"start":{"line":25,"column":6},"end":{"line":25,"column":null}},"9":{"start":{"line":27,"column":6},"end":{"line":27,"column":null}},"10":{"start":{"line":33,"column":0},"end":{"line":45,"column":null}},"11":{"start":{"line":34,"column":2},"end":{"line":44,"column":5}},"12":{"start":{"line":35,"column":19},"end":{"line":35,"column":31}},"13":{"start":{"line":36,"column":4},"end":{"line":38,"column":5}},"14":{"start":{"line":37,"column":6},"end":{"line":37,"column":null}},"15":{"start":{"line":39,"column":22},"end":{"line":39,"column":68}},"16":{"start":{"line":40,"column":4},"end":{"line":40,"column":null}},"17":{"start":{"line":42,"column":18},"end":{"line":42,"column":35}},"18":{"start":{"line":43,"column":6},"end":{"line":43,"column":null}},"19":{"start":{"line":48,"column":0},"end":{"line":137,"column":null}},"20":{"start":{"line":49,"column":2},"end":{"line":61,"column":null}},"21":{"start":{"line":50,"column":4},"end":{"line":59,"column":5}},"22":{"start":{"line":52,"column":6},"end":{"line":54,"column":7}},"23":{"start":{"line":53,"column":8},"end":{"line":53,"column":null}},"24":{"start":{"line":55,"column":6},"end":{"line":57,"column":7}},"25":{"start":{"line":56,"column":8},"end":{"line":56,"column":null}},"26":{"start":{"line":58,"column":6},"end":{"line":58,"column":null}},"27":{"start":{"line":60,"column":4},"end":{"line":60,"column":null}},"28":{"start":{"line":63,"column":2},"end":{"line":136,"column":3}},"29":{"start":{"line":64,"column":19},"end":{"line":64,"column":31}},"30":{"start":{"line":65,"column":4},"end":{"line":67,"column":5}},"31":{"start":{"line":66,"column":6},"end":{"line":66,"column":null}},"32":{"start":{"line":70,"column":17},"end":{"line":70,"column":19}},"33":{"start":{"line":71,"column":4},"end":{"line":80,"column":5}},"34":{"start":{"line":72,"column":6},"end":{"line":79,"column":7}},"35":{"start":{"line":73,"column":8},"end":{"line":75,"column":null}},"36":{"start":{"line":77,"column":8},"end":{"line":77,"column":null}},"37":{"start":{"line":78,"column":8},"end":{"line":78,"column":null}},"38":{"start":{"line":83,"column":25},"end":{"line":83,"column":27}},"39":{"start":{"line":84,"column":4},"end":{"line":95,"column":5}},"40":{"start":{"line":85,"column":6},"end":{"line":94,"column":7}},"41":{"start":{"line":86,"column":8},"end":{"line":90,"column":null}},"42":{"start":{"line":92,"column":8},"end":{"line":92,"column":null}},"43":{"start":{"line":93,"column":8},"end":{"line":93,"column":null}},"44":{"start":{"line":98,"column":25},"end":{"line":98,"column":56}},"45":{"start":{"line":99,"column":4},"end":{"line":101,"column":5}},"46":{"start":{"line":100,"column":6},"end":{"line":100,"column":null}},"47":{"start":{"line":103,"column":4},"end":{"line":105,"column":5}},"48":{"start":{"line":104,"column":6},"end":{"line":104,"column":null}},"49":{"start":{"line":107,"column":25},"end":{"line":117,"column":null}},"50":{"start":{"line":119,"column":21},"end":{"line":123,"column":null}},"51":{"start":{"line":125,"column":4},"end":{"line":125,"column":null}},"52":{"start":{"line":127,"column":4},"end":{"line":127,"column":null}},"53":{"start":{"line":128,"column":16},"end":{"line":128,"column":33}},"54":{"start":{"line":131,"column":4},"end":{"line":133,"column":5}},"55":{"start":{"line":132,"column":6},"end":{"line":132,"column":null}},"56":{"start":{"line":135,"column":4},"end":{"line":135,"column":null}},"57":{"start":{"line":140,"column":0},"end":{"line":148,"column":null}},"58":{"start":{"line":141,"column":2},"end":{"line":147,"column":5}},"59":{"start":{"line":142,"column":21},"end":{"line":142,"column":73}},"60":{"start":{"line":143,"column":4},"end":{"line":143,"column":null}},"61":{"start":{"line":145,"column":18},"end":{"line":145,"column":35}},"62":{"start":{"line":146,"column":6},"end":{"line":146,"column":null}},"63":{"start":{"line":151,"column":0},"end":{"line":179,"column":null}},"64":{"start":{"line":152,"column":2},"end":{"line":178,"column":5}},"65":{"start":{"line":153,"column":19},"end":{"line":153,"column":31}},"66":{"start":{"line":154,"column":4},"end":{"line":156,"column":5}},"67":{"start":{"line":155,"column":6},"end":{"line":155,"column":null}},"68":{"start":{"line":157,"column":23},"end":{"line":157,"column":36}},"69":{"start":{"line":159,"column":48},"end":{"line":164,"column":null}},"70":{"start":{"line":166,"column":4},"end":{"line":171,"column":5}},"71":{"start":{"line":167,"column":6},"end":{"line":170,"column":null}},"72":{"start":{"line":173,"column":21},"end":{"line":173,"column":89}},"73":{"start":{"line":174,"column":4},"end":{"line":174,"column":null}},"74":{"start":{"line":176,"column":18},"end":{"line":176,"column":35}},"75":{"start":{"line":177,"column":6},"end":{"line":177,"column":null}},"76":{"start":{"line":182,"column":0},"end":{"line":194,"column":null}},"77":{"start":{"line":183,"column":2},"end":{"line":193,"column":5}},"78":{"start":{"line":184,"column":19},"end":{"line":184,"column":31}},"79":{"start":{"line":185,"column":4},"end":{"line":187,"column":5}},"80":{"start":{"line":186,"column":6},"end":{"line":186,"column":null}},"81":{"start":{"line":188,"column":4},"end":{"line":188,"column":null}},"82":{"start":{"line":189,"column":4},"end":{"line":189,"column":null}},"83":{"start":{"line":191,"column":18},"end":{"line":191,"column":35}},"84":{"start":{"line":192,"column":6},"end":{"line":192,"column":null}},"85":{"start":{"line":198,"column":0},"end":{"line":217,"column":null}},"86":{"start":{"line":199,"column":2},"end":{"line":216,"column":3}},"87":{"start":{"line":200,"column":21},"end":{"line":200,"column":29}},"88":{"start":{"line":201,"column":4},"end":{"line":203,"column":5}},"89":{"start":{"line":202,"column":6},"end":{"line":202,"column":null}},"90":{"start":{"line":205,"column":23},"end":{"line":205,"column":95}},"91":{"start":{"line":206,"column":4},"end":{"line":208,"column":5}},"92":{"start":{"line":207,"column":6},"end":{"line":207,"column":null}},"93":{"start":{"line":210,"column":28},"end":{"line":210,"column":67}},"94":{"start":{"line":211,"column":4},"end":{"line":211,"column":null}},"95":{"start":{"line":213,"column":4},"end":{"line":213,"column":null}},"96":{"start":{"line":215,"column":4},"end":{"line":215,"column":null}},"97":{"start":{"line":219,"column":0},"end":{"line":237,"column":null}},"98":{"start":{"line":220,"column":2},"end":{"line":236,"column":5}},"99":{"start":{"line":221,"column":19},"end":{"line":221,"column":31}},"100":{"start":{"line":222,"column":4},"end":{"line":224,"column":5}},"101":{"start":{"line":223,"column":6},"end":{"line":223,"column":null}},"102":{"start":{"line":225,"column":22},"end":{"line":225,"column":30}},"103":{"start":{"line":227,"column":4},"end":{"line":229,"column":5}},"104":{"start":{"line":228,"column":6},"end":{"line":228,"column":null}},"105":{"start":{"line":231,"column":19},"end":{"line":231,"column":83}},"106":{"start":{"line":232,"column":4},"end":{"line":232,"column":null}},"107":{"start":{"line":234,"column":18},"end":{"line":234,"column":35}},"108":{"start":{"line":235,"column":6},"end":{"line":235,"column":null}}},"fnMap":{"0":{"name":"(anonymous_10)","decl":{"start":{"line":22,"column":14},"end":{"line":22,"column":15}},"loc":{"start":{"line":22,"column":32},"end":{"line":29,"column":3}}},"1":{"name":"(anonymous_11)","decl":{"start":{"line":33,"column":25},"end":{"line":33,"column":30}},"loc":{"start":{"line":33,"column":63},"end":{"line":45,"column":1}}},"2":{"name":"(anonymous_12)","decl":{"start":{"line":48,"column":26},"end":{"line":48,"column":27}},"loc":{"start":{"line":48,"column":45},"end":{"line":62,"column":1}}},"3":{"name":"(anonymous_13)","decl":{"start":{"line":49,"column":35},"end":{"line":49,"column":36}},"loc":{"start":{"line":49,"column":43},"end":{"line":61,"column":3}}},"4":{"name":"(anonymous_14)","decl":{"start":{"line":62,"column":3},"end":{"line":62,"column":8}},"loc":{"start":{"line":62,"column":41},"end":{"line":137,"column":1}}},"5":{"name":"(anonymous_15)","decl":{"start":{"line":140,"column":28},"end":{"line":140,"column":33}},"loc":{"start":{"line":140,"column":66},"end":{"line":148,"column":1}}},"6":{"name":"(anonymous_16)","decl":{"start":{"line":151,"column":52},"end":{"line":151,"column":57}},"loc":{"start":{"line":151,"column":90},"end":{"line":179,"column":1}}},"7":{"name":"(anonymous_17)","decl":{"start":{"line":182,"column":31},"end":{"line":182,"column":36}},"loc":{"start":{"line":182,"column":69},"end":{"line":194,"column":1}}},"8":{"name":"(anonymous_18)","decl":{"start":{"line":198,"column":33},"end":{"line":198,"column":38}},"loc":{"start":{"line":198,"column":71},"end":{"line":217,"column":1}}},"9":{"name":"(anonymous_19)","decl":{"start":{"line":210,"column":28},"end":{"line":210,"column":41}},"loc":{"start":{"line":210,"column":28},"end":{"line":210,"column":67}}},"10":{"name":"(anonymous_20)","decl":{"start":{"line":219,"column":36},"end":{"line":219,"column":41}},"loc":{"start":{"line":219,"column":74},"end":{"line":237,"column":1}}}},"branchMap":{"0":{"loc":{"start":{"line":24,"column":4},"end":{"line":28,"column":5}},"type":"if","locations":[{"start":{"line":24,"column":4},"end":{"line":28,"column":5}},{"start":{"line":26,"column":11},"end":{"line":28,"column":5}}]},"1":{"loc":{"start":{"line":36,"column":4},"end":{"line":38,"column":5}},"type":"if","locations":[{"start":{"line":36,"column":4},"end":{"line":38,"column":5}},{"start":{},"end":{}}]},"2":{"loc":{"start":{"line":43,"column":36},"end":{"line":43,"column":70}},"type":"binary-expr","locations":[{"start":{"line":43,"column":36},"end":{"line":43,"column":47}},{"start":{"line":43,"column":51},"end":{"line":43,"column":70}}]},"3":{"loc":{"start":{"line":50,"column":4},"end":{"line":59,"column":5}},"type":"if","locations":[{"start":{"line":50,"column":4},"end":{"line":59,"column":5}},{"start":{},"end":{}}]},"4":{"loc":{"start":{"line":52,"column":6},"end":{"line":54,"column":7}},"type":"if","locations":[{"start":{"line":52,"column":6},"end":{"line":54,"column":7}},{"start":{},"end":{}}]},"5":{"loc":{"start":{"line":55,"column":6},"end":{"line":57,"column":7}},"type":"if","locations":[{"start":{"line":55,"column":6},"end":{"line":57,"column":7}},{"start":{},"end":{}}]},"6":{"loc":{"start":{"line":65,"column":4},"end":{"line":67,"column":5}},"type":"if","locations":[{"start":{"line":65,"column":4},"end":{"line":67,"column":5}},{"start":{},"end":{}}]},"7":{"loc":{"start":{"line":71,"column":4},"end":{"line":80,"column":5}},"type":"if","locations":[{"start":{"line":71,"column":4},"end":{"line":80,"column":5}},{"start":{},"end":{}}]},"8":{"loc":{"start":{"line":73,"column":17},"end":{"line":75,"column":27}},"type":"cond-expr","locations":[{"start":{"line":74,"column":12},"end":{"line":74,"column":39}},{"start":{"line":75,"column":12},"end":{"line":75,"column":27}}]},"9":{"loc":{"start":{"line":84,"column":4},"end":{"line":95,"column":5}},"type":"if","locations":[{"start":{"line":84,"column":4},"end":{"line":95,"column":5}},{"start":{},"end":{}}]},"10":{"loc":{"start":{"line":86,"column":15},"end":{"line":90,"column":16}},"type":"cond-expr","locations":[{"start":{"line":87,"column":12},"end":{"line":87,"column":37}},{"start":{"line":88,"column":12},"end":{"line":90,"column":16}}]},"11":{"loc":{"start":{"line":88,"column":12},"end":{"line":90,"column":16}},"type":"cond-expr","locations":[{"start":{"line":89,"column":14},"end":{"line":89,"column":27}},{"start":{"line":90,"column":14},"end":{"line":90,"column":16}}]},"12":{"loc":{"start":{"line":98,"column":25},"end":{"line":98,"column":56}},"type":"binary-expr","locations":[{"start":{"line":98,"column":25},"end":{"line":98,"column":39}},{"start":{"line":98,"column":43},"end":{"line":98,"column":56}}]},"13":{"loc":{"start":{"line":99,"column":4},"end":{"line":101,"column":5}},"type":"if","locations":[{"start":{"line":99,"column":4},"end":{"line":101,"column":5}},{"start":{},"end":{}}]},"14":{"loc":{"start":{"line":99,"column":8},"end":{"line":99,"column":57}},"type":"binary-expr","locations":[{"start":{"line":99,"column":8},"end":{"line":99,"column":21}},{"start":{"line":99,"column":25},"end":{"line":99,"column":57}}]},"15":{"loc":{"start":{"line":103,"column":4},"end":{"line":105,"column":5}},"type":"if","locations":[{"start":{"line":103,"column":4},"end":{"line":105,"column":5}},{"start":{},"end":{}}]},"16":{"loc":{"start":{"line":109,"column":19},"end":{"line":109,"column":45}},"type":"binary-expr","locations":[{"start":{"line":109,"column":19},"end":{"line":109,"column":39}},{"start":{"line":109,"column":43},"end":{"line":109,"column":45}}]},"17":{"loc":{"start":{"line":110,"column":17},"end":{"line":110,"column":43}},"type":"binary-expr","locations":[{"start":{"line":110,"column":17},"end":{"line":110,"column":35}},{"start":{"line":110,"column":39},"end":{"line":110,"column":43}}]},"18":{"loc":{"start":{"line":112,"column":13},"end":{"line":115,"column":19}},"type":"cond-expr","locations":[{"start":{"line":112,"column":24},"end":{"line":115,"column":8}},{"start":{"line":115,"column":10},"end":{"line":115,"column":19}}]},"19":{"loc":{"start":{"line":131,"column":4},"end":{"line":133,"column":5}},"type":"if","locations":[{"start":{"line":131,"column":4},"end":{"line":133,"column":5}},{"start":{},"end":{}}]},"20":{"loc":{"start":{"line":131,"column":8},"end":{"line":131,"column":116}},"type":"binary-expr","locations":[{"start":{"line":131,"column":8},"end":{"line":131,"column":41}},{"start":{"line":131,"column":45},"end":{"line":131,"column":80}},{"start":{"line":131,"column":84},"end":{"line":131,"column":116}}]},"21":{"loc":{"start":{"line":132,"column":43},"end":{"line":132,"column":75}},"type":"binary-expr","locations":[{"start":{"line":132,"column":43},"end":{"line":132,"column":54}},{"start":{"line":132,"column":58},"end":{"line":132,"column":75}}]},"22":{"loc":{"start":{"line":135,"column":34},"end":{"line":135,"column":68}},"type":"binary-expr","locations":[{"start":{"line":135,"column":34},"end":{"line":135,"column":45}},{"start":{"line":135,"column":49},"end":{"line":135,"column":68}}]},"23":{"loc":{"start":{"line":146,"column":36},"end":{"line":146,"column":70}},"type":"binary-expr","locations":[{"start":{"line":146,"column":36},"end":{"line":146,"column":47}},{"start":{"line":146,"column":51},"end":{"line":146,"column":70}}]},"24":{"loc":{"start":{"line":154,"column":4},"end":{"line":156,"column":5}},"type":"if","locations":[{"start":{"line":154,"column":4},"end":{"line":156,"column":5}},{"start":{},"end":{}}]},"25":{"loc":{"start":{"line":160,"column":12},"end":{"line":160,"column":43}},"type":"binary-expr","locations":[{"start":{"line":160,"column":12},"end":{"line":160,"column":26}},{"start":{"line":160,"column":30},"end":{"line":160,"column":43}}]},"26":{"loc":{"start":{"line":163,"column":12},"end":{"line":163,"column":65}},"type":"cond-expr","locations":[{"start":{"line":163,"column":28},"end":{"line":163,"column":53}},{"start":{"line":163,"column":56},"end":{"line":163,"column":65}}]},"27":{"loc":{"start":{"line":166,"column":4},"end":{"line":171,"column":5}},"type":"if","locations":[{"start":{"line":166,"column":4},"end":{"line":171,"column":5}},{"start":{},"end":{}}]},"28":{"loc":{"start":{"line":177,"column":36},"end":{"line":177,"column":70}},"type":"binary-expr","locations":[{"start":{"line":177,"column":36},"end":{"line":177,"column":47}},{"start":{"line":177,"column":51},"end":{"line":177,"column":70}}]},"29":{"loc":{"start":{"line":185,"column":4},"end":{"line":187,"column":5}},"type":"if","locations":[{"start":{"line":185,"column":4},"end":{"line":187,"column":5}},{"start":{},"end":{}}]},"30":{"loc":{"start":{"line":192,"column":36},"end":{"line":192,"column":70}},"type":"binary-expr","locations":[{"start":{"line":192,"column":36},"end":{"line":192,"column":47}},{"start":{"line":192,"column":51},"end":{"line":192,"column":70}}]},"31":{"loc":{"start":{"line":201,"column":4},"end":{"line":203,"column":5}},"type":"if","locations":[{"start":{"line":201,"column":4},"end":{"line":203,"column":5}},{"start":{},"end":{}}]},"32":{"loc":{"start":{"line":206,"column":4},"end":{"line":208,"column":5}},"type":"if","locations":[{"start":{"line":206,"column":4},"end":{"line":208,"column":5}},{"start":{},"end":{}}]},"33":{"loc":{"start":{"line":222,"column":4},"end":{"line":224,"column":5}},"type":"if","locations":[{"start":{"line":222,"column":4},"end":{"line":224,"column":5}},{"start":{},"end":{}}]},"34":{"loc":{"start":{"line":227,"column":4},"end":{"line":229,"column":5}},"type":"if","locations":[{"start":{"line":227,"column":4},"end":{"line":229,"column":5}},{"start":{},"end":{}}]},"35":{"loc":{"start":{"line":235,"column":36},"end":{"line":235,"column":70}},"type":"binary-expr","locations":[{"start":{"line":235,"column":36},"end":{"line":235,"column":47}},{"start":{"line":235,"column":51},"end":{"line":235,"column":70}}]}},"s":{"0":0,"1":0,"2":0,"3":0,"4":0,"5":0,"6":0,"7":0,"8":0,"9":0,"10":0,"11":0,"12":0,"13":0,"14":0,"15":0,"16":0,"17":0,"18":0,"19":0,"20":0,"21":0,"22":0,"23":0,"24":0,"25":0,"26":0,"27":0,"28":0,"29":0,"30":0,"31":0,"32":0,"33":0,"34":0,"35":0,"36":0,"37":0,"38":0,"39":0,"40":0,"41":0,"42":0,"43":0,"44":0,"45":0,"46":0,"47":0,"48":0,"49":0,"50":0,"51":0,"52":0,"53":0,"54":0,"55":0,"56":0,"57":0,"58":0,"59":0,"60":0,"61":0,"62":0,"63":0,"64":0,"65":0,"66":0,"67":0,"68":0,"69":0,"70":0,"71":0,"72":0,"73":0,"74":0,"75":0,"76":0,"77":0,"78":0,"79":0,"80":0,"81":0,"82":0,"83":0,"84":0,"85":0,"86":0,"87":0,"88":0,"89":0,"90":0,"91":0,"92":0,"93":0,"94":0,"95":0,"96":0,"97":0,"98":0,"99":0,"100":0,"101":0,"102":0,"103":0,"104":0,"105":0,"106":0,"107":0,"108":0},"f":{"0":0,"1":0,"2":0,"3":0,"4":0,"5":0,"6":0,"7":0,"8":0,"9":0,"10":0},"b":{"0":[0,0],"1":[0,0],"2":[0,0],"3":[0,0],"4":[0,0],"5":[0,0],"6":[0,0],"7":[0,0],"8":[0,0],"9":[0,0],"10":[0,0],"11":[0,0],"12":[0,0],"13":[0,0],"14":[0,0],"15":[0,0],"16":[0,0],"17":[0,0],"18":[0,0],"19":[0,0],"20":[0,0,0],"21":[0,0],"22":[0,0],"23":[0,0],"24":[0,0],"25":[0,0],"26":[0,0],"27":[0,0],"28":[0,0],"29":[0,0],"30":[0,0],"31":[0,0],"32":[0,0],"33":[0,0],"34":[0,0],"35":[0,0]}}
,"K:\\LETS\\lets-roll-cursor\\backend\\src\\routes\\chat.ts": {"path":"K:\\LETS\\lets-roll-cursor\\backend\\src\\routes\\chat.ts","statementMap":{"0":{"start":{"line":1,"column":0},"end":{"line":1,"column":51}},"1":{"start":{"line":2,"column":0},"end":{"line":2,"column":54}},"2":{"start":{"line":3,"column":0},"end":{"line":3,"column":53}},"3":{"start":{"line":4,"column":0},"end":{"line":4,"column":51}},"4":{"start":{"line":5,"column":0},"end":{"line":5,"column":100}},"5":{"start":{"line":18,"column":13},"end":{"line":18,"column":null}},"6":{"start":{"line":20,"column":0},"end":{"line":20,"column":null}},"7":{"start":{"line":23,"column":0},"end":{"line":41,"column":null}},"8":{"start":{"line":24,"column":2},"end":{"line":40,"column":3}},"9":{"start":{"line":25,"column":45},"end":{"line":25,"column":54}},"10":{"start":{"line":27,"column":4},"end":{"line":29,"column":5}},"11":{"start":{"line":28,"column":6},"end":{"line":28,"column":null}},"12":{"start":{"line":31,"column":21},"end":{"line":34,"column":null}},"13":{"start":{"line":37,"column":4},"end":{"line":37,"column":null}},"14":{"start":{"line":39,"column":4},"end":{"line":39,"column":null}},"15":{"start":{"line":44,"column":0},"end":{"line":71,"column":null}},"16":{"start":{"line":48,"column":4},"end":{"line":69,"column":5}},"17":{"start":{"line":49,"column":21},"end":{"line":49,"column":33}},"18":{"start":{"line":50,"column":6},"end":{"line":52,"column":7}},"19":{"start":{"line":51,"column":8},"end":{"line":51,"column":null}},"20":{"start":{"line":53,"column":77},"end":{"line":53,"column":85}},"21":{"start":{"line":55,"column":22},"end":{"line":63,"column":8}},"22":{"start":{"line":65,"column":6},"end":{"line":65,"column":null}},"23":{"start":{"line":67,"column":18},"end":{"line":67,"column":35}},"24":{"start":{"line":68,"column":6},"end":{"line":68,"column":null}}},"fnMap":{"0":{"name":"(anonymous_0)","decl":{"start":{"line":23,"column":20},"end":{"line":23,"column":25}},"loc":{"start":{"line":23,"column":58},"end":{"line":41,"column":1}}},"1":{"name":"(anonymous_1)","decl":{"start":{"line":47,"column":2},"end":{"line":47,"column":7}},"loc":{"start":{"line":47,"column":40},"end":{"line":70,"column":3}}}},"branchMap":{"0":{"loc":{"start":{"line":27,"column":4},"end":{"line":29,"column":5}},"type":"if","locations":[{"start":{"line":27,"column":4},"end":{"line":29,"column":5}},{"start":{},"end":{}}]},"1":{"loc":{"start":{"line":34,"column":6},"end":{"line":34,"column":49}},"type":"cond-expr","locations":[{"start":{"line":34,"column":14},"end":{"line":34,"column":43}},{"start":{"line":34,"column":46},"end":{"line":34,"column":49}}]},"2":{"loc":{"start":{"line":50,"column":6},"end":{"line":52,"column":7}},"type":"if","locations":[{"start":{"line":50,"column":6},"end":{"line":52,"column":7}},{"start":{},"end":{}}]},"3":{"loc":{"start":{"line":57,"column":19},"end":{"line":57,"column":36}},"type":"binary-expr","locations":[{"start":{"line":57,"column":19},"end":{"line":57,"column":28}},{"start":{"line":57,"column":32},"end":{"line":57,"column":36}}]},"4":{"loc":{"start":{"line":59,"column":21},"end":{"line":59,"column":40}},"type":"binary-expr","locations":[{"start":{"line":59,"column":21},"end":{"line":59,"column":32}},{"start":{"line":59,"column":36},"end":{"line":59,"column":40}}]},"5":{"loc":{"start":{"line":61,"column":14},"end":{"line":61,"column":31}},"type":"binary-expr","locations":[{"start":{"line":61,"column":14},"end":{"line":61,"column":18}},{"start":{"line":61,"column":22},"end":{"line":61,"column":31}}]},"6":{"loc":{"start":{"line":62,"column":17},"end":{"line":62,"column":37}},"type":"binary-expr","locations":[{"start":{"line":62,"column":17},"end":{"line":62,"column":24}},{"start":{"line":62,"column":28},"end":{"line":62,"column":37}}]},"7":{"loc":{"start":{"line":68,"column":36},"end":{"line":68,"column":70}},"type":"binary-expr","locations":[{"start":{"line":68,"column":36},"end":{"line":68,"column":47}},{"start":{"line":68,"column":51},"end":{"line":68,"column":70}}]}},"s":{"0":0,"1":0,"2":0,"3":0,"4":0,"5":0,"6":0,"7":0,"8":0,"9":0,"10":0,"11":0,"12":0,"13":0,"14":0,"15":0,"16":0,"17":0,"18":0,"19":0,"20":0,"21":0,"22":0,"23":0,"24":0},"f":{"0":0,"1":0},"b":{"0":[0,0],"1":[0,0],"2":[0,0],"3":[0,0],"4":[0,0],"5":[0,0],"6":[0,0],"7":[0,0]}}
,"K:\\LETS\\lets-roll-cursor\\backend\\src\\routes\\creatures.ts": {"path":"K:\\LETS\\lets-roll-cursor\\backend\\src\\routes\\creatures.ts","statementMap":{"0":{"start":{"line":1,"column":0},"end":{"line":1,"column":51}},"1":{"start":{"line":2,"column":0},"end":{"line":2,"column":54}},"2":{"start":{"line":3,"column":0},"end":{"line":3,"column":61}},"3":{"start":{"line":4,"column":0},"end":{"line":4,"column":51}},"4":{"start":{"line":5,"column":0},"end":{"line":5,"column":120}},"5":{"start":{"line":11,"column":13},"end":{"line":11,"column":null}},"6":{"start":{"line":13,"column":0},"end":{"line":13,"column":null}},"7":{"start":{"line":15,"column":0},"end":{"line":27,"column":null}},"8":{"start":{"line":19,"column":4},"end":{"line":25,"column":5}},"9":{"start":{"line":20,"column":21},"end":{"line":20,"column":146}},"10":{"start":{"line":21,"column":6},"end":{"line":21,"column":null}},"11":{"start":{"line":23,"column":18},"end":{"line":23,"column":35}},"12":{"start":{"line":24,"column":6},"end":{"line":24,"column":null}},"13":{"start":{"line":29,"column":0},"end":{"line":45,"column":null}},"14":{"start":{"line":33,"column":4},"end":{"line":43,"column":5}},"15":{"start":{"line":34,"column":21},"end":{"line":34,"column":33}},"16":{"start":{"line":35,"column":6},"end":{"line":37,"column":7}},"17":{"start":{"line":36,"column":8},"end":{"line":36,"column":null}},"18":{"start":{"line":38,"column":23},"end":{"line":38,"column":77}},"19":{"start":{"line":39,"column":6},"end":{"line":39,"column":null}},"20":{"start":{"line":41,"column":18},"end":{"line":41,"column":35}},"21":{"start":{"line":42,"column":6},"end":{"line":42,"column":null}},"22":{"start":{"line":48,"column":0},"end":{"line":55,"column":null}},"23":{"start":{"line":49,"column":2},"end":{"line":54,"column":3}},"24":{"start":{"line":50,"column":22},"end":{"line":50,"column":87}},"25":{"start":{"line":51,"column":4},"end":{"line":51,"column":null}},"26":{"start":{"line":53,"column":4},"end":{"line":53,"column":null}},"27":{"start":{"line":57,"column":0},"end":{"line":64,"column":null}},"28":{"start":{"line":58,"column":2},"end":{"line":63,"column":3}},"29":{"start":{"line":59,"column":21},"end":{"line":59,"column":73}},"30":{"start":{"line":60,"column":4},"end":{"line":60,"column":null}},"31":{"start":{"line":62,"column":4},"end":{"line":62,"column":null}},"32":{"start":{"line":66,"column":0},"end":{"line":78,"column":null}},"33":{"start":{"line":70,"column":4},"end":{"line":76,"column":5}},"34":{"start":{"line":71,"column":23},"end":{"line":71,"column":84}},"35":{"start":{"line":72,"column":6},"end":{"line":72,"column":null}},"36":{"start":{"line":74,"column":18},"end":{"line":74,"column":35}},"37":{"start":{"line":75,"column":6},"end":{"line":75,"column":null}},"38":{"start":{"line":80,"column":0},"end":{"line":87,"column":null}},"39":{"start":{"line":81,"column":2},"end":{"line":86,"column":3}},"40":{"start":{"line":82,"column":4},"end":{"line":82,"column":null}},"41":{"start":{"line":83,"column":4},"end":{"line":83,"column":null}},"42":{"start":{"line":85,"column":4},"end":{"line":85,"column":null}}},"fnMap":{"0":{"name":"(anonymous_0)","decl":{"start":{"line":18,"column":2},"end":{"line":18,"column":7}},"loc":{"start":{"line":18,"column":40},"end":{"line":26,"column":3}}},"1":{"name":"(anonymous_1)","decl":{"start":{"line":32,"column":2},"end":{"line":32,"column":7}},"loc":{"start":{"line":32,"column":40},"end":{"line":44,"column":3}}},"2":{"name":"(anonymous_2)","decl":{"start":{"line":48,"column":45},"end":{"line":48,"column":50}},"loc":{"start":{"line":48,"column":83},"end":{"line":55,"column":1}}},"3":{"name":"(anonymous_3)","decl":{"start":{"line":57,"column":28},"end":{"line":57,"column":33}},"loc":{"start":{"line":57,"column":66},"end":{"line":64,"column":1}}},"4":{"name":"(anonymous_4)","decl":{"start":{"line":69,"column":2},"end":{"line":69,"column":7}},"loc":{"start":{"line":69,"column":40},"end":{"line":77,"column":3}}},"5":{"name":"(anonymous_5)","decl":{"start":{"line":80,"column":31},"end":{"line":80,"column":36}},"loc":{"start":{"line":80,"column":69},"end":{"line":87,"column":1}}}},"branchMap":{"0":{"loc":{"start":{"line":24,"column":36},"end":{"line":24,"column":70}},"type":"binary-expr","locations":[{"start":{"line":24,"column":36},"end":{"line":24,"column":47}},{"start":{"line":24,"column":51},"end":{"line":24,"column":70}}]},"1":{"loc":{"start":{"line":35,"column":6},"end":{"line":37,"column":7}},"type":"if","locations":[{"start":{"line":35,"column":6},"end":{"line":37,"column":7}},{"start":{},"end":{}}]},"2":{"loc":{"start":{"line":42,"column":36},"end":{"line":42,"column":70}},"type":"binary-expr","locations":[{"start":{"line":42,"column":36},"end":{"line":42,"column":47}},{"start":{"line":42,"column":51},"end":{"line":42,"column":70}}]},"3":{"loc":{"start":{"line":75,"column":36},"end":{"line":75,"column":70}},"type":"binary-expr","locations":[{"start":{"line":75,"column":36},"end":{"line":75,"column":47}},{"start":{"line":75,"column":51},"end":{"line":75,"column":70}}]}},"s":{"0":0,"1":0,"2":0,"3":0,"4":0,"5":0,"6":0,"7":0,"8":0,"9":0,"10":0,"11":0,"12":0,"13":0,"14":0,"15":0,"16":0,"17":0,"18":0,"19":0,"20":0,"21":0,"22":0,"23":0,"24":0,"25":0,"26":0,"27":0,"28":0,"29":0,"30":0,"31":0,"32":0,"33":0,"34":0,"35":0,"36":0,"37":0,"38":0,"39":0,"40":0,"41":0,"42":0},"f":{"0":0,"1":0,"2":0,"3":0,"4":0,"5":0},"b":{"0":[0,0],"1":[0,0],"2":[0,0],"3":[0,0]}}
,"K:\\LETS\\lets-roll-cursor\\backend\\src\\routes\\dice.ts": {"path":"K:\\LETS\\lets-roll-cursor\\backend\\src\\routes\\dice.ts","statementMap":{"0":{"start":{"line":1,"column":0},"end":{"line":1,"column":51}},"1":{"start":{"line":2,"column":0},"end":{"line":2,"column":54}},"2":{"start":{"line":3,"column":0},"end":{"line":3,"column":53}},"3":{"start":{"line":4,"column":0},"end":{"line":4,"column":51}},"4":{"start":{"line":5,"column":0},"end":{"line":5,"column":66}},"5":{"start":{"line":18,"column":13},"end":{"line":18,"column":null}},"6":{"start":{"line":20,"column":0},"end":{"line":20,"column":null}},"7":{"start":{"line":26,"column":0},"end":{"line":52,"column":null}},"8":{"start":{"line":30,"column":4},"end":{"line":50,"column":5}},"9":{"start":{"line":31,"column":21},"end":{"line":31,"column":33}},"10":{"start":{"line":32,"column":6},"end":{"line":34,"column":7}},"11":{"start":{"line":33,"column":8},"end":{"line":33,"column":null}},"12":{"start":{"line":35,"column":73},"end":{"line":35,"column":81}},"13":{"start":{"line":37,"column":21},"end":{"line":44,"column":8}},"14":{"start":{"line":46,"column":6},"end":{"line":46,"column":null}},"15":{"start":{"line":48,"column":18},"end":{"line":48,"column":35}},"16":{"start":{"line":49,"column":6},"end":{"line":49,"column":null}},"17":{"start":{"line":57,"column":0},"end":{"line":75,"column":null}},"18":{"start":{"line":58,"column":2},"end":{"line":74,"column":3}},"19":{"start":{"line":59,"column":45},"end":{"line":59,"column":54}},"20":{"start":{"line":61,"column":4},"end":{"line":63,"column":5}},"21":{"start":{"line":62,"column":6},"end":{"line":62,"column":null}},"22":{"start":{"line":65,"column":20},"end":{"line":68,"column":null}},"23":{"start":{"line":71,"column":4},"end":{"line":71,"column":null}},"24":{"start":{"line":73,"column":4},"end":{"line":73,"column":null}}},"fnMap":{"0":{"name":"(anonymous_0)","decl":{"start":{"line":29,"column":2},"end":{"line":29,"column":7}},"loc":{"start":{"line":29,"column":40},"end":{"line":51,"column":3}}},"1":{"name":"(anonymous_1)","decl":{"start":{"line":57,"column":27},"end":{"line":57,"column":32}},"loc":{"start":{"line":57,"column":65},"end":{"line":75,"column":1}}}},"branchMap":{"0":{"loc":{"start":{"line":32,"column":6},"end":{"line":34,"column":7}},"type":"if","locations":[{"start":{"line":32,"column":6},"end":{"line":34,"column":7}},{"start":{},"end":{}}]},"1":{"loc":{"start":{"line":41,"column":19},"end":{"line":41,"column":36}},"type":"binary-expr","locations":[{"start":{"line":41,"column":19},"end":{"line":41,"column":28}},{"start":{"line":41,"column":32},"end":{"line":41,"column":36}}]},"2":{"loc":{"start":{"line":42,"column":21},"end":{"line":42,"column":40}},"type":"binary-expr","locations":[{"start":{"line":42,"column":21},"end":{"line":42,"column":32}},{"start":{"line":42,"column":36},"end":{"line":42,"column":40}}]},"3":{"loc":{"start":{"line":43,"column":19},"end":{"line":43,"column":37}},"type":"binary-expr","locations":[{"start":{"line":43,"column":19},"end":{"line":43,"column":28}},{"start":{"line":43,"column":32},"end":{"line":43,"column":37}}]},"4":{"loc":{"start":{"line":49,"column":36},"end":{"line":49,"column":70}},"type":"binary-expr","locations":[{"start":{"line":49,"column":36},"end":{"line":49,"column":47}},{"start":{"line":49,"column":51},"end":{"line":49,"column":70}}]},"5":{"loc":{"start":{"line":61,"column":4},"end":{"line":63,"column":5}},"type":"if","locations":[{"start":{"line":61,"column":4},"end":{"line":63,"column":5}},{"start":{},"end":{}}]},"6":{"loc":{"start":{"line":61,"column":8},"end":{"line":61,"column":33}},"type":"binary-expr","locations":[{"start":{"line":61,"column":8},"end":{"line":61,"column":18}},{"start":{"line":61,"column":22},"end":{"line":61,"column":33}}]},"7":{"loc":{"start":{"line":68,"column":6},"end":{"line":68,"column":48}},"type":"cond-expr","locations":[{"start":{"line":68,"column":14},"end":{"line":68,"column":43}},{"start":{"line":68,"column":46},"end":{"line":68,"column":48}}]}},"s":{"0":0,"1":0,"2":0,"3":0,"4":0,"5":0,"6":0,"7":0,"8":0,"9":0,"10":0,"11":0,"12":0,"13":0,"14":0,"15":0,"16":0,"17":0,"18":0,"19":0,"20":0,"21":0,"22":0,"23":0,"24":0},"f":{"0":0,"1":0},"b":{"0":[0,0],"1":[0,0],"2":[0,0],"3":[0,0],"4":[0,0],"5":[0,0],"6":[0,0],"7":[0,0]}}
,"K:\\LETS\\lets-roll-cursor\\backend\\src\\routes\\inventory.ts": {"path":"K:\\LETS\\lets-roll-cursor\\backend\\src\\routes\\inventory.ts","statementMap":{"0":{"start":{"line":1,"column":0},"end":{"line":1,"column":51}},"1":{"start":{"line":2,"column":0},"end":{"line":2,"column":54}},"2":{"start":{"line":7,"column":13},"end":{"line":7,"column":null}},"3":{"start":{"line":9,"column":0},"end":{"line":9,"column":null}},"4":{"start":{"line":11,"column":0},"end":{"line":13,"column":null}},"5":{"start":{"line":12,"column":2},"end":{"line":12,"column":null}},"6":{"start":{"line":15,"column":0},"end":{"line":17,"column":null}},"7":{"start":{"line":16,"column":2},"end":{"line":16,"column":null}},"8":{"start":{"line":19,"column":0},"end":{"line":21,"column":null}},"9":{"start":{"line":20,"column":2},"end":{"line":20,"column":null}}},"fnMap":{"0":{"name":"(anonymous_0)","decl":{"start":{"line":11,"column":47},"end":{"line":11,"column":52}},"loc":{"start":{"line":11,"column":85},"end":{"line":13,"column":1}}},"1":{"name":"(anonymous_1)","decl":{"start":{"line":15,"column":29},"end":{"line":15,"column":34}},"loc":{"start":{"line":15,"column":67},"end":{"line":17,"column":1}}},"2":{"name":"(anonymous_2)","decl":{"start":{"line":19,"column":42},"end":{"line":19,"column":47}},"loc":{"start":{"line":19,"column":80},"end":{"line":21,"column":1}}}},"branchMap":{},"s":{"0":0,"1":0,"2":0,"3":0,"4":0,"5":0,"6":0,"7":0,"8":0,"9":0},"f":{"0":0,"1":0,"2":0},"b":{}}
,"K:\\LETS\\lets-roll-cursor\\backend\\src\\routes\\items.ts": {"path":"K:\\LETS\\lets-roll-cursor\\backend\\src\\routes\\items.ts","statementMap":{"0":{"start":{"line":1,"column":0},"end":{"line":1,"column":51}},"1":{"start":{"line":2,"column":0},"end":{"line":2,"column":54}},"2":{"start":{"line":3,"column":0},"end":{"line":3,"column":53}},"3":{"start":{"line":4,"column":0},"end":{"line":4,"column":51}},"4":{"start":{"line":5,"column":0},"end":{"line":5,"column":104}},"5":{"start":{"line":11,"column":13},"end":{"line":11,"column":null}},"6":{"start":{"line":13,"column":0},"end":{"line":13,"column":null}},"7":{"start":{"line":16,"column":0},"end":{"line":28,"column":null}},"8":{"start":{"line":20,"column":4},"end":{"line":26,"column":5}},"9":{"start":{"line":21,"column":21},"end":{"line":21,"column":138}},"10":{"start":{"line":22,"column":6},"end":{"line":22,"column":null}},"11":{"start":{"line":24,"column":18},"end":{"line":24,"column":35}},"12":{"start":{"line":25,"column":6},"end":{"line":25,"column":null}},"13":{"start":{"line":31,"column":0},"end":{"line":47,"column":null}},"14":{"start":{"line":35,"column":4},"end":{"line":45,"column":5}},"15":{"start":{"line":36,"column":21},"end":{"line":36,"column":33}},"16":{"start":{"line":37,"column":6},"end":{"line":39,"column":7}},"17":{"start":{"line":38,"column":8},"end":{"line":38,"column":null}},"18":{"start":{"line":40,"column":19},"end":{"line":40,"column":65}},"19":{"start":{"line":41,"column":6},"end":{"line":41,"column":null}},"20":{"start":{"line":43,"column":18},"end":{"line":43,"column":35}},"21":{"start":{"line":44,"column":6},"end":{"line":44,"column":null}},"22":{"start":{"line":50,"column":0},"end":{"line":58,"column":null}},"23":{"start":{"line":51,"column":2},"end":{"line":57,"column":3}},"24":{"start":{"line":52,"column":18},"end":{"line":52,"column":75}},"25":{"start":{"line":53,"column":4},"end":{"line":53,"column":null}},"26":{"start":{"line":55,"column":16},"end":{"line":55,"column":33}},"27":{"start":{"line":56,"column":4},"end":{"line":56,"column":null}},"28":{"start":{"line":61,"column":0},"end":{"line":78,"column":null}},"29":{"start":{"line":62,"column":2},"end":{"line":77,"column":3}},"30":{"start":{"line":63,"column":58},"end":{"line":63,"column":66}},"31":{"start":{"line":64,"column":4},"end":{"line":66,"column":5}},"32":{"start":{"line":65,"column":6},"end":{"line":65,"column":null}},"33":{"start":{"line":67,"column":19},"end":{"line":71,"column":null}},"34":{"start":{"line":73,"column":4},"end":{"line":73,"column":null}},"35":{"start":{"line":75,"column":16},"end":{"line":75,"column":33}},"36":{"start":{"line":76,"column":4},"end":{"line":76,"column":null}},"37":{"start":{"line":81,"column":0},"end":{"line":89,"column":null}},"38":{"start":{"line":82,"column":2},"end":{"line":88,"column":3}},"39":{"start":{"line":83,"column":17},"end":{"line":83,"column":61}},"40":{"start":{"line":84,"column":4},"end":{"line":84,"column":null}},"41":{"start":{"line":86,"column":16},"end":{"line":86,"column":33}},"42":{"start":{"line":87,"column":4},"end":{"line":87,"column":null}},"43":{"start":{"line":92,"column":0},"end":{"line":104,"column":null}},"44":{"start":{"line":96,"column":4},"end":{"line":102,"column":5}},"45":{"start":{"line":97,"column":19},"end":{"line":97,"column":72}},"46":{"start":{"line":98,"column":6},"end":{"line":98,"column":null}},"47":{"start":{"line":100,"column":18},"end":{"line":100,"column":35}},"48":{"start":{"line":101,"column":6},"end":{"line":101,"column":null}},"49":{"start":{"line":107,"column":0},"end":{"line":115,"column":null}},"50":{"start":{"line":108,"column":2},"end":{"line":114,"column":3}},"51":{"start":{"line":109,"column":4},"end":{"line":109,"column":null}},"52":{"start":{"line":110,"column":4},"end":{"line":110,"column":null}},"53":{"start":{"line":112,"column":16},"end":{"line":112,"column":33}},"54":{"start":{"line":113,"column":4},"end":{"line":113,"column":null}}},"fnMap":{"0":{"name":"(anonymous_0)","decl":{"start":{"line":19,"column":2},"end":{"line":19,"column":7}},"loc":{"start":{"line":19,"column":40},"end":{"line":27,"column":3}}},"1":{"name":"(anonymous_1)","decl":{"start":{"line":34,"column":2},"end":{"line":34,"column":7}},"loc":{"start":{"line":34,"column":40},"end":{"line":46,"column":3}}},"2":{"name":"(anonymous_2)","decl":{"start":{"line":50,"column":41},"end":{"line":50,"column":46}},"loc":{"start":{"line":50,"column":79},"end":{"line":58,"column":1}}},"3":{"name":"(anonymous_3)","decl":{"start":{"line":61,"column":32},"end":{"line":61,"column":37}},"loc":{"start":{"line":61,"column":70},"end":{"line":78,"column":1}}},"4":{"name":"(anonymous_4)","decl":{"start":{"line":81,"column":24},"end":{"line":81,"column":29}},"loc":{"start":{"line":81,"column":62},"end":{"line":89,"column":1}}},"5":{"name":"(anonymous_5)","decl":{"start":{"line":95,"column":2},"end":{"line":95,"column":7}},"loc":{"start":{"line":95,"column":40},"end":{"line":103,"column":3}}},"6":{"name":"(anonymous_6)","decl":{"start":{"line":107,"column":27},"end":{"line":107,"column":32}},"loc":{"start":{"line":107,"column":65},"end":{"line":115,"column":1}}}},"branchMap":{"0":{"loc":{"start":{"line":25,"column":36},"end":{"line":25,"column":70}},"type":"binary-expr","locations":[{"start":{"line":25,"column":36},"end":{"line":25,"column":47}},{"start":{"line":25,"column":51},"end":{"line":25,"column":70}}]},"1":{"loc":{"start":{"line":37,"column":6},"end":{"line":39,"column":7}},"type":"if","locations":[{"start":{"line":37,"column":6},"end":{"line":39,"column":7}},{"start":{},"end":{}}]},"2":{"loc":{"start":{"line":44,"column":36},"end":{"line":44,"column":70}},"type":"binary-expr","locations":[{"start":{"line":44,"column":36},"end":{"line":44,"column":47}},{"start":{"line":44,"column":51},"end":{"line":44,"column":70}}]},"3":{"loc":{"start":{"line":56,"column":34},"end":{"line":56,"column":68}},"type":"binary-expr","locations":[{"start":{"line":56,"column":34},"end":{"line":56,"column":45}},{"start":{"line":56,"column":49},"end":{"line":56,"column":68}}]},"4":{"loc":{"start":{"line":64,"column":4},"end":{"line":66,"column":5}},"type":"if","locations":[{"start":{"line":64,"column":4},"end":{"line":66,"column":5}},{"start":{},"end":{}}]},"5":{"loc":{"start":{"line":64,"column":8},"end":{"line":64,"column":46}},"type":"binary-expr","locations":[{"start":{"line":64,"column":8},"end":{"line":64,"column":19}},{"start":{"line":64,"column":23},"end":{"line":64,"column":35}},{"start":{"line":64,"column":39},"end":{"line":64,"column":46}}]},"6":{"loc":{"start":{"line":71,"column":6},"end":{"line":71,"column":19}},"type":"binary-expr","locations":[{"start":{"line":71,"column":6},"end":{"line":71,"column":14}},{"start":{"line":71,"column":18},"end":{"line":71,"column":19}}]},"7":{"loc":{"start":{"line":76,"column":34},"end":{"line":76,"column":68}},"type":"binary-expr","locations":[{"start":{"line":76,"column":34},"end":{"line":76,"column":45}},{"start":{"line":76,"column":49},"end":{"line":76,"column":68}}]},"8":{"loc":{"start":{"line":87,"column":34},"end":{"line":87,"column":68}},"type":"binary-expr","locations":[{"start":{"line":87,"column":34},"end":{"line":87,"column":45}},{"start":{"line":87,"column":49},"end":{"line":87,"column":68}}]},"9":{"loc":{"start":{"line":101,"column":36},"end":{"line":101,"column":70}},"type":"binary-expr","locations":[{"start":{"line":101,"column":36},"end":{"line":101,"column":47}},{"start":{"line":101,"column":51},"end":{"line":101,"column":70}}]},"10":{"loc":{"start":{"line":113,"column":34},"end":{"line":113,"column":68}},"type":"binary-expr","locations":[{"start":{"line":113,"column":34},"end":{"line":113,"column":45}},{"start":{"line":113,"column":49},"end":{"line":113,"column":68}}]}},"s":{"0":0,"1":0,"2":0,"3":0,"4":0,"5":0,"6":0,"7":0,"8":0,"9":0,"10":0,"11":0,"12":0,"13":0,"14":0,"15":0,"16":0,"17":0,"18":0,"19":0,"20":0,"21":0,"22":0,"23":0,"24":0,"25":0,"26":0,"27":0,"28":0,"29":0,"30":0,"31":0,"32":0,"33":0,"34":0,"35":0,"36":0,"37":0,"38":0,"39":0,"40":0,"41":0,"42":0,"43":0,"44":0,"45":0,"46":0,"47":0,"48":0,"49":0,"50":0,"51":0,"52":0,"53":0,"54":0},"f":{"0":0,"1":0,"2":0,"3":0,"4":0,"5":0,"6":0},"b":{"0":[0,0],"1":[0,0],"2":[0,0],"3":[0,0],"4":[0,0],"5":[0,0,0],"6":[0,0],"7":[0,0],"8":[0,0],"9":[0,0],"10":[0,0]}}
,"K:\\LETS\\lets-roll-cursor\\backend\\src\\routes\\moments.ts": {"path":"K:\\LETS\\lets-roll-cursor\\backend\\src\\routes\\moments.ts","statementMap":{"0":{"start":{"line":1,"column":0},"end":{"line":1,"column":51}},"1":{"start":{"line":2,"column":0},"end":{"line":2,"column":54}},"2":{"start":{"line":3,"column":0},"end":{"line":3,"column":57}},"3":{"start":{"line":5,"column":0},"end":{"line":5,"column":51}},"4":{"start":{"line":6,"column":0},"end":{"line":6,"column":92}},"5":{"start":{"line":18,"column":13},"end":{"line":18,"column":null}},"6":{"start":{"line":20,"column":0},"end":{"line":20,"column":null}},"7":{"start":{"line":48,"column":0},"end":{"line":56,"column":null}},"8":{"start":{"line":49,"column":2},"end":{"line":55,"column":3}},"9":{"start":{"line":50,"column":20},"end":{"line":50,"column":81}},"10":{"start":{"line":51,"column":4},"end":{"line":51,"column":null}},"11":{"start":{"line":53,"column":16},"end":{"line":53,"column":33}},"12":{"start":{"line":54,"column":4},"end":{"line":54,"column":null}},"13":{"start":{"line":59,"column":0},"end":{"line":67,"column":null}},"14":{"start":{"line":60,"column":2},"end":{"line":66,"column":3}},"15":{"start":{"line":61,"column":20},"end":{"line":61,"column":79}},"16":{"start":{"line":62,"column":4},"end":{"line":62,"column":null}},"17":{"start":{"line":64,"column":16},"end":{"line":64,"column":33}},"18":{"start":{"line":65,"column":4},"end":{"line":65,"column":null}},"19":{"start":{"line":70,"column":0},"end":{"line":84,"column":null}},"20":{"start":{"line":71,"column":2},"end":{"line":83,"column":3}},"21":{"start":{"line":72,"column":19},"end":{"line":72,"column":67}},"22":{"start":{"line":73,"column":4},"end":{"line":75,"column":5}},"23":{"start":{"line":74,"column":6},"end":{"line":74,"column":null}},"24":{"start":{"line":76,"column":4},"end":{"line":76,"column":null}},"25":{"start":{"line":78,"column":16},"end":{"line":78,"column":33}},"26":{"start":{"line":79,"column":4},"end":{"line":81,"column":5}},"27":{"start":{"line":80,"column":6},"end":{"line":80,"column":null}},"28":{"start":{"line":82,"column":4},"end":{"line":82,"column":null}},"29":{"start":{"line":134,"column":0},"end":{"line":164,"column":null}},"30":{"start":{"line":138,"column":4},"end":{"line":162,"column":5}},"31":{"start":{"line":139,"column":21},"end":{"line":139,"column":33}},"32":{"start":{"line":140,"column":6},"end":{"line":142,"column":7}},"33":{"start":{"line":141,"column":8},"end":{"line":141,"column":null}},"34":{"start":{"line":144,"column":21},"end":{"line":151,"column":8}},"35":{"start":{"line":152,"column":6},"end":{"line":152,"column":null}},"36":{"start":{"line":154,"column":18},"end":{"line":154,"column":35}},"37":{"start":{"line":155,"column":6},"end":{"line":157,"column":7}},"38":{"start":{"line":156,"column":8},"end":{"line":156,"column":null}},"39":{"start":{"line":158,"column":6},"end":{"line":160,"column":7}},"40":{"start":{"line":159,"column":8},"end":{"line":159,"column":null}},"41":{"start":{"line":161,"column":6},"end":{"line":161,"column":null}},"42":{"start":{"line":167,"column":0},"end":{"line":199,"column":null}},"43":{"start":{"line":171,"column":4},"end":{"line":197,"column":5}},"44":{"start":{"line":172,"column":21},"end":{"line":172,"column":33}},"45":{"start":{"line":173,"column":6},"end":{"line":175,"column":7}},"46":{"start":{"line":174,"column":8},"end":{"line":174,"column":null}},"47":{"start":{"line":177,"column":21},"end":{"line":183,"column":8}},"48":{"start":{"line":184,"column":6},"end
[...]
lumn":8},"end":{"line":46,"column":27}},"type":"binary-expr","locations":[{"start":{"line":46,"column":8},"end":{"line":46,"column":22}},{"start":{"line":46,"column":26},"end":{"line":46,"column":27}}]},"8":{"loc":{"start":{"line":53,"column":28},"end":{"line":53,"column":54}},"type":"binary-expr","locations":[{"start":{"line":53,"column":28},"end":{"line":53,"column":45}},{"start":{"line":53,"column":49},"end":{"line":53,"column":54}}]},"9":{"loc":{"start":{"line":57,"column":28},"end":{"line":57,"column":56}},"type":"binary-expr","locations":[{"start":{"line":57,"column":28},"end":{"line":57,"column":46}},{"start":{"line":57,"column":50},"end":{"line":57,"column":56}}]},"10":{"loc":{"start":{"line":61,"column":28},"end":{"line":61,"column":54}},"type":"binary-expr","locations":[{"start":{"line":61,"column":28},"end":{"line":61,"column":45}},{"start":{"line":61,"column":49},"end":{"line":61,"column":54}}]},"11":{"loc":{"start":{"line":77,"column":6},"end":{"line":77,"column":null}},"type":"if","locations":[{"start":{"line":77,"column":6},"end":{"line":77,"column":null}},{"start":{},"end":{}}]},"12":{"loc":{"start":{"line":80,"column":21},"end":{"line":80,"column":35}},"type":"binary-expr","locations":[{"start":{"line":80,"column":21},"end":{"line":80,"column":30}},{"start":{"line":80,"column":34},"end":{"line":80,"column":35}}]},"13":{"loc":{"start":{"line":81,"column":6},"end":{"line":95,"column":7}},"type":"if","locations":[{"start":{"line":81,"column":6},"end":{"line":95,"column":7}},{"start":{},"end":{}}]},"14":{"loc":{"start":{"line":104,"column":51},"end":{"line":104,"column":85}},"type":"binary-expr","locations":[{"start":{"line":104,"column":51},"end":{"line":104,"column":62}},{"start":{"line":104,"column":66},"end":{"line":104,"column":85}}]},"15":{"loc":{"start":{"line":115,"column":41},"end":{"line":115,"column":65}},"type":"default-arg","locations":[{"start":{"line":115,"column":60},"end":{"line":115,"column":65}}]},"16":{"loc":{"start":{"line":123,"column":6},"end":{"line":123,"column":null}},"type":"if","locations":[{"start":{"line":123,"column":6},"end":{"line":123,"column":null}},{"start":{},"end":{}}]},"17":{"loc":{"start":{"line":125,"column":20},"end":{"line":125,"column":41}},"type":"binary-expr","locations":[{"start":{"line":125,"column":20},"end":{"line":125,"column":35}},{"start":{"line":125,"column":39},"end":{"line":125,"column":41}}]},"18":{"loc":{"start":{"line":126,"column":24},"end":{"line":126,"column":46}},"type":"binary-expr","locations":[{"start":{"line":126,"column":24},"end":{"line":126,"column":41}},{"start":{"line":126,"column":45},"end":{"line":126,"column":46}}]},"19":{"loc":{"start":{"line":127,"column":20},"end":{"line":127,"column":38}},"type":"binary-expr","locations":[{"start":{"line":127,"column":20},"end":{"line":127,"column":33}},{"start":{"line":127,"column":37},"end":{"line":127,"column":38}}]},"20":{"loc":{"start":{"line":129,"column":18},"end":{"line":129,"column":47}},"type":"cond-expr","locations":[{"start":{"line":129,"column":28},"end":{"line":129,"column":42}},{"start":{"line":129,"column":45},"end":{"line":129,"column":47}}]},"21":{"loc":{"start":{"line":137,"column":41},"end":{"line":137,"column":67}},"type":"binary-expr","locations":[{"start":{"line":137,"column":41},"end":{"line":137,"column":61}},{"start":{"line":137,"column":65},"end":{"line":137,"column":67}}]},"22":{"loc":{"start":{"line":139,"column":6},"end":{"line":144,"column":7}},"type":"if","locations":[{"start":{"line":139,"column":6},"end":{"line":144,"column":7}},{"start":{"line":142,"column":13},"end":{"line":144,"column":7}}]},"23":{"loc":{"start":{"line":139,"column":10},"end":{"line":139,"column":53}},"type":"binary-expr","locations":[{"start":{"line":139,"column":10},"end":{"line":139,"column":17}},{"start":{"line":139,"column":21},"end":{"line":139,"column":53}}]},"24":{"loc":{"start":{"line":142,"column":13},"end":{"line":144,"column":7}},"type":"if","locations":[{"start":{"line":142,"column":13},"end":{"line":144,"column":7}},{"start":{},"end":{}}]},"25":{"loc":{"start":{"line":142,"column":17},"end":{"line":142,"column":60}},"type":"binary-expr","locations":[{"start":{"line":142,"column":17},"end":{"line":142,"column":25}},{"start":{"line":142,"column":29},"end":{"line":142,"column":60}}]},"26":{"loc":{"start":{"line":143,"column":46},"end":{"line":143,"column":86}},"type":"binary-expr","locations":[{"start":{"line":143,"column":46},"end":{"line":143,"column":62}},{"start":{"line":143,"column":66},"end":{"line":143,"column":86}}]},"27":{"loc":{"start":{"line":165,"column":6},"end":{"line":165,"column":null}},"type":"if","locations":[{"start":{"line":165,"column":6},"end":{"line":165,"column":null}},{"start":{},"end":{}}]},"28":{"loc":{"start":{"line":178,"column":50},"end":{"line":178,"column":84}},"type":"binary-expr","locations":[{"start":{"line":178,"column":50},"end":{"line":178,"column":61}},{"start":{"line":178,"column":65},"end":{"line":178,"column":84}}]},"29":{"loc":{"start":{"line":189,"column":43},"end":{"line":189,"column":67}},"type":"default-arg","locations":[{"start":{"line":189,"column":62},"end":{"line":189,"column":67}}]},"30":{"loc":{"start":{"line":197,"column":6},"end":{"line":197,"column":null}},"type":"if","locations":[{"start":{"line":197,"column":6},"end":{"line":197,"column":null}},{"start":{},"end":{}}]},"31":{"loc":{"start":{"line":199,"column":20},"end":{"line":199,"column":41}},"type":"binary-expr","locations":[{"start":{"line":199,"column":20},"end":{"line":199,"column":35}},{"start":{"line":199,"column":39},"end":{"line":199,"column":41}}]},"32":{"loc":{"start":{"line":200,"column":25},"end":{"line":200,"column":48}},"type":"binary-expr","locations":[{"start":{"line":200,"column":25},"end":{"line":200,"column":43}},{"start":{"line":200,"column":47},"end":{"line":200,"column":48}}]},"33":{"loc":{"start":{"line":201,"column":21},"end":{"line":201,"column":40}},"type":"binary-expr","locations":[{"start":{"line":201,"column":21},"end":{"line":201,"column":35}},{"start":{"line":201,"column":39},"end":{"line":201,"column":40}}]},"34":{"loc":{"start":{"line":203,"column":19},"end":{"line":203,"column":51}},"type":"cond-expr","locations":[{"start":{"line":203,"column":29},"end":{"line":203,"column":45}},{"start":{"line":203,"column":48},"end":{"line":203,"column":51}}]},"35":{"loc":{"start":{"line":211,"column":41},"end":{"line":211,"column":67}},"type":"binary-expr","locations":[{"start":{"line":211,"column":41},"end":{"line":211,"column":61}},{"start":{"line":211,"column":65},"end":{"line":211,"column":67}}]},"36":{"loc":{"start":{"line":219,"column":8},"end":{"line":221,"column":9}},"type":"if","locations":[{"start":{"line":219,"column":8},"end":{"line":221,"column":9}},{"start":{},"end":{}}]},"37":{"loc":{"start":{"line":243,"column":6},"end":{"line":243,"column":null}},"type":"if","locations":[{"start":{"line":243,"column":6},"end":{"line":243,"column":null}},{"start":{},"end":{}}]},"38":{"loc":{"start":{"line":256,"column":51},"end":{"line":256,"column":85}},"type":"binary-expr","locations":[{"start":{"line":256,"column":51},"end":{"line":256,"column":62}},{"start":{"line":256,"column":66},"end":{"line":256,"column":85}}]},"39":{"loc":{"start":{"line":272,"column":4},"end":{"line":272,"column":28}},"type":"default-arg","locations":[{"start":{"line":272,"column":23},"end":{"line":272,"column":28}}]},"40":{"loc":{"start":{"line":273,"column":4},"end":{"line":273,"column":38}},"type":"default-arg","locations":[{"start":{"line":273,"column":33},"end":{"line":273,"column":38}}]},"41":{"loc":{"start":{"line":274,"column":4},"end":{"line":274,"column":31}},"type":"default-arg","locations":[{"start":{"line":274,"column":30},"end":{"line":274,"column":31}}]},"42":{"loc":{"start":{"line":283,"column":6},"end":{"line":283,"column":null}},"type":"if","locations":[{"start":{"line":283,"column":6},"end":{"line":283,"column":null}},{"start":{},"end":{}}]},"43":{"loc":{"start":{"line":285,"column":20},"end":{"line":285,"column":41}},"type":"binary-expr","locations":[{"start":{"line":285,"column":20},"end":{"line":285,"column":35}},{"start":{"line":285,"column":39},"end":{"line":285,"column":41}}]},"44":{"loc":{"start":{"line":286,"column":24},"end":{"line":286,"column":46}},"type":"binary-expr","locations":[{"start":{"line":286,"column":24},"end":{"line":286,"column":41}},{"start":{"line":286,"column":45},"end":{"line":286,"column":46}}]},"45":{"loc":{"start":{"line":287,"column":20},"end":{"line":287,"column":38}},"type":"binary-expr","locations":[{"start":{"line":287,"column":20},"end":{"line":287,"column":33}},{"start":{"line":287,"column":37},"end":{"line":287,"column":38}}]},"46":{"loc":{"start":{"line":288,"column":18},"end":{"line":288,"column":32}},"type":"binary-expr","locations":[{"start":{"line":288,"column":18},"end":{"line":288,"column":27}},{"start":{"line":288,"column":31},"end":{"line":288,"column":32}}]},"47":{"loc":{"start":{"line":291,"column":6},"end":{"line":301,"column":7}},"type":"if","locations":[{"start":{"line":291,"column":6},"end":{"line":301,"column":7}},{"start":{},"end":{}}]},"48":{"loc":{"start":{"line":291,"column":10},"end":{"line":291,"column":48}},"type":"binary-expr","locations":[{"start":{"line":291,"column":10},"end":{"line":291,"column":27}},{"start":{"line":291,"column":31},"end":{"line":291,"column":38}},{"start":{"line":291,"column":42},"end":{"line":291,"column":48}}]},"49":{"loc":{"start":{"line":296,"column":8},"end":{"line":300,"column":9}},"type":"if","locations":[{"start":{"line":296,"column":8},"end":{"line":300,"column":9}},{"start":{},"end":{}}]},"50":{"loc":{"start":{"line":303,"column":18},"end":{"line":303,"column":47}},"type":"cond-expr","locations":[{"start":{"line":303,"column":28},"end":{"line":303,"column":42}},{"start":{"line":303,"column":45},"end":{"line":303,"column":47}}]},"51":{"loc":{"start":{"line":324,"column":6},"end":{"line":324,"column":null}},"type":"if","locations":[{"start":{"line":324,"column":6},"end":{"line":324,"column":null}},{"start":{},"end":{}}]},"52":{"loc":{"start":{"line":333,"column":50},"end":{"line":333,"column":84}},"type":"binary-expr","locations":[{"start":{"line":333,"column":50},"end":{"line":333,"column":61}},{"start":{"line":333,"column":65},"end":{"line":333,"column":84}}]},"53":{"loc":{"start":{"line":344,"column":44},"end":{"line":344,"column":71}},"type":"default-arg","locations":[{"start":{"line":344,"column":70},"end":{"line":344,"column":71}}]},"54":{"loc":{"start":{"line":345,"column":4},"end":{"line":347,"column":5}},"type":"if","locations":[{"start":{"line":345,"column":4},"end":{"line":347,"column":5}},{"start":{},"end":{}}]},"55":{"loc":{"start":{"line":363,"column":4},"end":{"line":363,"column":44}},"type":"default-arg","locations":[{"start":{"line":363,"column":34},"end":{"line":363,"column":44}}]},"56":{"loc":{"start":{"line":364,"column":4},"end":{"line":364,"column":32}},"type":"default-arg","locations":[{"start":{"line":364,"column":25},"end":{"line":364,"column":32}}]},"57":{"loc":{"start":{"line":367,"column":6},"end":{"line":415,"column":7}},"type":"if","locations":[{"start":{"line":367,"column":6},"end":{"line":415,"column":7}},{"start":{"line":404,"column":13},"end":{"line":415,"column":7}}]},"58":{"loc":{"start":{"line":375,"column":8},"end":{"line":375,"column":null}},"type":"if","locations":[{"start":{"line":375,"column":8},"end":{"line":375,"column":null}},{"start":{},"end":{}}]},"59":{"loc":{"start":{"line":377,"column":29},"end":{"line":377,"column":83}},"type":"binary-expr","locations":[{"start":{"line":377,"column":29},"end":{"line":377,"column":77}},{"start":{"line":377,"column":81},"end":{"line":377,"column":83}}]},"60":{"loc":{"start":{"line":419,"column":50},"end":{"line":419,"column":84}},"type":"binary-expr","locations":[{"start":{"line":419,"column":50},"end":{"line":419,"column":61}},{"start":{"line":419,"column":65},"end":{"line":419,"column":84}}]},"61":{"loc":{"start":{"line":436,"column":6},"end":{"line":436,"column":null}},"type":"if","locations":[{"start":{"line":436,"column":6},"end":{"line":436,"column":null}},{"start":{},"end":{}}]},"62":{"loc":{"start":{"line":438,"column":20},"end":{"line":438,"column":41}},"type":"binary-expr","locations":[{"start":{"line":438,"column":20},"end":{"line":438,"column":35}},{"start":{"line":438,"column":39},"end":{"line":438,"column":41}}]},"63":{"loc":{"start":{"line":439,"column":18},"end":{"line":439,"column":32}},"type":"binary-expr","locations":[{"start":{"line":439,"column":18},"end":{"line":439,"column":27}},{"start":{"line":439,"column":31},"end":{"line":439,"column":32}}]},"64":{"loc":{"start":{"line":449,"column":50},"end":{"line":449,"column":84}},"type":"binary-expr","locations":[{"start":{"line":449,"column":50},"end":{"line":449,"column":61}},{"start":{"line":449,"column":65},"end":{"line":449,"column":84}}]}},"s":{"0":1,"1":1,"2":1,"3":1,"4":1,"5":1,"6":3,"7":3,"8":2,"9":1,"10":1,"11":0,"12":1,"13":1,"14":1,"15":1,"16":1,"17":1,"18":1,"19":1,"20":1,"21":0,"22":1,"23":1,"24":1,"25":1,"26":0,"27":1,"28":1,"29":2,"30":2,"31":2,"32":3,"33":3,"34":3,"35":0,"36":3,"37":3,"38":3,"39":3,"40":3,"41":3,"42":3,"43":3,"44":3,"45":1,"46":1,"47":2,"48":0,"49":0,"50":3,"51":3,"52":3,"53":0,"54":3,"55":3,"56":0,"57":0,"58":0,"59":2,"60":2,"61":2,"62":0,"63":2,"64":2,"65":2,"66":2,"67":2,"68":2,"69":0,"70":0,"71":0,"72":0,"73":0,"74":0,"75":0,"76":0,"77":0,"78":0,"79":0,"80":0,"81":0,"82":0,"83":2,"84":2,"85":2,"86":2,"87":2,"88":2,"89":0,"90":2,"91":2,"92":2,"93":2,"94":2,"95":0,"96":0,"97":0,"98":0,"99":0,"100":2,"101":2,"102":2,"103":2,"104":2,"105":0,"106":2,"107":2,"108":0,"109":0,"110":0,"111":0,"112":0,"113":0,"114":2,"115":2,"116":1,"117":1,"118":0,"119":1,"120":1,"121":0,"122":0,"123":0,"124":1,"125":1,"126":1,"127":1,"128":1,"129":1,"130":1,"131":0,"132":1,"133":1,"134":1,"135":1,"136":0,"137":0,"138":0},"f":{"0":3,"1":3,"2":0,"3":2,"4":0,"5":2,"6":0,"7":2,"8":1},"b":{"0":[2,1],"1":[3,2],"2":[0,1],"3":[1,0],"4":[1,0],"5":[1,0],"6":[1,0],"7":[1,0],"8":[1,0],"9":[1,0],"10":[1,0],"11":[0,1],"12":[1,0],"13":[1,0],"14":[2,0],"15":[0],"16":[0,3],"17":[3,0],"18":[3,0],"19":[3,0],"20":[1,2],"21":[3,0],"22":[1,2],"23":[3,1],"24":[0,2],"25":[2,2],"26":[0,0],"27":[0,3],"28":[0,0],"29":[0],"30":[0,2],"31":[2,0],"32":[2,0],"33":[2,0],"34":[0,2],"35":[0,0],"36":[0,0],"37":[0,0],"38":[2,0],"39":[0],"40":[2],"41":[2],"42":[0,2],"43":[2,0],"44":[2,0],"45":[2,0],"46":[2,0],"47":[0,2],"48":[2,0,0],"49":[0,0],"50":[1,1],"51":[0,2],"52":[0,0],"53":[0],"54":[0,0],"55":[0],"56":[2],"57":[1,1],"58":[0,1],"59":[1,1],"60":[1,0],"61":[0,1],"62":[1,0],"63":[1,0],"64":[0,0]}}
,"K:\\LETS\\lets-roll-cursor\\backend\\src\\types\\classAbilities.ts": {"path":"K:\\LETS\\lets-roll-cursor\\backend\\src\\types\\classAbilities.ts","statementMap":{"0":{"start":{"line":253,"column":0},"end":{"line":253,"column":16}},"1":{"start":{"line":265,"column":0},"end":{"line":265,"column":16}},"2":{"start":{"line":26,"column":13},"end":{"line":96,"column":null}},"3":{"start":{"line":101,"column":13},"end":{"line":165,"column":null}},"4":{"start":{"line":170,"column":13},"end":{"line":236,"column":null}},"5":{"start":{"line":241,"column":13},"end":{"line":245,"column":null}},"6":{"start":{"line":254,"column":20},"end":{"line":254,"column":57}},"7":{"start":{"line":255,"column":2},"end":{"line":255,"column":null}},"8":{"start":{"line":255,"column":39},"end":{"line":255,"column":65}},"9":{"start":{"line":270,"column":20},"end":{"line":270,"column":57}},"10":{"start":{"line":271,"column":2},"end":{"line":273,"column":null}},"11":{"start":{"line":272,"column":17},"end":{"line":272,"column":78}}},"fnMap":{"0":{"name":"getUnlockedAbilities","decl":{"start":{"line":253,"column":16},"end":{"line":253,"column":36}},"loc":{"start":{"line":253,"column":80},"end":{"line":256,"column":1}}},"1":{"name":"(anonymous_1)","decl":{"start":{"line":255,"column":26},"end":{"line":255,"column":27}},"loc":{"start":{"line":255,"column":39},"end":{"line":255,"column":65}}},"2":{"name":"getNewlyUnlockedAbilities","decl":{"start":{"line":265,"column":16},"end":{"line":265,"column":41}},"loc":{"start":{"line":268,"column":16},"end":{"line":274,"column":1}}},"3":{"name":"(anonymous_3)","decl":{"start":{"line":272,"column":4},"end":{"line":272,"column":5}},"loc":{"start":{"line":272,"column":17},"end":{"line":272,"column":78}}}},"branchMap":{"0":{"loc":{"start":{"line":254,"column":20},"end":{"line":254,"column":57}},"type":"binary-expr","locations":[{"start":{"line":254,"column":20},"end":{"line":254,"column":51}},{"start":{"line":254,"column":55},"end":{"line":254,"column":57}}]},"1":{"loc":{"start":{"line":270,"column":20},"end":{"line":270,"column":57}},"type":"binary-expr","locations":[{"start":{"line":270,"column":20},"end":{"line":270,"column":51}},{"start":{"line":270,"column":55},"end":{"line":270,"column":57}}]},"2":{"loc":{"start":{"line":272,"column":17},"end":{"line":272,"column":78}},"type":"binary-expr","locations":[{"start":{"line":272,"column":17},"end":{"line":272,"column":45}},{"start":{"line":272,"column":49},"end":{"line":272,"column":78}}]}},"s":{"0":1,"1":1,"2":1,"3":1,"4":1,"5":1,"6":1,"7":1,"8":6,"9":0,"10":0,"11":0},"f":{"0":1,"1":6,"2":0,"3":0},"b":{"0":[1,0],"1":[0,0],"2":[0,0]}}
,"K:\\LETS\\lets-roll-cursor\\backend\\src\\types\\ordemParanormal.ts": {"path":"K:\\LETS\\lets-roll-cursor\\backend\\src\\types\\ordemParanormal.ts","statementMap":{"0":{"start":{"line":124,"column":13},"end":{"line":149,"column":null}},"1":{"start":{"line":154,"column":13},"end":{"line":159,"column":null}}},"fnMap":{},"branchMap":{},"s":{"0":3,"1":3},"f":{},"b":{}}
,"K:\\LETS\\lets-roll-cursor\\backend\\src\\types\\origin.ts": {"path":"K:\\LETS\\lets-roll-cursor\\backend\\src\\types\\origin.ts","statementMap":{"0":{"start":{"line":320,"column":0},"end":{"line":320,"column":16}},"1":{"start":{"line":327,"column":0},"end":{"line":327,"column":16}},"2":{"start":{"line":54,"column":13},"end":{"line":315,"column":null}},"3":{"start":{"line":321,"column":2},"end":{"line":321,"column":null}},"4":{"start":{"line":328,"column":2},"end":{"line":328,"column":null}}},"fnMap":{"0":{"name":"getAllOrigins","decl":{"start":{"line":320,"column":16},"end":{"line":320,"column":29}},"loc":{"start":{"line":320,"column":29},"end":{"line":322,"column":1}}},"1":{"name":"getOriginConfig","decl":{"start":{"line":327,"column":16},"end":{"line":327,"column":31}},"loc":{"start":{"line":327,"column":46},"end":{"line":329,"column":1}}}},"branchMap":{},"s":{"0":1,"1":1,"2":1,"3":2,"4":12},"f":{"0":2,"1":12},"b":{}}
,"K:\\LETS\\lets-roll-cursor\\backend\\src\\utils\\logger.ts": {"path":"K:\\LETS\\lets-roll-cursor\\backend\\src\\utils\\logger.ts","statementMap":{"0":{"start":{"line":30,"column":0},"end":{"line":30,"column":16}},"1":{"start":{"line":1,"column":0},"end":{"line":1,"column":23}},"2":{"start":{"line":7,"column":13},"end":{"line":25,"column":null}},"3":{"start":{"line":22,"column":6},"end":{"line":22,"column":null}},"4":{"start":{"line":31,"column":2},"end":{"line":31,"column":null}}},"fnMap":{"0":{"name":"(anonymous_1)","decl":{"start":{"line":21,"column":11},"end":{"line":21,"column":12}},"loc":{"start":{"line":21,"column":21},"end":{"line":23,"column":5}}},"1":{"name":"createLogger","decl":{"start":{"line":30,"column":16},"end":{"line":30,"column":28}},"loc":{"start":{"line":30,"column":44},"end":{"line":32,"column":1}}}},"branchMap":{"0":{"loc":{"start":{"line":8,"column":9},"end":{"line":8,"column":65}},"type":"cond-expr","locations":[{"start":{"line":8,"column":49},"end":{"line":8,"column":55}},{"start":{"line":8,"column":58},"end":{"line":8,"column":65}}]},"1":{"loc":{"start":{"line":10,"column":4},"end":{"line":19,"column":17}},"type":"cond-expr","locations":[{"start":{"line":11,"column":8},"end":{"line":18,"column":null}},{"start":{"line":19,"column":8},"end":{"line":19,"column":17}}]}},"s":{"0":11,"1":11,"2":11,"3":66,"4":0},"f":{"0":66,"1":0},"b":{"0":[0,11],"1":[11,0]}}
}
