{"K:\\LETS\\lets-roll-cursor-1\\backend\\src\\services\\abilityService.ts": {"path":"K:\\LETS\\lets-roll-cursor-1\\backend\\src\\services\\abilityService.ts","statementMap":{"0":{"start":{"line":1,"column":0},"end":{"line":1,"column":45}},"1":{"start":{"line":2,"column":0},"end":{"line":2,"column":40}},"2":{"start":{"line":9,"column":13},"end":{"line":241,"column":null}},"3":{"start":{"line":16,"column":4},"end":{"line":67,"column":5}},"4":{"start":{"line":17,"column":18},"end":{"line":30,"column":null}},"5":{"start":{"line":33,"column":6},"end":{"line":35,"column":7}},"6":{"start":{"line":34,"column":8},"end":{"line":34,"column":null}},"7":{"start":{"line":37,"column":6},"end":{"line":39,"column":7}},"8":{"start":{"line":38,"column":8},"end":{"line":38,"column":null}},"9":{"start":{"line":42,"column":6},"end":{"line":44,"column":7}},"10":{"start":{"line":43,"column":8},"end":{"line":43,"column":null}},"11":{"start":{"line":47,"column":20},"end":{"line":47,"column":39}},"12":{"start":{"line":48,"column":21},"end":{"line":48,"column":40}},"13":{"start":{"line":49,"column":6},"end":{"line":49,"column":null}},"14":{"start":{"line":51,"column":37},"end":{"line":51,"column":90}},"15":{"start":{"line":53,"column":6},"end":{"line":53,"column":null}},"16":{"start":{"line":53,"column":17},"end":{"line":53,"column":null}},"17":{"start":{"line":56,"column":6},"end":{"line":62,"column":null}},"18":{"start":{"line":64,"column":18},"end":{"line":64,"column":35}},"19":{"start":{"line":65,"column":6},"end":{"line":65,"column":null}},"20":{"start":{"line":66,"column":6},"end":{"line":66,"column":null}},"21":{"start":{"line":77,"column":4},"end":{"line":100,"column":5}},"22":{"start":{"line":78,"column":39},"end":{"line":91,"column":17}},"23":{"start":{"line":93,"column":6},"end":{"line":93,"column":null}},"24":{"start":{"line":93,"column":17},"end":{"line":93,"column":null}},"25":{"start":{"line":95,"column":6},"end":{"line":95,"column":null}},"26":{"start":{"line":97,"column":18},"end":{"line":97,"column":35}},"27":{"start":{"line":98,"column":6},"end":{"line":98,"column":null}},"28":{"start":{"line":99,"column":6},"end":{"line":99,"column":null}},"29":{"start":{"line":109,"column":4},"end":{"line":137,"column":5}},"30":{"start":{"line":110,"column":39},"end":{"line":128,"column":17}},"31":{"start":{"line":130,"column":6},"end":{"line":130,"column":null}},"32":{"start":{"line":130,"column":17},"end":{"line":130,"column":null}},"33":{"start":{"line":132,"column":6},"end":{"line":132,"column":null}},"34":{"start":{"line":134,"column":18},"end":{"line":134,"column":35}},"35":{"start":{"line":135,"column":6},"end":{"line":135,"column":null}},"36":{"start":{"line":136,"column":6},"end":{"line":136,"column":null}},"37":{"start":{"line":147,"column":4},"end":{"line":173,"column":5}},"38":{"start":{"line":148,"column":50},"end":{"line":150,"column":null}},"39":{"start":{"line":152,"column":6},"end":{"line":152,"column":null}},"40":{"start":{"line":152,"column":35},"end":{"line":152,"column":null}},"41":{"start":{"line":153,"column":6},"end":{"line":153,"column":null}},"42":{"start":{"line":153,"column":42},"end":{"line":153,"column":null}},"43":{"start":{"line":154,"column":6},"end":{"line":154,"column":null}},"44":{"start":{"line":154,"column":35},"end":{"line":154,"column":null}},"45":{"start":{"line":155,"column":6},"end":{"line":155,"column":null}},"46":{"start":{"line":155,"column":35},"end":{"line":155,"column":null}},"47":{"start":{"line":156,"column":6},"end":{"line":156,"column":null}},"48":{"start":{"line":156,"column":41},"end":{"line":156,"column":null}},"49":{"start":{"line":157,"column":6},"end":{"line":157,"column":null}},"50":{"start":{"line":157,"column":39},"end":{"line":157,"column":null}},"51":{"start":{"line":159,"column":39},"end":{"line":164,"column":17}},"52":{"start":{"line":166,"column":6},"end":{"line":166,"column":null}},"53":{"start":{"line":166,"column":17},"end":{"line":166,"column":null}},"54":{"start":{"line":168,"column":6},"end":{"line":168,"column":null}},"55":{"start":{"line":170,"column":18},"end":{"line":170,"column":35}},"56":{"start":{"line":171,"column":6},"end":{"line":171,"column":null}},"57":{"start":{"line":172,"column":6},"end":{"line":172,"column":null}},"58":{"start":{"line":181,"column":4},"end":{"line":189,"column":5}},"59":{"start":{"line":182,"column":24},"end":{"line":182,"column":78}},"60":{"start":{"line":184,"column":6},"end":{"line":184,"column":null}},"61":{"start":{"line":184,"column":17},"end":{"line":184,"column":null}},"62":{"start":{"line":186,"column":18},"end":{"line":186,"column":35}},"63":{"start":{"line":187,"column":6},"end":{"line":187,"column":null}},"64":{"start":{"line":188,"column":6},"end":{"line":188,"column":null}},"65":{"start":{"line":198,"column":4},"end":{"line":212,"column":5}},"66":{"start":{"line":199,"column":30},"end":{"line":203,"column":50}},"67":{"start":{"line":205,"column":6},"end":{"line":205,"column":null}},"68":{"start":{"line":205,"column":17},"end":{"line":205,"column":null}},"69":{"start":{"line":207,"column":6},"end":{"line":207,"column":null}},"70":{"start":{"line":209,"column":18},"end":{"line":209,"column":35}},"71":{"start":{"line":210,"column":6},"end":{"line":210,"column":null}},"72":{"start":{"line":211,"column":6},"end":{"line":211,"column":null}},"73":{"start":{"line":222,"column":4},"end":{"line":239,"column":5}},"74":{"start":{"line":224,"column":53},"end":{"line":228,"column":17}},"75":{"start":{"line":230,"column":6},"end":{"line":230,"column":null}},"76":{"start":{"line":230,"column":24},"end":{"line":230,"column":null}},"77":{"start":{"line":233,"column":35},"end":{"line":233,"column":69}},"78":{"start":{"line":234,"column":6},"end":{"line":234,"column":null}},"79":{"start":{"line":236,"column":18},"end":{"line":236,"column":35}},"80":{"start":{"line":237,"column":6},"end":{"line":237,"column":null}},"81":{"start":{"line":238,"column":6},"end":{"line":238,"column":null}}},"fnMap":{"0":{"name":"(anonymous_9)","decl":{"start":{"line":15,"column":2},"end":{"line":15,"column":7}},"loc":{"start":{"line":15,"column":106},"end":{"line":68,"column":3}}},"1":{"name":"(anonymous_10)","decl":{"start":{"line":76,"column":2},"end":{"line":76,"column":7}},"loc":{"start":{"line":76,"column":61},"end":{"line":101,"column":3}}},"2":{"name":"(anonymous_11)","decl":{"start":{"line":108,"column":2},"end":{"line":108,"column":7}},"loc":{"start":{"line":108,"column":33},"end":{"line":138,"column":3}}},"3":{"name":"(anonymous_12)","decl":{"start":{"line":146,"column":2},"end":{"line":146,"column":7}},"loc":{"start":{"line":146,"column":57},"end":{"line":174,"column":3}}},"4":{"name":"(anonymous_13)","decl":{"start":{"line":180,"column":2},"end":{"line":180,"column":7}},"loc":{"start":{"line":180,"column":32},"end":{"line":190,"column":3}}},"5":{"name":"(anonymous_14)","decl":{"start":{"line":197,"column":2},"end":{"line":197,"column":7}},"loc":{"start":{"line":197,"column":47},"end":{"line":213,"column":3}}},"6":{"name":"(anonymous_15)","decl":{"start":{"line":221,"column":2},"end":{"line":221,"column":7}},"loc":{"start":{"line":221,"column":71},"end":{"line":240,"column":3}}},"7":{"name":"(anonymous_16)","decl":{"start":{"line":233,"column":35},"end":{"line":233,"column":48}},"loc":{"start":{"line":233,"column":35},"end":{"line":233,"column":69}}}},"branchMap":{"0":{"loc":{"start":{"line":33,"column":6},"end":{"line":35,"column":7}},"type":"if","locations":[{"start":{"line":33,"column":6},"end":{"line":35,"column":7}},{"start":{},"end":{}}]},"1":{"loc":{"start":{"line":37,"column":6},"end":{"line":39,"column":7}},"type":"if","locations":[{"start":{"line":37,"column":6},"end":{"line":39,"column":7}},{"start":{},"end":{}}]},"2":{"loc":{"start":{"line":42,"column":6},"end":{"line":44,"column":7}},"type":"if","locations":[{"start":{"line":42,"column":6},"end":{"line":44,"column":7}},{"start":{},"end":{}}]},"3":{"loc":{"start":{"line":42,"column":10},"end":{"line":42,"column":63}},"type":"binary-expr","locations":[{"start":{"line":42,"column":10},"end":{"line":42,"column":29}},{"start":{"line":42,"column":33},"end":{"line":42,"column":63}}]},"4":{"loc":{"start":{"line":47,"column":20},"end":{"line":47,"column":39}},"type":"binary-expr","locations":[{"start":{"line":47,"column":20},"end":{"line":47,"column":33}},{"start":{"line":47,"column":37},"end":{"line":47,"column":39}}]},"5":{"loc":{"start":{"line":48,"column":21},"end":{"line":48,"column":40}},"type":"binary-expr","locations":[{"start":{"line":48,"column":21},"end":{"line":48,"column":35}},{"start":{"line":48,"column":39},"end":{"line":48,"column":40}}]},"6":{"loc":{"start":{"line":53,"column":6},"end":{"line":53,"column":null}},"type":"if","locations":[{"start":{"line":53,"column":6},"end":{"line":53,"column":null}},{"start":{},"end":{}}]},"7":{"loc":{"start":{"line":57,"column":14},"end":{"line":57,"column":24}},"type":"binary-expr","locations":[{"start":{"line":57,"column":14},"end":{"line":57,"column":18}},{"start":{"line":57,"column":22},"end":{"line":57,"column":24}}]},"8":{"loc":{"start":{"line":58,"column":15},"end":{"line":58,"column":25}},"type":"binary-expr","locations":[{"start":{"line":58,"column":15},"end":{"line":58,"column":20}},{"start":{"line":58,"column":24},"end":{"line":58,"column":25}}]},"9":{"loc":{"start":{"line":61,"column":18},"end":{"line":61,"column":28}},"type":"binary-expr","locations":[{"start":{"line":61,"column":18},"end":{"line":61,"column":23}},{"start":{"line":61,"column":27},"end":{"line":61,"column":28}}]},"10":{"loc":{"start":{"line":66,"column":56},"end":{"line":66,"column":90}},"type":"binary-expr","locations":[{"start":{"line":66,"column":56},"end":{"line":66,"column":67}},{"start":{"line":66,"column":71},"end":{"line":66,"column":90}}]},"11":{"loc":{"start":{"line":81,"column":23},"end":{"line":81,"column":46}},"type":"binary-expr","locations":[{"start":{"line":81,"column":23},"end":{"line":81,"column":38}},{"start":{"line":81,"column":42},"end":{"line":81,"column":46}}]},"12":{"loc":{"start":{"line":84,"column":23},"end":{"line":84,"column":47}},"type":"binary-expr","locations":[{"start":{"line":84,"column":23},"end":{"line":84,"column":39}},{"start":{"line":84,"column":43},"end":{"line":84,"column":47}}]},"13":{"loc":{"start":{"line":85,"column":16},"end":{"line":85,"column":33}},"type":"binary-expr","locations":[{"start":{"line":85,"column":16},"end":{"line":85,"column":25}},{"start":{"line":85,"column":29},"end":{"line":85,"column":33}}]},"14":{"loc":{"start":{"line":86,"column":16},"end":{"line":86,"column":31}},"type":"binary-expr","locations":[{"start":{"line":86,"column":16},"end":{"line":86,"column":25}},{"start":{"line":86,"column":29},"end":{"line":86,"column":31}}]},"15":{"loc":{"start":{"line":87,"column":22},"end":{"line":87,"column":43}},"type":"binary-expr","locations":[{"start":{"line":87,"column":22},"end":{"line":87,"column":37}},{"start":{"line":87,"column":41},"end":{"line":87,"column":43}}]},"16":{"loc":{"start":{"line":88,"column":21},"end":{"line":88,"column":43}},"type":"binary-expr","locations":[{"start":{"line":88,"column":21},"end":{"line":88,"column":34}},{"start":{"line":88,"column":38},"end":{"line":88,"column":43}}]},"17":{"loc":{"start":{"line":93,"column":6},"end":{"line":93,"column":null}},"type":"if","locations":[{"start":{"line":93,"column":6},"end":{"line":93,"column":null}},{"start":{},"end":{}}]},"18":{"loc":{"start":{"line":99,"column":54},"end":{"line":99,"column":88}},"type":"binary-expr","locations":[{"start":{"line":99,"column":54},"end":{"line":99,"column":65}},{"start":{"line":99,"column":69},"end":{"line":99,"column":88}}]},"19":{"loc":{"start":{"line":130,"column":6},"end":{"line":130,"column":null}},"type":"if","locations":[{"start":{"line":130,"column":6},"end":{"line":130,"column":null}},{"start":{},"end":{}}]},"20":{"loc":{"start":{"line":136,"column":55},"end":{"line":136,"column":89}},"type":"binary-expr","locations":[{"start":{"line":136,"column":55},"end":{"line":136,"column":66}},{"start":{"line":136,"column":70},"end":{"line":136,"column":89}}]},"21":{"loc":{"start":{"line":152,"column":6},"end":{"line":152,"column":null}},"type":"if","locations":[{"start":{"line":152,"column":6},"end":{"line":152,"column":null}},{"start":{},"end":{}}]},"22":{"loc":{"start":{"line":153,"column":6},"end":{"line":153,"column":null}},"type":"if","locations":[{"start":{"line":153,"column":6},"end":{"line":153,"column":null}},{"start":{},"end":{}}]},"23":{"loc":{"start":{"line":154,"column":6},"end":{"line":154,"column":null}},"type":"if","locations":[{"start":{"line":154,"column":6},"end":{"line":154,"column":null}},{"start":{},"end":{}}]},"24":{"loc":{"start":{"line":155,"column":6},"end":{"line":155,"column":null}},"type":"if","locations":[{"start":{"line":155,"column":6},"end":{"line":155,"column":null}},{"start":{},"end":{}}]},"25":{"loc":{"start":{"line":156,"column":6},"end":{"line":156,"column":null}},"type":"if","locations":[{"start":{"line":156,"column":6},"end":{"line":156,"column":null}},{"start":{},"end":{}}]},"26":{"loc":{"start":{"line":157,"column":6},"end":{"line":157,"column":null}},"type":"if","locations":[{"start":{"line":157,"column":6},"end":{"line":157,"column":null}},{"start":{},"end":{}}]},"27":{"loc":{"start":{"line":166,"column":6},"end":{"line":166,"column":null}},"type":"if","locations":[{"start":{"line":166,"column":6},"end":{"line":166,"column":null}},{"start":{},"end":{}}]},"28":{"loc":{"start":{"line":172,"column":58},"end":{"line":172,"column":92}},"type":"binary-expr","locations":[{"start":{"line":172,"column":58},"end":{"line":172,"column":69}},{"start":{"line":172,"column":73},"end":{"line":172,"column":92}}]},"29":{"loc":{"start":{"line":184,"column":6},"end":{"line":184,"column":null}},"type":"if","locations":[{"start":{"line":184,"column":6},"end":{"line":184,"column":null}},{"start":{},"end":{}}]},"30":{"loc":{"start":{"line":188,"column":56},"end":{"line":188,"column":90}},"type":"binary-expr","locations":[{"start":{"line":188,"column":56},"end":{"line":188,"column":67}},{"start":{"line":188,"column":71},"end":{"line":188,"column":90}}]},"31":{"loc":{"start":{"line":205,"column":6},"end":{"line":205,"column":null}},"type":"if","locations":[{"start":{"line":205,"column":6},"end":{"line":205,"column":null}},{"start":{},"end":{}}]},"32":{"loc":{"start":{"line":207,"column":13},"end":{"line":207,"column":23}},"type":"binary-expr","locations":[{"start":{"line":207,"column":13},"end":{"line":207,"column":17}},{"start":{"line":207,"column":21},"end":{"line":207,"column":23}}]},"33":{"loc":{"start":{"line":211,"column":68},"end":{"line":211,"column":102}},"type":"binary-expr","locations":[{"start":{"line":211,"column":68},"end":{"line":211,"column":79}},{"start":{"line":211,"column":83},"end":{"line":211,"column":102}}]},"34":{"loc":{"start":{"line":230,"column":6},"end":{"line":230,"column":null}},"type":"if","locations":[{"start":{"line":230,"column":6},"end":{"line":230,"column":null}},{"start":{},"end":{}}]},"35":{"loc":{"start":{"line":238,"column":57},"end":{"line":238,"column":91}},"type":"binary-expr","locations":[{"start":{"line":238,"column":57},"end":{"line":238,"column":68}},{"start":{"line":238,"column":72},"end":{"line":238,"column":91}}]}},"s":{"0":1,"1":1,"2":1,"3":0,"4":0,"5":0,"6":0,"7":0,"8":0,"9":0,"10":0,"11":0,"12":0,"13":0,"14":0,"15":0,"16":0,"17":0,"18":0,"19":0,"20":0,"21":0,"22":0,"23":0,"24":0,"25":0,"26":0,"27":0,"28":0,"29":0,"30":0,"31":0,"32":0,"33":0,"34":0,"35":0,"36":0,"37":0,"38":0,"39":0,"40":0,"41":0,"42":0,"43":0,"44":0,"45":0,"46":0,"47":0,"48":0,"49":0,"50":0,"51":0,"52":0,"53":0,"54":0,"55":0,"56":0,"57":0,"58":0,"59":0,"60":0,"61":0,"62":0,"63":0,"64":0,"65":0,"66":0,"67":0,"68":0,"69":0,"70":0,"71":0,"72":0,"73":0,"74":0,"75":0,"76":0,"77":0,"78":0,"79":0,"80":0,"81":0},"f":{"0":0,"1":0,"2":0,"3":0,"4":0,"5":0,"6":0,"7":0},"b":{"0":[0,0],"1":[0,0],"2":[0,0],"3":[0,0],"4":[0,0],"5":[0,0],"6":[0,0],"7":[0,0],"8":[0,0],"9":[0,0],"10":[0,0],"11":[0,0],"12":[0,0],"13":[0,0],"14":[0,0],"15":[0,0],"16":[0,0],"17":[0,0],"18":[0,0],"19":[0,0],"20":[0,0],"21":[0,0],"22":[0,0],"23":[0,0],"24":[0,0],"25":[0,0],"26":[0,0],"27":[0,0],"28":[0,0],"29":[0,0],"30":[0,0],"31":[0,0],"32":[0,0],"33":[0,0],"34":[0,0],"35":[0,0]}}
,"K:\\LETS\\lets-roll-cursor-1\\backend\\src\\services\\ammunitionService.ts": {"path":"K:\\LETS\\lets-roll-cursor-1\\backend\\src\\services\\ammunitionService.ts","statementMap":{"0":{"start":{"line":6,"column":0},"end":{"line":6,"column":45}},"1":{"start":{"line":7,"column":0},"end":{"line":7,"column":40}},"2":{"start":{"line":17,"column":13},"end":{"line":259,"column":null}},"3":{"start":{"line":25,"column":4},"end":{"line":53,"column":5}},"4":{"start":{"line":26,"column":30},"end":{"line":31,"column":17}},"5":{"start":{"line":33,"column":6},"end":{"line":36,"column":7}},"6":{"start":{"line":35,"column":8},"end":{"line":35,"column":null}},"7":{"start":{"line":39,"column":6},"end":{"line":41,"column":7}},"8":{"start":{"line":40,"column":8},"end":{"line":40,"column":null}},"9":{"start":{"line":43,"column":6},"end":{"line":48,"column":null}},"10":{"start":{"line":50,"column":18},"end":{"line":50,"column":35}},"11":{"start":{"line":51,"column":6},"end":{"line":51,"column":null}},"12":{"start":{"line":52,"column":6},"end":{"line":52,"column":null}},"13":{"start":{"line":68,"column":4},"end":{"line":92,"column":5}},"14":{"start":{"line":69,"column":30},"end":{"line":78,"column":17}},"15":{"start":{"line":80,"column":6},"end":{"line":80,"column":null}},"16":{"start":{"line":80,"column":17},"end":{"line":80,"column":null}},"17":{"start":{"line":82,"column":6},"end":{"line":87,"column":null}},"18":{"start":{"line":89,"column":18},"end":{"line":89,"column":35}},"19":{"start":{"line":90,"column":6},"end":{"line":90,"column":null}},"20":{"start":{"line":91,"column":6},"end":{"line":91,"column":null}},"21":{"start":{"line":107,"column":4},"end":{"line":139,"column":5}},"22":{"start":{"line":108,"column":27},"end":{"line":108,"column":80}},"23":{"start":{"line":109,"column":28},"end":{"line":109,"column":73}},"24":{"start":{"line":111,"column":30},"end":{"line":120,"column":17}},"25":{"start":{"line":122,"column":6},"end":{"line":122,"column":null}},"26":{"start":{"line":122,"column":17},"end":{"line":122,"column":null}},"27":{"start":{"line":124,"column":6},"end":{"line":127,"column":null}},"28":{"start":{"line":129,"column":6},"end":{"line":134,"column":null}},"29":{"start":{"line":136,"column":18},"end":{"line":136,"column":35}},"30":{"start":{"line":137,"column":6},"end":{"line":137,"column":null}},"31":{"start":{"line":138,"column":6},"end":{"line":138,"column":null}},"32":{"start":{"line":154,"column":4},"end":{"line":186,"column":5}},"33":{"start":{"line":155,"column":27},"end":{"line":155,"column":80}},"34":{"start":{"line":156,"column":28},"end":{"line":156,"column":75}},"35":{"start":{"line":158,"column":30},"end":{"line":167,"column":17}},"36":{"start":{"line":169,"column":6},"end":{"line":169,"column":null}},"37":{"start":{"line":169,"column":17},"end":{"line":169,"column":null}},"38":{"start":{"line":171,"column":6},"end":{"line":174,"column":null}},"39":{"start":{"line":176,"column":6},"end":{"line":181,"column":null}},"40":{"start":{"line":183,"column":18},"end":{"line":183,"column":35}},"41":{"start":{"line":184,"column":6},"end":{"line":184,"column":null}},"42":{"start":{"line":185,"column":6},"end":{"line":185,"column":null}},"43":{"start":{"line":201,"column":4},"end":{"line":232,"column":5}},"44":{"start":{"line":202,"column":28},"end":{"line":202,"column":62}},"45":{"start":{"line":204,"column":30},"end":{"line":218,"column":17}},"46":{"start":{"line":220,"column":6},"end":{"line":220,"column":null}},"47":{"start":{"line":220,"column":17},"end":{"line":220,"column":null}},"48":{"start":{"line":222,"column":6},"end":{"line":227,"column":null}},"49":{"start":{"line":229,"column":18},"end":{"line":229,"column":35}},"50":{"start":{"line":230,"column":6},"end":{"line":230,"column":null}},"51":{"start":{"line":231,"column":6},"end":{"line":231,"column":null}},"52":{"start":{"line":241,"column":4},"end":{"line":257,"column":5}},"53":{"start":{"line":242,"column":24},"end":{"line":248,"column":36}},"54":{"start":{"line":250,"column":6},"end":{"line":250,"column":null}},"55":{"start":{"line":250,"column":17},"end":{"line":250,"column":null}},"56":{"start":{"line":252,"column":6},"end":{"line":252,"column":null}},"57":{"start":{"line":254,"column":18},"end":{"line":254,"column":35}},"58":{"start":{"line":255,"column":6},"end":{"line":255,"column":null}},"59":{"start":{"line":256,"column":6},"end":{"line":256,"column":null}}},"fnMap":{"0":{"name":"(anonymous_0)","decl":{"start":{"line":24,"column":2},"end":{"line":24,"column":7}},"loc":{"start":{"line":24,"column":65},"end":{"line":54,"column":3}}},"1":{"name":"(anonymous_1)","decl":{"start":{"line":63,"column":2},"end":{"line":63,"column":7}},"loc":{"start":{"line":66,"column":29},"end":{"line":93,"column":3}}},"2":{"name":"(anonymous_2)","decl":{"start":{"line":102,"column":2},"end":{"line":102,"column":7}},"loc":{"start":{"line":105,"column":22},"end":{"line":140,"column":3}}},"3":{"name":"(anonymous_3)","decl":{"start":{"line":149,"column":2},"end":{"line":149,"column":7}},"loc":{"start":{"line":152,"column":23},"end":{"line":187,"column":3}}},"4":{"name":"(anonymous_4)","decl":{"start":{"line":196,"column":2},"end":{"line":196,"column":7}},"loc":{"start":{"line":199,"column":18},"end":{"line":233,"column":3}}},"5":{"name":"(anonymous_5)","decl":{"start":{"line":240,"column":2},"end":{"line":240,"column":7}},"loc":{"start":{"line":240,"column":71},"end":{"line":258,"column":3}}}},"branchMap":{"0":{"loc":{"start":{"line":33,"column":6},"end":{"line":36,"column":7}},"type":"if","locations":[{"start":{"line":33,"column":6},"end":{"line":36,"column":7}},{"start":{},"end":{}}]},"1":{"loc":{"start":{"line":33,"column":10},"end":{"line":33,"column":44}},"type":"binary-expr","locations":[{"start":{"line":33,"column":10},"end":{"line":33,"column":15}},{"start":{"line":33,"column":19},"end":{"line":33,"column":44}}]},"2":{"loc":{"start":{"line":39,"column":6},"end":{"line":41,"column":7}},"type":"if","locations":[{"start":{"line":39,"column":6},"end":{"line":41,"column":7}},{"start":{},"end":{}}]},"3":{"loc":{"start":{"line":46,"column":20},"end":{"line":46,"column":42}},"type":"binary-expr","locations":[{"start":{"line":46,"column":20},"end":{"line":46,"column":35}},{"start":{"line":46,"column":39},"end":{"line":46,"column":42}}]},"4":{"loc":{"start":{"line":52,"column":61},"end":{"line":52,"column":95}},"type":"binary-expr","locations":[{"start":{"line":52,"column":61},"end":{"line":52,"column":72}},{"start":{"line":52,"column":76},"end":{"line":52,"column":95}}]},"5":{"loc":{"start":{"line":66,"column":4},"end":{"line":66,"column":29}},"type":"default-arg","locations":[{"start":{"line":66,"column":26},"end":{"line":66,"column":29}}]},"6":{"loc":{"start":{"line":80,"column":6},"end":{"line":80,"column":null}},"type":"if","locations":[{"start":{"line":80,"column":6},"end":{"line":80,"column":null}},{"start":{},"end":{}}]},"7":{"loc":{"start":{"line":91,"column":57},"end":{"line":91,"column":91}},"type":"binary-expr","locations":[{"start":{"line":91,"column":57},"end":{"line":91,"column":68}},{"start":{"line":91,"column":72},"end":{"line":91,"column":91}}]},"8":{"loc":{"start":{"line":105,"column":4},"end":{"line":105,"column":22}},"type":"default-arg","locations":[{"start":{"line":105,"column":21},"end":{"line":105,"column":22}}]},"9":{"loc":{"start":{"line":122,"column":6},"end":{"line":122,"column":null}},"type":"if","locations":[{"start":{"line":122,"column":6},"end":{"line":122,"column":null}},{"start":{},"end":{}}]},"10":{"loc":{"start":{"line":138,"column":52},"end":{"line":138,"column":86}},"type":"binary-expr","locations":[{"start":{"line":138,"column":52},"end":{"line":138,"column":63}},{"start":{"line":138,"column":67},"end":{"line":138,"column":86}}]},"11":{"loc":{"start":{"line":152,"column":4},"end":{"line":152,"column":23}},"type":"default-arg","locations":[{"start":{"line":152,"column":21},"end":{"line":152,"column":23}}]},"12":{"loc":{"start":{"line":169,"column":6},"end":{"line":169,"column":null}},"type":"if","locations":[{"start":{"line":169,"column":6},"end":{"line":169,"column":null}},{"start":{},"end":{}}]},"13":{"loc":{"start":{"line":185,"column":56},"end":{"line":185,"column":90}},"type":"binary-expr","locations":[{"start":{"line":185,"column":56},"end":{"line":185,"column":67}},{"start":{"line":185,"column":71},"end":{"line":185,"column":90}}]},"14":{"loc":{"start":{"line":220,"column":6},"end":{"line":220,"column":null}},"type":"if","locations":[{"start":{"line":220,"column":6},"end":{"line":220,"column":null}},{"start":{},"end":{}}]},"15":{"loc":{"start":{"line":231,"column":53},"end":{"line":231,"column":87}},"type":"binary-expr","locations":[{"start":{"line":231,"column":53},"end":{"line":231,"column":64}},{"start":{"line":231,"column":68},"end":{"line":231,"column":87}}]},"16":{"loc":{"start":{"line":240,"column":50},"end":{"line":240,"column":71}},"type":"default-arg","locations":[{"start":{"line":240,"column":68},"end":{"line":240,"column":71}}]},"17":{"loc":{"start":{"line":250,"column":6},"end":{"line":250,"column":null}},"type":"if","locations":[{"start":{"line":250,"column":6},"end":{"line":250,"column":null}},{"start":{},"end":{}}]},"18":{"loc":{"start":{"line":256,"column":63},"end":{"line":256,"column":97}},"type":"binary-expr","locations":[{"start":{"line":256,"column":63},"end":{"line":256,"column":74}},{"start":{"line":256,"column":78},"end":{"line":256,"column":97}}]}},"s":{"0":1,"1":1,"2":1,"3":6,"4":6,"5":6,"6":0,"7":6,"8":1,"9":5,"10":1,"11":1,"12":1,"13":3,"14":3,"15":0,"16":0,"17":0,"18":3,"19":3,"20":3,"21":2,"22":2,"23":2,"24":2,"25":2,"26":0,"27":2,"28":2,"29":0,"30":0,"31":0,"32":2,"33":2,"34":2,"35":2,"36":2,"37":0,"38":2,"39":2,"40":0,"41":0,"42":0,"43":3,"44":3,"45":3,"46":3,"47":0,"48":3,"49":0,"50":0,"51":0,"52":1,"53":1,"54":1,"55":0,"56":1,"57":0,"58":0,"59":0},"f":{"0":6,"1":3,"2":2,"3":2,"4":3,"5":1},"b":{"0":[0,6],"1":[6,1],"2":[1,5],"3":[5,0],"4":[1,0],"5":[2],"6":[0,0],"7":[3,0],"8":[0],"9":[0,2],"10":[0,0],"11":[0],"12":[0,2],"13":[0,0],"14":[0,3],"15":[0,0],"16":[1],"17":[0,1],"18":[0,0]}}
,"K:\\LETS\\lets-roll-cursor-1\\backend\\src\\services\\cache.ts": {"path":"K:\\LETS\\lets-roll-cursor-1\\backend\\src\\services\\cache.ts","statementMap":{"0":{"start":{"line":29,"column":0},"end":{"line":29,"column":7}},"1":{"start":{"line":61,"column":0},"end":{"line":61,"column":7}},"2":{"start":{"line":88,"column":0},"end":{"line":88,"column":7}},"3":{"start":{"line":105,"column":0},"end":{"line":105,"column":7}},"4":{"start":{"line":131,"column":0},"end":{"line":131,"column":7}},"5":{"start":{"line":148,"column":0},"end":{"line":148,"column":16}},"6":{"start":{"line":166,"column":0},"end":{"line":166,"column":16}},"7":{"start":{"line":182,"column":0},"end":{"line":182,"column":16}},"8":{"start":{"line":198,"column":0},"end":{"line":198,"column":16}},"9":{"start":{"line":5,"column":0},"end":{"line":5,"column":48}},"10":{"start":{"line":6,"column":0},"end":{"line":6,"column":40}},"11":{"start":{"line":9,"column":20},"end":{"line":9,"column":75}},"12":{"start":{"line":15,"column":14},"end":{"line":15,"column":24}},"13":{"start":{"line":16,"column":2},"end":{"line":20,"column":3}},"14":{"start":{"line":17,"column":4},"end":{"line":19,"column":5}},"15":{"start":{"line":18,"column":6},"end":{"line":18,"column":null}},"16":{"start":{"line":24,"column":0},"end":{"line":24,"column":null}},"17":{"start":{"line":30,"column":16},"end":{"line":30,"column":32}},"18":{"start":{"line":32,"column":2},"end":{"line":43,"column":3}},"19":{"start":{"line":33,"column":4},"end":{"line":42,"column":5}},"20":{"start":{"line":34,"column":20},"end":{"line":34,"column":40}},"21":{"start":{"line":35,"column":6},"end":{"line":37,"column":7}},"22":{"start":{"line":36,"column":8},"end":{"line":36,"column":null}},"23":{"start":{"line":38,"column":6},"end":{"line":38,"column":null}},"24":{"start":{"line":40,"column":6},"end":{"line":40,"column":null}},"25":{"start":{"line":46,"column":17},"end":{"line":46,"column":37}},"26":{"start":{"line":47,"column":2},"end":{"line":49,"column":3}},"27":{"start":{"line":48,"column":4},"end":{"line":48,"column":null}},"28":{"start":{"line":51,"column":2},"end":{"line":53,"column":3}},"29":{"start":{"line":52,"column":4},"end":{"line":52,"column":null}},"30":{"start":{"line":55,"column":2},"end":{"line":55,"column":null}},"31":{"start":{"line":66,"column":16},"end":{"line":66,"column":32}},"32":{"start":{"line":68,"column":2},"end":{"line":76,"column":3}},"33":{"start":{"line":69,"column":4},"end":{"line":75,"column":5}},"34":{"start":{"line":70,"column":6},"end":{"line":70,"column":null}},"35":{"start":{"line":71,"column":6},"end":{"line":71,"column":12}},"36":{"start":{"line":73,"column":6},"end":{"line":73,"column":null}},"37":{"start":{"line":79,"column":2},"end":{"line":82,"column":null}},"38":{"start":{"line":89,"column":16},"end":{"line":89,"column":32}},"39":{"start":{"line":91,"column":2},"end":{"line":97,"column":3}},"40":{"start":{"line":92,"column":4},"end":{"line":96,"column":5}},"41":{"start":{"line":93,"column":6},"end":{"line":93,"column":null}},"42":{"start":{"line":95,"column":6},"end":{"line":95,"column":null}},"43":{"start":{"line":99,"column":2},"end":{"line":99,"column":null}},"44":{"start":{"line":106,"column":16},"end":{"line":106,"column":32}},"45":{"start":{"line":108,"column":2},"end":{"line":117,"column":3}},"46":{"start":{"line":109,"column":4},"end":{"line":116,"column":5}},"47":{"start":{"line":110,"column":19},"end":{"line":110,"column":44}},"48":{"start":{"line":111,"column":6},"end":{"line":113,"column":7}},"49":{"start":{"line":112,"column":8},"end":{"line":112,"column":null}},"50":{"start":{"line":115,"column":6},"end":{"line":115,"column":null}},"51":{"start":{"line":120,"column":16},"end":{"line":120,"column":54}},"52":{"start":{"line":121,"column":2},"end":{"line":125,"column":3}},"53":{"start":{"line":122,"column":4},"end":{"line":124,"column":5}},"54":{"start":{"line":123,"column":6},"end":{"line":123,"column":null}},"55":{"start":{"line":132,"column":16},"end":{"line":132,"column":32}},"56":{"start":{"line":134,"column":2},"end":{"line":140,"column":3}},"57":{"start":{"line":135,"column":4},"end":{"line":139,"column":5}},"58":{"start":{"line":136,"column":6},"end":{"line":136,"column":null}},"59":{"start":{"line":138,"column":6},"end":{"line":138,"column":null}},"60":{"start":{"line":142,"column":2},"end":{"line":142,"column":null}},"61":{"start":{"line":153,"column":16},"end":{"line":153,"column":30}},"62":{"start":{"line":154,"column":2},"end":{"line":159,"column":3}},"63":{"start":{"line":155,"column":4},"end":{"line":155,"column":null}},"64":{"start":{"line":157,"column":4},"end":{"line":157,"column":null}},"65":{"start":{"line":157,"column":28},"end":{"line":157,"column":null}},"66":{"start":{"line":158,"column":4},"end":{"line":158,"column":null}},"67":{"start":{"line":158,"column":24},"end":{"line":158,"column":null}},"68":{"start":{"line":160,"column":2},"end":{"line":160,"column":null}},"69":{"start":{"line":170,"column":16},"end":{"line":170,"column":29}},"70":{"start":{"line":171,"column":2},"end":{"line":175,"column":3}},"71":{"start":{"line":172,"column":4},"end":{"line":172,"column":null}},"72":{"start":{"line":173,"column":9},"end":{"line":175,"column":3}},"73":{"start":{"line":174,"column":4},"end":{"line":174,"column":null}},"74":{"start":{"line":176,"column":2},"end":{"line":176,"column":null}},"75":{"start":{"line":186,"column":16},"end":{"line":186,"column":29}},"76":{"start":{"line":187,"column":2},"end":{"line":191,"column":3}},"77":{"start":{"line":188,"column":4},"end":{"line":188,"column":null}},"78":{"start":{"line":189,"column":9},"end":{"line":191,"column":3}},"79":{"start":{"line":190,"column":4},"end":{"line":190,"column":null}},"80":{"start":{"line":192,"column":2},"end":{"line":192,"column":null}},"81":{"start":{"line":203,"column":16},"end":{"line":203,"column":27}},"82":{"start":{"line":204,"column":2},"end":{"line":209,"column":3}},"83":{"start":{"line":205,"column":4},"end":{"line":205,"column":null}},"84":{"start":{"line":207,"column":4},"end":{"line":207,"column":null}},"85":{"start":{"line":207,"column":28},"end":{"line":207,"column":null}},"86":{"start":{"line":208,"column":4},"end":{"line":208,"column":null}},"87":{"start":{"line":208,"column":27},"end":{"line":208,"column":null}},"88":{"start":{"line":210,"column":2},"end":{"line":210,"column":null}}},"fnMap":{"0":{"name":"cleanMemoryCache","decl":{"start":{"line":14,"column":9},"end":{"line":14,"column":25}},"loc":{"start":{"line":14,"column":25},"end":{"line":21,"column":1}}},"1":{"name":"getCache","decl":{"start":{"line":29,"column":22},"end":{"line":29,"column":30}},"loc":{"start":{"line":29,"column":45},"end":{"line":56,"column":1}}},"2":{"name":"setCache","decl":{"start":{"line":61,"column":22},"end":{"line":61,"column":30}},"loc":{"start":{"line":64,"column":26},"end":{"line":83,"column":1}}},"3":{"name":"deleteCache","decl":{"start":{"line":88,"column":22},"end":{"line":88,"column":33}},"loc":{"start":{"line":88,"column":45},"end":{"line":100,"column":1}}},"4":{"name":"deleteCachePattern","decl":{"start":{"line":105,"column":22},"end":{"line":105,"column":40}},"loc":{"start":{"line":105,"column":56},"end":{"line":126,"column":1}}},"5":{"name":"clearCache","decl":{"start":{"line":131,"column":22},"end":{"line":131,"column":32}},"loc":{"start":{"line":131,"column":32},"end":{"line":143,"column":1}}},"6":{"name":"getCharacterCacheKey","decl":{"start":{"line":148,"column":16},"end":{"line":148,"column":36}},"loc":{"start":{"line":152,"column":1},"end":{"line":161,"column":1}}},"7":{"name":"getCampaignCacheKey","decl":{"start":{"line":166,"column":16},"end":{"line":166,"column":35}},"loc":{"start":{"line":169,"column":1},"end":{"line":177,"column":1}}},"8":{"name":"getCreatureCacheKey","decl":{"start":{"line":182,"column":16},"end":{"line":182,"column":35}},"loc":{"start":{"line":185,"column":1},"end":{"line":193,"column":1}}},"9":{"name":"getMomentCacheKey","decl":{"start":{"line":198,"column":16},"end":{"line":198,"column":33}},"loc":{"start":{"line":202,"column":1},"end":{"line":211,"column":1}}}},"branchMap":{"0":{"loc":{"start":{"line":17,"column":4},"end":{"line":19,"column":5}},"type":"if","locations":[{"start":{"line":17,"column":4},"end":{"line":19,"column":5}},{"start":{},"end":{}}]},"1":{"loc":{"start":{"line":32,"column":2},"end":{"line":43,"column":3}},"type":"if","locations":[{"start":{"line":32,"column":2},"end":{"line":43,"column":3}},{"start":{},"end":{}}]},"2":{"loc":{"start":{"line":35,"column":6},"end":{"line":37,"column":7}},"type":"if","locations":[{"start":{"line":35,"column":6},"end":{"line":37,"column":7}},{"start":{},"end":{}}]},"3":{"loc":{"start":{"line":47,"column":2},"end":{"line":49,"column":3}},"type":"if","locations":[{"start":{"line":47,"column":2},"end":{"line":49,"column":3}},{"start":{},"end":{}}]},"4":{"loc":{"start":{"line":47,"column":6},"end":{"line":47,"column":45}},"type":"binary-expr","locations":[{"start":{"line":47,"column":6},"end":{"line":47,"column":12}},{"start":{"line":47,"column":16},"end":{"line":47,"column":45}}]},"5":{"loc":{"start":{"line":51,"column":2},"end":{"line":53,"column":3}},"type":"if","locations":[{"start":{"line":51,"column":2},"end":{"line":53,"column":3}},{"start":{},"end":{}}]},"6":{"loc":{"start":{"line":64,"column":2},"end":{"line":64,"column":26}},"type":"default-arg","locations":[{"start":{"line":64,"column":23},"end":{"line":64,"column":26}}]},"7":{"loc":{"start":{"line":68,"column":2},"end":{"line":76,"column":3}},"type":"if","locations":[{"start":{"line":68,"column":2},"end":{"line":76,"column":3}},{"start":{},"end":{}}]},"8":{"loc":{"start":{"line":91,"column":2},"end":{"line":97,"column":3}},"type":"if","locations":[{"start":{"line":91,"column":2},"end":{"line":97,"column":3}},{"start":{},"end":{}}]},"9":{"loc":{"start":{"line":108,"column":2},"end":{"line":117,"column":3}},"type":"if","locations":[{"start":{"line":108,"column":2},"end":{"line":117,"column":3}},{"start":{},"end":{}}]},"10":{"loc":{"start":{"line":111,"column":6},"end":{"line":113,"column":7}},"type":"if","locations":[{"start":{"line":111,"column":6},"end":{"line":113,"column":7}},{"start":{},"end":{}}]},"11":{"loc":{"start":{"line":122,"column":4},"end":{"line":124,"column":5}},"type":"if","locations":[{"start":{"line":122,"column":4},"end":{"line":124,"column":5}},{"start":{},"end":{}}]},"12":{"loc":{"start":{"line":134,"column":2},"end":{"line":140,"column":3}},"type":"if","locations":[{"start":{"line":134,"column":2},"end":{"line":140,"column":3}},{"start":{},"end":{}}]},"13":{"loc":{"start":{"line":154,"column":2},"end":{"line":159,"column":3}},"type":"if","locations":[{"start":{"line":154,"column":2},"end":{"line":159,"column":3}},{"start":{"line":156,"column":9},"end":{"line":159,"column":3}}]},"14":{"loc":{"start":{"line":157,"column":4},"end":{"line":157,"column":null}},"type":"if","locations":[{"start":{"line":157,"column":4},"end":{"line":157,"column":null}},{"start":{},"end":{}}]},"15":{"loc":{"start":{"line":158,"column":4},"end":{"line":158,"column":null}},"type":"if","locations":[{"start":{"line":158,"column":4},"end":{"line":158,"column":null}},{"start":{},"end":{}}]},"16":{"loc":{"start":{"line":171,"column":2},"end":{"line":175,"column":3}},"type":"if","locations":[{"start":{"line":171,"column":2},"end":{"line":175,"column":3}},{"start":{"line":173,"column":9},"end":{"line":175,"column":3}}]},"17":{"loc":{"start":{"line":173,"column":9},"end":{"line":175,"column":3}},"type":"if","locations":[{"start":{"line":173,"column":9},"end":{"line":175,"column":3}},{"start":{},"end":{}}]},"18":{"loc":{"start":{"line":187,"column":2},"end":{"line":191,"column":3}},"type":"if","locations":[{"start":{"line":187,"column":2},"end":{"line":191,"column":3}},{"start":{"line":189,"column":9},"end":{"line":191,"column":3}}]},"19":{"loc":{"start":{"line":189,"column":9},"end":{"line":191,"column":3}},"type":"if","locations":[{"start":{"line":189,"column":9},"end":{"line":191,"column":3}},{"start":{},"end":{}}]},"20":{"loc":{"start":{"line":204,"column":2},"end":{"line":209,"column":3}},"type":"if","locations":[{"start":{"line":204,"column":2},"end":{"line":209,"column":3}},{"start":{"line":206,"column":9},"end":{"line":209,"column":3}}]},"21":{"loc":{"start":{"line":207,"column":4},"end":{"line":207,"column":null}},"type":"if","locations":[{"start":{"line":207,"column":4},"end":{"line":207,"column":null}},{"start":{},"end":{}}]},"22":{"loc":{"start":{"line":208,"column":4},"end":{"line":208,"column":null}},"type":"if","locations":[{"start":{"line":208,"column":4},"end":{"line":208,"column":null}},{"start":{},"end":{}}]}},"s":{"0":0,"1":0,"2":0,"3":0,"4":0,"5":0,"6":0,"7":0,"8":0,"9":0,"10":0,"11":0,"12":0,"13":0,"14":0,"15":0,"16":0,"17":0,"18":0,"19":0,"20":0,"21":0,"22":0,"23":0,"24":0,"25":0,"26":0,"27":0,"28":0,"29":0,"30":0,"31":0,"32":0,"33":0,"34":0,"35":0,"36":0,"37":0,"38":0,"39":0,"40":0,"41":0,"42":0,"43":0,"44":0,"45":0,"46":0,"47":0,"48":0,"49":0,"50":0,"51":0,"52":0,"53":0,"54":0,"55":0,"56":0,"57":0,"58":0,"59":0,"60":0,"61":0,"62":0,"63":0,"64":0,"65":0,"66":0,"67":0,"68":0,"69":0,"70":0,"71":0,"72":0,"73":0,"74":0,"75":0,"76":0,"77":0,"78":0,"79":0,"80":0,"81":0,"82":0,"83":0,"84":0,"85":0,"86":0,"87":0,"88":0},"f":{"0":0,"1":0,"2":0,"3":0,"4":0,"5":0,"6":0,"7":0,"8":0,"9":0},"b":{"0":[0,0],"1":[0,0],"2":[0,0],"3":[0,0],"4":[0,0],"5":[0,0],"6":[0],"7":[0,0],"8":[0,0],"9":[0,0],"10":[0,0],"11":[0,0],"12":[0,0],"13":[0,0],"14":[0,0],"15":[0,0],"16":[0,0],"17":[0,0],"18":[0,0],"19":[0,0],"20":[0,0],"21":[0,0],"22":[0,0]}}
,"K:\\LETS\\lets-roll-cursor-1\\backend\\src\\services\\campaignService.ts": {"path":"K:\\LETS\\lets-roll-cursor-1\\backend\\src\\services\\campaignService.ts","statementMap":{"0":{"start":{"line":1,"column":0},"end":{"line":1,"column":45}},"1":{"start":{"line":2,"column":0},"end":{"line":2,"column":40}},"2":{"start":{"line":5,"column":0},"end":{"line":5,"column":98}},"3":{"start":{"line":10,"column":13},"end":{"line":461,"column":null}},"4":{"start":{"line":15,"column":4},"end":{"line":64,"column":5}},"5":{"start":{"line":17,"column":23},"end":{"line":17,"column":54}},"6":{"start":{"line":18,"column":21},"end":{"line":18,"column":56}},"7":{"start":{"line":19,"column":6},"end":{"line":22,"column":7}},"8":{"start":{"line":20,"column":8},"end":{"line":20,"column":null}},"9":{"start":{"line":21,"column":8},"end":{"line":21,"column":null}},"10":{"start":{"line":24,"column":30},"end":{"line":42,"column":30}},"11":{"start":{"line":44,"column":6},"end":{"line":44,"column":null}},"12":{"start":{"line":44,"column":17},"end":{"line":44,"column":null}},"13":{"start":{"line":47,"column":8},"end":{"line":54,"column":16}},"14":{"start":{"line":49,"column":27},"end":{"line":49,"column":81}},"15":{"start":{"line":50,"column":10},"end":{"line":53,"column":null}},"16":{"start":{"line":57,"column":6},"end":{"line":57,"column":null}},"17":{"start":{"line":59,"column":6},"end":{"line":59,"column":null}},"18":{"start":{"line":61,"column":18},"end":{"line":61,"column":35}},"19":{"start":{"line":62,"column":6},"end":{"line":62,"column":null}},"20":{"start":{"line":63,"column":6},"end":{"line":63,"column":null}},"21":{"start":{"line":71,"column":4},"end":{"line":103,"column":5}},"22":{"start":{"line":72,"column":22},"end":{"line":72,"column":47}},"23":{"start":{"line":73,"column":23},"end":{"line":73,"column":59}},"24":{"start":{"line":74,"column":26},"end":{"line":74,"column":73}},"25":{"start":{"line":76,"column":30},"end":{"line":81,"column":10}},"26":{"start":{"line":83,"column":6},"end":{"line":91,"column":7}},"27":{"start":{"line":85,"column":8},"end":{"line":89,"column":9}},"28":{"start":{"line":87,"column":10},"end":{"line":87,"column":null}},"29":{"start":{"line":88,"column":10},"end":{"line":88,"column":null}},"30":{"start":{"line":90,"column":8},"end":{"line":90,"column":null}},"31":{"start":{"line":96,"column":10},"end":{"line":96,"column":74}},"32":{"start":{"line":98,"column":6},"end":{"line":98,"column":null}},"33":{"start":{"line":100,"column":18},"end":{"line":100,"column":35}},"34":{"start":{"line":101,"column":6},"end":{"line":101,"column":null}},"35":{"start":{"line":102,"column":6},"end":{"line":102,"column":null}},"36":{"start":{"line":111,"column":4},"end":{"line":166,"column":5}},"37":{"start":{"line":113,"column":56},"end":{"line":117,"column":17}},"38":{"start":{"line":119,"column":6},"end":{"line":122,"column":7}},"39":{"start":{"line":121,"column":8},"end":{"line":121,"column":14}},"40":{"start":{"line":125,"column":6},"end":{"line":161,"column":7}},"41":{"start":{"line":127,"column":32},"end":{"line":127,"column":40}},"42":{"start":{"line":128,"column":8},"end":{"line":136,"column":9}},"43":{"start":{"line":129,"column":10},"end":{"line":135,"column":11}},"44":{"start":{"line":131,"column":12},"end":{"line":131,"column":null}},"45":{"start":{"line":134,"column":12},"end":{"line":134,"column":null}},"46":{"start":{"line":139,"column":39},"end":{"line":146,"column":12}},"47":{"start":{"line":148,"column":8},"end":{"line":156,"column":9}},"48":{"start":{"line":150,"column":10},"end":{"line":153,"column":11}},"49":{"start":{"line":151,"column":12},"end":{"line":151,"column":null}},"50":{"start":{"line":152,"column":12},"end":{"line":152,"column":null}},"51":{"start":{"line":155,"column":10},"end":{"line":155,"column":null}},"52":{"start":{"line":157,"column":13},"end":{"line":161,"column":7}},"53":{"start":{"line":159,"column":8},"end":{"line":159,"column":null}},"54":{"start":{"line":160,"column":8},"end":{"line":160,"column":null}},"55":{"start":{"line":163,"column":6},"end":{"line":163,"column":null}},"56":{"start":{"line":173,"column":4},"end":{"line":255,"column":5}},"57":{"start":{"line":175,"column":6},"end":{"line":175,"column":null}},"58":{"start":{"line":178,"column":6},"end":{"line":180,"column":7}},"59":{"start":{"line":179,"column":8},"end":{"line":179,"column":null}},"60":{"start":{"line":182,"column":36},"end":{"line":182,"column":40}},"61":{"start":{"line":185,"column":6},"end":{"line":201,"column":7}},"62":{"start":{"line":186,"column":8},"end":{"line":200,"column":9}},"63":{"start":{"line":187,"column":10},"end":{"line":191,"column":null}},"64":{"start":{"line":194,"column":10},"end":{"line":199,"column":11}},"65":{"start":{"line":195,"column":12},"end":{"line":195,"column":null}},"66":{"start":{"line":196,"column":12},"end":{"line":196,"column":null}},"67":{"start":{"line":198,"column":12},"end":{"line":198,"column":null}},"68":{"start":{"line":204,"column":55},"end":{"line":217,"column":17}},"69":{"start":{"line":219,"column":6},"end":{"line":229,"column":7}},"70":{"start":{"line":220,"column":8},"end":{"line":220,"column":null}},"71":{"start":{"line":222,"column":8},"end":{"line":224,"column":9}},"72":{"start":{"line":223,"column":10},"end":{"line":223,"column":null}},"73":{"start":{"line":225,"column":8},"end":{"line":227,"column":9}},"74":{"start":{"line":226,"column":10},"end":{"line":226,"column":null}},"75":{"start":{"line":228,"column":8},"end":{"line":228,"column":null}},"76":{"start":{"line":232,"column":42},"end":{"line":238,"column":10}},"77":{"start":{"line":240,"column":6},"end":{"line":240,"column":null}},"78":{"start":{"line":240,"column":28},"end":{"line":240,"column":null}},"79":{"start":{"line":247,"column":6},"end":{"line":247,"column":null}},"80":{"start":{"line":248,"column":6},"end":{"line":248,"column":null}},"81":{"start":{"line":250,"column":6},"end":{"line":250,"column":null}},"82":{"start":{"line":252,"column":18},"end":{"line":252,"column":35}},"83":{"start":{"line":253,"column":6},"end":{"line":253,"column":null}},"84":{"start":{"line":254,"column":6},"end":{"line":254,"column":null}},"85":{"start":{"line":262,"column":4},"end":{"line":316,"column":5}},"86":{"start":{"line":264,"column":23},"end":{"line":264,"column":62}},"87":{"start":{"line":265,"column":21},"end":{"line":265,"column":54}},"88":{"start":{"line":266,"column":6},"end":{"line":276,"column":7}},"89":{"start":{"line":267,"column":8},"end":{"line":267,"column":null}},"90":{"start":{"line":268,"column":31},"end":{"line":268,"column":95}},"91":{"start":{"line":270,"column":8},"end":{"line":275,"column":null}},"92":{"start":{"line":278,"column":55},"end":{"line":282,"column":17}},"93":{"start":{"line":284,"column":6},"end":{"line":284,"column":null}},"94":{"start":{"line":284,"column":25},"end":{"line":284,"column":null}},"95":{"start":{"line":287,"column":63},"end":{"line":299,"column":30}},"96":{"start":{"line":301,"column":6},"end":{"line":301,"column":null}},"97":{"start":{"line":301,"column":29},"end":{"line":301,"column":null}},"98":{"start":{"line":303,"column":21},"end":{"line":306,"column":null}},"99":{"start":{"line":309,"column":6},"end":{"line":309,"column":null}},"100":{"start":{"line":311,"column":6},"end":{"line":311,"column":null}},"101":{"start":{"line":313,"column":18},"end":{"line":313,"column":35}},"102":{"start":{"line":314,"column":6},"end":{"line":314,"column":null}},"103":{"start":{"line":315,"column":6},"end":{"line":315,"column":null}},"104":{"start":{"line":323,"column":4},"end":{"line":380,"column":5}},"105":{"start":{"line":325,"column":55},"end":{"line":331,"column":17}},"106":{"start":{"line":333,"column":6},"end":{"line":335,"column":7}},"107":{"start":{"line":334,"column":8},"end":{"line":334,"column":null}},"108":{"start":{"line":337,"column":36},"end":{"line":337,"column":40}},"109":{"start":{"line":340,"column":6},"end":{"line":346,"column":7}},"110":{"start":{"line":341,"column":8},"end":{"line":345,"column":null}},"111":{"start":{"line":348,"column":50},"end":{"line":350,"column":null}},"112":{"start":{"line":352,"column":6},"end":{"line":352,"column":null}},"113":{"start":{"line":352,"column":21},"end":{"line":352,"column":null}},"114":{"start":{"line":353,"column":6},"end":{"line":353,"column":null}},"115":{"start":{"line":353,"column":42},"end":{"line":353,"column":null}},"116":{"start":{"line":354,"column":6},"end":{"line":354,"column":null}},"117":{"start":{"line":354,"column":40},"end":{"line":354,"column":null}},"118":{"start":{"line":355,"column":6},"end":{"line":355,"column":null}},"119":{"start":{"line":355,"column":21},"end":{"line":355,"column":null}},"120":{"start":{"line":357,"column":6},"end":{"line":357,"column":null}},"121":{"start":{"line":357,"column":20},"end":{"line":357,"column":null}},"122":{"start":{"line":359,"column":40},"end":{"line":364,"column":17}},"123":{"start":{"line":366,"column":6},"end":{"line":366,"column":null}},"124":{"start":{"line":366,"column":17},"end":{"line":366,"column":null}},"125":{"start":{"line":369,"column":6},"end":{"line":369,"column":null}},"126":{"start":{"line":370,"column":6},"end":{"line":370,"column":null}},"127":{"start":{"line":371,"column":6},"end":{"line":373,"column":7}},"128":{"start":{"line":372,"column":8},"end":{"line":372,"column":null}},"129":{"start":{"line":375,"column":6},"end":{"line":375,"column":null}},"130":{"start":{"line":377,"column":18},"end":{"line":377,"column":35}},"131":{"start":{"line":378,"column":6},"end":{"line":378,"column":null}},"132":{"start":{"line":379,"column":6},"end":{"line":379,"column":null}},"133":{"start":{"line":387,"column":4},"end":{"line":411,"column":5}},"134":{"start":{"line":389,"column":55},"end":{"line":395,"column":17}},"135":{"start":{"line":397,"column":6},"end":{"line":399,"column":7}},"136":{"start":{"line":398,"column":8},"end":{"line":398,"column":null}},"137":{"start":{"line":401,"column":24},"end":{"line":404,"column":21}},"138":{"start":{"line":406,"column":6},"end":{"line":406,"column":null}},"139":{"start":{"line":406,"column":17},"end":{"line":406,"column":null}},"140":{"start":{"line":408,"column":18},"end":{"line":408,"column":35}},"141":{"start":{"line":409,"column":6},"end":{"line":409,"column":null}},"142":{"start":{"line":410,"column":6},"end":{"line":410,"column":null}},"143":{"start":{"line":418,"column":4},"end":{"line":459,"column":5}},"144":{"start":{"line":420,"column":55},"end":{"line":426,"column":17}},"145":{"start":{"line":428,"column":6},"end":{"line":430,"column":7}},"146":{"start":{"line":429,"column":8},"end":{"line":429,"column":null}},"147":{"start":{"line":433,"column":48},"end":{"line":433,"column":85}},"148":{"start":{"line":435,"column":6},"end":{"line":435,"column":null}},"149":{"start":{"line":435,"column":21},"end":{"line":435,"column":null}},"150":{"start":{"line":437,"column":26},"end":{"line":437,"column":88}},"151":{"start":{"line":437,"column":70},"end":{"line":437,"column":87}},"152":{"start":{"line":439,"column":6},"end":{"line":441,"column":7}},"153":{"start":{"line":440,"column":8},"end":{"line":440,"column":null}},"154":{"start":{"line":444,"column":37},"end":{"line":450,"column":10}},"155":{"start":{"line":452,"column":6},"end":{"line":452,"column":null}},"156":{"start":{"line":452,"column":23},"end":{"line":452,"column":null}},"157":{"start":{"line":454,"column":6},"end":{"line":454,"column":null}},"158":{"start":{"line":456,"column":18},"end":{"line":456,"column":35}},"159":{"start":{"line":457,"column":6},"end":{"line":457,"column":null}},"160":{"start":{"line":458,"column":6},"end":{"line":458,"column":null}}},"fnMap":{"0":{"name":"(anonymous_0)","decl":{"start":{"line":14,"column":2},"end":{"line":14,"column":7}},"loc":{"start":{"line":14,"column":39},"end":{"line":65,"column":3}}},"1":{"name":"(anonymous_1)","decl":{"start":{"line":47,"column":18},"end":{"line":47,"column":19}},"loc":{"start":{"line":47,"column":105},"end":{"line":54,"column":9}}},"2":{"name":"(anonymous_2)","decl":{"start":{"line":70,"column":2},"end":{"line":70,"column":7}},"loc":{"start":{"line":70,"column":66},"end":{"line":104,"column":3}}},"3":{"name":"(anonymous_3)","decl":{"start":{"line":110,"column":2},"end":{"line":110,"column":7}},"loc":{"start":{"line":110,"column":74},"end":{"line":167,"column":3}}},"4":{"name":"(anonymous_4)","decl":{"start":{"line":172,"column":2},"end":{"line":172,"column":7}},"loc":{"start":{"line":172,"column":98},"end":{"line":256,"column":3}}},"5":{"name":"(anonymous_5)","decl":{"start":{"line":261,"column":2},"end":{"line":261,"column":7}},"loc":{"start":{"line":261,"column":34},"end":{"line":317,"column":3}}},"6":{"name":"(anonymous_6)","decl":{"start":{"line":322,"column":2},"end":{"line":322,"column":7}},"loc":{"start":{"line":322,"column":75},"end":{"line":381,"column":3}}},"7":{"name":"(anonymous_7)","decl":{"start":{"line":386,"column":2},"end":{"line":386,"column":7}},"loc":{"start":{"line":386,"column":49},"end":{"line":412,"column":3}}},"8":{"name":"(anonymous_8)","decl":{"start":{"line":417,"column":2},"end":{"line":417,"column":7}},"loc":{"start":{"line":417,"column":72},"end":{"line":460,"column":3}}},"9":{"name":"(anonymous_9)","decl":{"start":{"line":437,"column":43},"end":{"line":437,"column":44}},"loc":{"start":{"line":437,"column":70},"end":{"line":437,"column":87}}}},"branchMap":{"0":{"loc":{"start":{"line":19,"column":6},"end":{"line":22,"column":7}},"type":"if","locations":[{"start":{"line":19,"column":6},"end":{"line":22,"column":7}},{"start":{},"end":{}}]},"1":{"loc":{"start":{"line":44,"column":6},"end":{"line":44,"column":null}},"type":"if","locations":[{"start":{"line":44,"column":6},"end":{"line":44,"column":null}},{"start":{},"end":{}}]},"2":{"loc":{"start":{"line":47,"column":8},"end":{"line":54,"column":16}},"type":"binary-expr","locations":[{"start":{"line":47,"column":8},"end":{"line":54,"column":10}},{"start":{"line":54,"column":14},"end":{"line":54,"column":16}}]},"3":{"loc":{"start":{"line":49,"column":27},"end":{"line":49,"column":81}},"type":"cond-expr","locations":[{"start":{"line":49,"column":55},"end":{"line":49,"column":68}},{"start":{"line":49,"column":71},"end":{"line":49,"column":81}}]},"4":{"loc":{"start":{"line":74,"column":35},"end":{"line":74,"column":71}},"type":"cond-expr","locations":[{"start":{"line":74,"column":55},"end":{"line":74,"column":61}},{"start":{"line":74,"column":64},"end":{"line":74,"column":71}}]},"5":{"loc":{"start":{"line":83,"column":6},"end":{"line":91,"column":7}},"type":"if","locations":[{"start":{"line":83,"column":6},"end":{"line":91,"column":7}},{"start":{},"end":{}}]},"6":{"loc":{"start":{"line":85,"column":8},"end":{"line":89,"column":9}},"type":"if","locations":[{"start":{"line":85,"column":8},"end":{"line":89,"column":9}},{"start":{},"end":{}}]},"7":{"loc":{"start":{"line":102,"column":60},"end":{"line":102,"column":94}},"type":"binary-expr","locations":[{"start":{"line":102,"column":60},"end":{"line":102,"column":71}},{"start":{"line":102,"column":75},"end":{"line":102,"column":94}}]},"8":{"loc":{"start":{"line":119,"column":6},"end":{"line":122,"column":7}},"type":"if","locations":[{"start":{"line":119,"column":6},"end":{"line":122,"column":7}},{"start":{},"end":{}}]},"9":{"loc":{"start":{"line":125,"column":6},"end":{"line":161,"column":7}},"type":"if","locations":[{"start":{"line":125,"column":6},"end":{"line":161,"column":7}},{"start":{"line":157,"column":13},"end":{"line":161,"column":7}}]},"10":{"loc":{"start":{"line":125,"column":10},"end":{"line":125,"column":54}},"type":"binary-expr","locations":[{"start":{"line":125,"column":10},"end":{"line":125,"column":20}},{"start":{"line":125,"column":24},"end":{"line":125,"column":54}}]},"11":{"loc":{"start":{"line":128,"column":8},"end":{"line":136,"column":9}},"type":"if","locations":[{"start":{"line":128,"column":8},"end":{"line":136,"column":9}},{"start":{},"end":{}}]},"12":{"loc":{"start":{"line":129,"column":10},"end":{"line":135,"column":11}},"type":"if","locations":[{"start":{"line":129,"column":10},"end":{"line":135,"column":11}},{"start":{"line":132,"column":17},"end":{"line":135,"column":11}}]},"13":{"loc":{"start":{"line":148,"column":8},"end":{"line":156,"column":9}},"type":"if","locations":[{"start":{"line":148,"column":8},"end":{"line":156,"column":9}},{"start":{"line":154,"column":15},"end":{"line":156,"column":9}}]},"14":{"loc":{"start":{"line":150,"column":10},"end":{"line":153,"column":11}},"type":"if","locations":[{"start":{"line":150,"column":10},"end":{"line":153,"column":11}},{"start":{},"end":{}}]},"15":{"loc":{"start":{"line":157,"column":13},"end":{"line":161,"column":7}},"type":"if","locations":[{"start":{"line":157,"column":13},"end":{"line":161,"column":7}},{"start":{},"end":{}}]},"16":{"loc":{"start":{"line":178,"column":6},"end":{"line":180,"column":7}},"type":"if","locations":[{"start":{"line":178,"column":6},"end":{"line":180,"column":7}},{"start":{},"end":{}}]},"17":{"loc":{"start":{"line":178,"column":10},"end":{"line":178,"column":53}},"type":"binary-expr","locations":[{"start":{"line":178,"column":10},"end":{"line":178,"column":20}},{"start":{"line":178,"column":24},"end":{"line":178,"column":53}}]},"18":{"loc":{"start":{"line":185,"column":6},"end":{"line":201,"column":7}},"type":"if","locations":[{"start":{"line":185,"column":6},"end":{"line":201,"column":7}},{"start":{},"end":{}}]},"19":{"loc":{"start":{"line":194,"column":10},"end":{"line":199,"column":11}},"type":"if","locations":[{"start":{"line":194,"column":10},"end":{"line":199,"column":11}},{"start":{"line":197,"column":17},"end":{"line":199,"column":11}}]},"20":{"loc":{"start":{"line":194,"column":14},"end":{"line":194,"column":109}},"type":"binary-expr","locations":[{"start":{"line":194,"column":14},"end":{"line":194,"column":41}},{"start":{"line":194,"column":45},"end":{"line":194,"column":109}}]},"21":{"loc":{"start":{"line":208,"column":23},"end":{"line":208,"column":47}},"type":"binary-expr","locations":[{"start":{"line":208,"column":23},"end":{"line":208,"column":39}},{"start":{"line":208,"column":43},"end":{"line":208,"column":47}}]},"22":{"loc":{"start":{"line":210,"column":22},"end":{"line":210,"column":44}},"type":"binary-expr","locations":[{"start":{"line":210,"column":22},"end":{"line":210,"column":36}},{"start":{"line":210,"column":40},"end":{"line":210,"column":44}}]},"23":{"loc":{"start":{"line":211,"column":16},"end":{"line":211,"column":31}},"type":"binary-expr","locations":[{"start":{"line":211,"column":16},"end":{"line":211,"column":25}},{"start":{"line":211,"column":29},"end":{"line":211,"column":31}}]},"24":{"loc":{"start":{"line":219,"column":6},"end":{"line":229,"column":7}},"type":"if","locations":[{"start":{"line":219,"column":6},"end":{"line":229,"column":7}},{"start":{},"end":{}}]},"25":{"loc":{"start":{"line":222,"column":8},"end":{"line":224,"column":9}},"type":"if","locations":[{"start":{"line":222,"column":8},"end":{"line":224,"column":9}},{"start":{},"end":{}}]},"26":{"loc":{"start":{"line":225,"column":8},"end":{"line":227,"column":9}},"type":"if","locations":[{"start":{"line":225,"column":8},"end":{"line":227,"column":9}},{"start":{},"end":{}}]},"27":{"loc":{"start":{"line":228,"column":54},"end":{"line":228,"column":98}},"type":"binary-expr","locations":[{"start":{"line":228,"column":54},"end":{"line":228,"column":75}},{"start":{"line":228,"column":79},"end":{"line":228,"column":98}}]},"28":{"loc":{"start":{"line":240,"column":6},"end":{"line":240,"column":null}},"type":"if","locations":[{"start":{"line":240,"column":6},"end":{"line":240,"column":null}},{"start":{},"end":{}}]},"29":{"loc":{"start":{"line":254,"column":52},"end":{"line":254,"column":86}},"type":"binary-expr","locations":[{"start":{"line":254,"column":52},"end":{"line":254,"column":63}},{"start":{"line":254,"column":67},"end":{"line":254,"column":86}}]},"30":{"loc":{"start":{"line":266,"column":6},"end":{"line":276,"column":7}},"type":"if","locations":[{"start":{"line":266,"column":6},"end":{"line":276,"column":7}},{"start":{},"end":{}}]},"31":{"loc":{"start":{"line":272,"column":24},"end":{"line":274,"column":16}},"type":"cond-expr","locations":[{"start":{"line":273,"column":14},"end":{"line":273,"column":41}},{"start":{"line":274,"column":14},"end":{"line":274,"column":16}}]},"32":{"loc":{"start":{"line":284,"column":6},"end":{"line":284,"column":null}},"type":"if","locations":[{"start":{"line":284,"column":6},"end":{"line":284,"column":null}},{"start":{},"end":{}}]},"33":{"loc":{"start":{"line":301,"column":6},"end":{"line":301,"column":null}},"type":"if","locations":[{"start":{"line":301,"column":6},"end":{"line":301,"column":null}},{"start":{},"end":{}}]},"34":{"loc":{"start":{"line":305,"column":22},"end":{"line":305,"column":40}},"type":"binary-expr","locations":[{"start":{"line":305,"column":22},"end":{"line":305,"column":34}},{"start":{"line":305,"column":38},"end":{"line":305,"column":40}}]},"35":{"loc":{"start":{"line":333,"column":6},"end":{"line":335,"column":7}},"type":"if","locations":[{"start":{"line":333,"column":6},"end":{"line":335,"column":7}},{"start":{},"end":{}}]},"36":{"loc":{"start":{"line":333,"column":10},"end":{"line":333,"column":36}},"type":"binary-expr","locations":[{"start":{"line":333,"column":10},"end":{"line":333,"column":20}},{"start":{"line":333,"column":24},"end":{"line":333,"column":36}}]},"37":{"loc":{"start":{"line":340,"column":6},"end":{"line":346,"column":7}},"type":"if","locations":[{"start":{"line":340,"column":6},"end":{"line":346,"column":7}},{"start":{},"end":{}}]},"38":{"loc":{"start":{"line":352,"column":6},"end":{"line":352,"column":null}},"type":"if","locations":[{"start":{"line":352,"column":6},"end":{"line":352,"column":null}},{"start":{},"end":{}}]},"39":{"loc":{"start":{"line":353,"column":6},"end":{"line":353,"column":null}},"type":"if","locations":[{"start":{"line":353,"column":6},"end":{"line":353,"column":null}},{"start":{},"end":{}}]},"40":{"loc":{"start":{"line":354,"column":6},"end":{"line":354,"column":null}},"type":"if","locations":[{"start":{"line":354,"column":6},"end":{"line":354,"column":null}},{"start":{},"end":{}}]},"41":{"loc":{"start":{"line":355,"column":6},"end":{"line":355,"column":null}},"type":"if","locations":[{"start":{"line":355,"column":6},"end":{"line":355,"column":null}},{"start":{},"end":{}}]},"42":{"loc":{"start":{"line":357,"column":6},"end":{"line":357,"column":null}},"type":"if","locations":[{"start":{"line":357,"column":6},"end":{"line":357,"column":null}},{"start":{},"end":{}}]},"43":{"loc":{"start":{"line":366,"column":6},"end":{"line":366,"column":null}},"type":"if","locations":[{"start":{"line":366,"column":6},"end":{"line":366,"column":null}},{"start":{},"end":{}}]},"44":{"loc":{"start":{"line":371,"column":6},"end":{"line":373,"column":7}},"type":"if","locations":[{"start":{"line":371,"column":6},"end":{"line":373,"column":7}},{"start":{},"end":{}}]},"45":{"loc":{"start":{"line":379,"column":56},"end":{"line":379,"column":90}},"type":"binary-expr","locations":[{"start":{"line":379,"column":56},"end":{"line":379,"column":67}},{"start":{"line":379,"column":71},"end":{"line":379,"column":90}}]},"46":{"loc":{"start":{"line":397,"column":6},"end":{"line":399,"column":7}},"type":"if","locations":[{"start":{"line":397,"column":6},"end":{"line":399,"column":7}},{"start":{},"end":{}}]},"47":{"loc":{"start":{"line":397,"column":10},"end":{"line":397,"column":36}},"type":"binary-expr","locations":[{"start":{"line":397,"column":10},"end":{"line":397,"column":20}},{"start":{"line":397,"column":24},"end":{"line":397,"column":36}}]},"48":{"loc":{"start":{"line":406,"column":6},"end":{"line":406,"column":null}},"type":"if","locations":[{"start":{"line":406,"column":6},"end":{"line":406,"column":null}},{"start":{},"end":{}}]},"49":{"loc":{"start":{"line":410,"column":54},"end":{"line":410,"column":88}},"type":"binary-expr","locations":[{"start":{"line":410,"column":54},"end":{"line":410,"column":65}},{"start":{"line":410,"column":69},"end":{"line":410,"column":88}}]},"50":{"loc":{"start":{"line":428,"column":6},"end":{"line":430,"column":7}},"type":"if","locations":[{"start":{"line":428,"column":6},"end":{"line":430,"column":7}},{"start":{},"end":{}}]},"51":{"loc":{"start":{"line":428,"column":10},"end":{"line":428,"column":36}},"type":"binary-expr","locations":[{"start":{"line":428,"column":10},"end":{"line":428,"column":20}},{"start":{"line":428,"column":24},"end":{"line":428,"column":36}}]},"52":{"loc":{"start":{"line":435,"column":6},"end":{"line":435,"column":null}},"type":"if","locations":[{"start":{"line":435,"column":6},"end":{"line":435,"column":null}},{"start":{},"end":{}}]},"53":{"loc":{"start":{"line":439,"column":6},"end":{"line":441,"column":7}},"type":"if","locations":[{"start":{"line":439,"column":6},"end":{"line":441,"column":7}},{"start":{},"end":{}}]},"54":{"loc":{"start":{"line":452,"column":6},"end":{"line":452,"column":null}},"type":"if","locations":[{"start":{"line":452,"column":6},"end":{"line":452,"column":null}},{"start":{},"end":{}}]},"55":{"loc":{"start":{"line":458,"column":54},"end":{"line":458,"column":88}},"type":"binary-expr","locations":[{"start":{"line":458,"column":54},"end":{"line":458,"column":65}},{"start":{"line":458,"column":69},"end":{"line":458,"column":88}}]}},"s":{"0":0,"1":0,"2":0,"3":0,"4":0,"5":0,"6":0,"7":0,"8":0,"9":0,"10":0,"11":0,"12":0,"13":0,"14":0,"15":0,"16":0,"17":0,"18":0,"19":0,"20":0,"21":0,"22":0,"23":0,"24":0,"25":0,"26":0,"27":0,"28":0,"29":0,"30":0,"31":0,"32":0,"33":0,"34":0,"35":0,"36":0,"37":0,"38":0,"39":0,"40":0,"41":0,"42":0,"43":0,"44":0,"45":0,"46":0,"47":0,"48":0,"49":0,"50":0,"51":0,"52":0,"53":0,"54":0,"55":0,"56":0,"57":0,"58":0,"59":0,"60":0,"61":0,"62":0,"63":0,"64":0,"65":0,"66":0,"67":0,"68":0,"69":0,"70":0,"71":0,"72":0,"73":0,"74":0,"75":0,"76":0,"77":0,"78":0,"79":0,"80":0,"81":0,"82":0,"83":0,"84":0,"85":0,"86":0,"87":0,"88":0,"89":0,"90":0,"91":0,"92":0,"93":0,"94":0,"95":0,"96":0,"97":0,"98":0,"99":0,"100":0,"101":0,"102":0,"103":0,"104":0,"105":0,"106":0,"107":0,"108":0,"109":0,"110":0,"111":0,"112":0,"113":0,"114":0,"115":0,"116":0,"117":0,"118":0,"119":0,"120":0,"121":0,"122":0,"123":0,"124":0,"125":0,"126":0,"127":0,"128":0,"129":0,"130":0,"131":0,"132":0,"133":0,"134":0,"135":0,"136":0,"137":0,"138":0,"139":0,"140":0,"141":0,"142":0,"143":0,"144":0,"145":0,"146":0,"147":0,"148":0,"149":0,"150":0,"151":0,"152":0,"153":0,"154":0,"155":0,"156":0,"157":0,"158":0,"159":0,"160":0},"f":{"0":0,"1":0,"2":0,"3":0,"4":0,"5":0,"6":0,"7":0,"8":0,"9":0},"b":{"0":[0,0],"1":[0,0],"2":[0,0],"3":[0,0],"4":[0,0],"5":[0,0],"6":[0,0],"7":[0,0],"8":[0,0],"9":[0,0],"10":[0,0],"11":[0,0],"12":[0,0],"13":[0,0],"14":[0,0],"15":[0,0],"16":[0,0],"17":[0,0],"18":[0,0],"19":[0,0],"20":[0,0],"21":[0,0],"22":[0,0],"23":[0,0],"24":[0,0],"25":[0,0],"26":[0,0],"27":[0,0],"28":[0,0],"29":[0,0],"30":[0,0],"31":[0,0],"32":[0,0],"33":[0,0],"34":[0,0],"35":[0,0],"36":[0,0],"37":[0,0],"38":[0,0],"39":[0,0],"40":[0,0],"41":[0,0],"42":[0,0],"43":[0,0],"44":[0,0],"45":[0,0],"46":[0,0],"47":[0,0],"48":[0,0],"49":[0,0],"50":[0,0],"51":[0,0],"52":[0,0],"53":[0,0],"54":[0,0],"55":[0,0]}}
,"K:\\LETS\\lets-roll-cursor-1\\backend\\src\\services\\chatService.ts": {"path":"K:\\LETS\\lets-roll-cursor-1\\backend\\src\\services\\chatService.ts","statementMap":{"0":{"start":{"line":1,"column":0},"end":{"line":1,"column":45}},"1":{"start":{"line":2,"column":0},"end":{"line":2,"column":40}},"2":{"start":{"line":7,"column":13},"end":{"line":98,"column":null}},"3":{"start":{"line":12,"column":4},"end":{"line":46,"column":5}},"4":{"start":{"line":13,"column":18},"end":{"line":32,"column":21}},"5":{"start":{"line":34,"column":6},"end":{"line":36,"column":7}},"6":{"start":{"line":35,"column":8},"end":{"line":35,"column":null}},"7":{"start":{"line":38,"column":30},"end":{"line":38,"column":41}},"8":{"start":{"line":40,"column":6},"end":{"line":40,"column":null}},"9":{"start":{"line":40,"column":17},"end":{"line":40,"column":null}},"10":{"start":{"line":42,"column":6},"end":{"line":42,"column":null}},"11":{"start":{"line":44,"column":6},"end":{"line":44,"column":null}},"12":{"start":{"line":45,"column":6},"end":{"line":45,"column":null}},"13":{"start":{"line":61,"column":4},"end":{"line":96,"column":5}},"14":{"start":{"line":62,"column":39},"end":{"line":88,"column":17}},"15":{"start":{"line":90,"column":6},"end":{"line":90,"column":null}},"16":{"start":{"line":90,"column":17},"end":{"line":90,"column":null}},"17":{"start":{"line":92,"column":6},"end":{"line":92,"column":null}},"18":{"start":{"line":94,"column":6},"end":{"line":94,"column":null}},"19":{"start":{"line":95,"column":6},"end":{"line":95,"column":null}}},"fnMap":{"0":{"name":"(anonymous_0)","decl":{"start":{"line":11,"column":2},"end":{"line":11,"column":7}},"loc":{"start":{"line":11,"column":79},"end":{"line":47,"column":3}}},"1":{"name":"(anonymous_1)","decl":{"start":{"line":52,"column":2},"end":{"line":52,"column":7}},"loc":{"start":{"line":60,"column":3},"end":{"line":97,"column":3}}}},"branchMap":{"0":{"loc":{"start":{"line":11,"column":60},"end":{"line":11,"column":79}},"type":"default-arg","locations":[{"start":{"line":11,"column":76},"end":{"line":11,"column":79}}]},"1":{"loc":{"start":{"line":34,"column":6},"end":{"line":36,"column":7}},"type":"if","locations":[{"start":{"line":34,"column":6},"end":{"line":36,"column":7}},{"start":{},"end":{}}]},"2":{"loc":{"start":{"line":40,"column":6},"end":{"line":40,"column":null}},"type":"if","locations":[{"start":{"line":40,"column":6},"end":{"line":40,"column":null}},{"start":{},"end":{}}]},"3":{"loc":{"start":{"line":42,"column":13},"end":{"line":42,"column":23}},"type":"binary-expr","locations":[{"start":{"line":42,"column":13},"end":{"line":42,"column":17}},{"start":{"line":42,"column":21},"end":{"line":42,"column":23}}]},"4":{"loc":{"start":{"line":66,"column":22},"end":{"line":66,"column":44}},"type":"binary-expr","locations":[{"start":{"line":66,"column":22},"end":{"line":66,"column":36}},{"start":{"line":66,"column":40},"end":{"line":66,"column":44}}]},"5":{"loc":{"start":{"line":68,"column":24},"end":{"line":68,"column":48}},"type":"binary-expr","locations":[{"start":{"line":68,"column":24},"end":{"line":68,"column":40}},{"start":{"line":68,"column":44},"end":{"line":68,"column":48}}]},"6":{"loc":{"start":{"line":70,"column":16},"end":{"line":70,"column":38}},"type":"binary-expr","locations":[{"start":{"line":70,"column":16},"end":{"line":70,"column":25}},{"start":{"line":70,"column":29},"end":{"line":70,"column":38}}]},"7":{"loc":{"start":{"line":71,"column":19},"end":{"line":71,"column":44}},"type":"binary-expr","locations":[{"start":{"line":71,"column":19},"end":{"line":71,"column":31}},{"start":{"line":71,"column":35},"end":{"line":71,"column":44}}]},"8":{"loc":{"start":{"line":90,"column":6},"end":{"line":90,"column":null}},"type":"if","locations":[{"start":{"line":90,"column":6},"end":{"line":90,"column":null}},{"start":{},"end":{}}]}},"s":{"0":1,"1":1,"2":1,"3":6,"4":6,"5":6,"6":1,"7":5,"8":5,"9":1,"10":4,"11":2,"12":2,"13":7,"14":7,"15":7,"16":1,"17":6,"18":1,"19":1},"f":{"0":6,"1":7},"b":{"0":[5],"1":[1,5],"2":[1,4],"3":[4,0],"4":[7,6],"5":[7,5],"6":[7,5],"7":[7,5],"8":[1,6]}}
,"K:\\LETS\\lets-roll-cursor-1\\backend\\src\\services\\creatureService.ts": {"path":"K:\\LETS\\lets-roll-cursor-1\\backend\\src\\services\\creatureService.ts","statementMap":{"0":{"start":{"line":1,"column":0},"end":{"line":1,"column":45}},"1":{"start":{"line":2,"column":0},"end":{"line":2,"column":40}},"2":{"start":{"line":5,"column":0},"end":{"line":5,"column":98}},"3":{"start":{"line":10,"column":13},"end":{"line":243,"column":null}},"4":{"start":{"line":17,"column":4},"end":{"line":78,"column":5}},"5":{"start":{"line":19,"column":6},"end":{"line":26,"column":7}},"6":{"start":{"line":20,"column":25},"end":{"line":20,"column":53}},"7":{"start":{"line":21,"column":23},"end":{"line":21,"column":56}},"8":{"start":{"line":22,"column":8},"end":{"line":25,"column":9}},"9":{"start":{"line":23,"column":10},"end":{"line":23,"column":null}},"10":{"start":{"line":24,"column":10},"end":{"line":24,"column":null}},"11":{"start":{"line":28,"column":18},"end":{"line":41,"column":null}},"12":{"start":{"line":44,"column":6},"end":{"line":46,"column":7}},"13":{"start":{"line":45,"column":8},"end":{"line":45,"column":null}},"14":{"start":{"line":48,"column":6},"end":{"line":50,"column":7}},"15":{"start":{"line":49,"column":8},"end":{"line":49,"column":null}},"16":{"start":{"line":53,"column":6},"end":{"line":55,"column":7}},"17":{"start":{"line":54,"column":8},"end":{"line":54,"column":null}},"18":{"start":{"line":58,"column":20},"end":{"line":58,"column":39}},"19":{"start":{"line":59,"column":21},"end":{"line":59,"column":40}},"20":{"start":{"line":60,"column":6},"end":{"line":60,"column":null}},"21":{"start":{"line":62,"column":37},"end":{"line":62,"column":90}},"22":{"start":{"line":64,"column":6},"end":{"line":64,"column":null}},"23":{"start":{"line":64,"column":17},"end":{"line":64,"column":null}},"24":{"start":{"line":67,"column":6},"end":{"line":73,"column":null}},"25":{"start":{"line":75,"column":18},"end":{"line":75,"column":35}},"26":{"start":{"line":76,"column":6},"end":{"line":76,"column":null}},"27":{"start":{"line":77,"column":6},"end":{"line":77,"column":null}},"28":{"start":{"line":88,"column":4},"end":{"line":115,"column":5}},"29":{"start":{"line":89,"column":40},"end":{"line":106,"column":17}},"30":{"start":{"line":108,"column":6},"end":{"line":108,"column":null}},"31":{"start":{"line":108,"column":17},"end":{"line":108,"column":null}},"32":{"start":{"line":110,"column":6},"end":{"line":110,"column":null}},"33":{"start":{"line":112,"column":18},"end":{"line":112,"column":35}},"34":{"start":{"line":113,"column":6},"end":{"line":113,"column":null}},"35":{"start":{"line":114,"column":6},"end":{"line":114,"column":null}},"36":{"start":{"line":124,"column":4},"end":{"line":152,"column":5}},"37":{"start":{"line":125,"column":40},"end":{"line":143,"column":17}},"38":{"start":{"line":145,"column":6},"end":{"line":145,"column":null}},"39":{"start":{"line":145,"column":17},"end":{"line":145,"column":null}},"40":{"start":{"line":147,"column":6},"end":{"line":147,"column":null}},"41":{"start":{"line":149,"column":18},"end":{"line":149,"column":35}},"42":{"start":{"line":150,"column":6},"end":{"line":150,"column":null}},"43":{"start":{"line":151,"column":6},"end":{"line":151,"column":null}},"44":{"start":{"line":162,"column":4},"end":{"line":195,"column":5}},"45":{"start":{"line":163,"column":50},"end":{"line":165,"column":null}},"46":{"start":{"line":167,"column":6},"end":{"line":167,"column":null}},"47":{"start":{"line":167,"column":35},"end":{"line":167,"column":null}},"48":{"start":{"line":168,"column":6},"end":{"line":168,"column":null}},"49":{"start":{"line":168,"column":35},"end":{"line":168,"column":null}},"50":{"start":{"line":169,"column":6},"end":{"line":169,"column":null}},"51":{"start":{"line":169,"column":42},"end":{"line":169,"column":null}},"52":{"start":{"line":170,"column":6},"end":{"line":170,"column":null}},"53":{"start":{"line":170,"column":41},"end":{"line":170,"column":null}},"54":{"start":{"line":171,"column":6},"end":{"line":171,"column":null}},"55":{"start":{"line":171,"column":36},"end":{"line":171,"column":null}},"56":{"start":{"line":172,"column":6},"end":{"line":172,"column":null}},"57":{"start":{"line":172,"column":39},"end":{"line":172,"column":null}},"58":{"start":{"line":174,"column":40},"end":{"line":179,"column":17}},"59":{"start":{"line":181,"column":6},"end":{"line":181,"column":null}},"60":{"start":{"line":181,"column":17},"end":{"line":181,"column":null}},"61":{"start":{"line":184,"column":6},"end":{"line":184,"column":null}},"62":{"start":{"line":185,"column":6},"end":{"line":185,"column":null}},"63":{"start":{"line":186,"column":6},"end":{"line":188,"column":7}},"64":{"start":{"line":187,"column":8},"end":{"line":187,"column":null}},"65":{"start":{"line":190,"column":6},"end":{"line":190,"column":null}},"66":{"start":{"line":192,"column":18},"end":{"line":192,"column":35}},"67":{"start":{"line":193,"column":6},"end":{"line":193,"column":null}},"68":{"start":{"line":194,"column":6},"end":{"line":194,"column":null}},"69":{"start":{"line":203,"column":4},"end":{"line":218,"column":5}},"70":{"start":{"line":205,"column":33},"end":{"line":209,"column":17}},"71":{"start":{"line":211,"column":24},"end":{"line":211,"column":78}},"72":{"start":{"line":213,"column":6},"end":{"line":213,"column":null}},"73":{"start":{"line":213,"column":17},"end":{"line":213,"column":null}},"74":{"start":{"line":215,"column":18},"end":{"line":215,"column":35}},"75":{"start":{"line":216,"column":6},"end":{"line":216,"column":null}},"76":{"start":{"line":217,"column":6},"end":{"line":217,"column":null}},"77":{"start":{"line":227,"column":4},"end":{"line":241,"column":5}},"78":{"start":{"line":228,"column":30},"end":{"line":232,"column":50}},"79":{"start":{"line":234,"column":6},"end":{"line":234,"column":null}},"80":{"start":{"line":234,"column":17},"end":{"line":234,"column":null}},"81":{"start":{"line":236,"column":6},"end":{"line":236,"column":null}},"82":{"start":{"line":238,"column":18},"end":{"line":238,"column":35}},"83":{"start":{"line":239,"column":6},"end":{"line":239,"column":null}},"84":{"start":{"line":240,"column":6},"end":{"line":240,"column":null}}},"fnMap":{"0":{"name":"(anonymous_0)","decl":{"start":{"line":16,"column":2},"end":{"line":16,"column":7}},"loc":{"start":{"line":16,"column":106},"end":{"line":79,"column":3}}},"1":{"name":"(anonymous_1)","decl":{"start":{"line":87,"column":2},"end":{"line":87,"column":7}},"loc":{"start":{"line":87,"column":63},"end":{"line":116,"column":3}}},"2":{"name":"(anonymous_2)","decl":{"start":{"line":123,"column":2},"end":{"line":123,"column":7}},"loc":{"start":{"line":123,"column":34},"end":{"line":153,"column":3}}},"3":{"name":"(anonymous_3)","decl":{"start":{"line":161,"column":2},"end":{"line":161,"column":7}},"loc":{"start":{"line":161,"column":59},"end":{"line":196,"column":3}}},"4":{"name":"(anonymous_4)","decl":{"start":{"line":202,"column":2},"end":{"line":202,"column":7}},"loc":{"start":{"line":202,"column":33},"end":{"line":219,"column":3}}},"5":{"name":"(anonymous_5)","decl":{"start":{"line":226,"column":2},"end":{"line":226,"column":7}},"loc":{"start":{"line":226,"column":47},"end":{"line":242,"column":3}}}},"branchMap":{"0":{"loc":{"start":{"line":19,"column":6},"end":{"line":26,"column":7}},"type":"if","locations":[{"start":{"line":19,"column":6},"end":{"line":26,"column":7}},{"start":{},"end":{}}]},"1":{"loc":{"start":{"line":19,"column":10},"end":{"line":19,"column":95}},"type":"binary-expr","locations":[{"start":{"line":19,"column":11},"end":{"line":19,"column":26}},{"start":{"line":19,"column":30},"end":{"line":19,"column":50}},{"start":{"line":19,"column":56},"end":{"line":19,"column":70}},{"start":{"line":19,"column":74},"end":{"line":19,"column":94}}]},"2":{"loc":{"start":{"line":22,"column":8},"end":{"line":25,"column":9}},"type":"if","locations":[{"start":{"line":22,"column":8},"end":{"line":25,"column":9}},{"start":{},"end":{}}]},"3":{"loc":{"start":{"line":44,"column":6},"end":{"line":46,"column":7}},"type":"if","locations":[{"start":{"line":44,"column":6},"end":{"line":46,"column":7}},{"start":{},"end":{}}]},"4":{"loc":{"start":{"line":48,"column":6},"end":{"line":50,"column":7}},"type":"if","locations":[{"start":{"line":48,"column":6},"end":{"line":50,"column":7}},{"start":{},"end":{}}]},"5":{"loc":{"start":{"line":53,"column":6},"end":{"line":55,"column":7}},"type":"if","locations":[{"start":{"line":53,"column":6},"end":{"line":55,"column":7}},{"start":{},"end":{}}]},"6":{"loc":{"start":{"line":53,"column":10},"end":{"line":53,"column":63}},"type":"binary-expr","locations":[{"start":{"line":53,"column":10},"end":{"line":53,"column":29}},{"start":{"line":53,"column":33},"end":{"line":53,"column":63}}]},"7":{"loc":{"start":{"l
[...]
":{"line":273,"column":41}},"89":{"start":{"line":274,"column":24},"end":{"line":274,"column":46}},"90":{"start":{"line":275,"column":20},"end":{"line":275,"column":38}},"91":{"start":{"line":276,"column":18},"end":{"line":276,"column":32}},"92":{"start":{"line":279,"column":6},"end":{"line":288,"column":7}},"93":{"start":{"line":280,"column":23},"end":{"line":280,"column":35}},"94":{"start":{"line":281,"column":24},"end":{"line":281,"column":79}},"95":{"start":{"line":282,"column":8},"end":{"line":287,"column":9}},"96":{"start":{"line":283,"column":24},"end":{"line":283,"column":72}},"97":{"start":{"line":284,"column":10},"end":{"line":286,"column":null}},"98":{"start":{"line":290,"column":18},"end":{"line":290,"column":47}},"99":{"start":{"line":291,"column":6},"end":{"line":291,"column":50}},"100":{"start":{"line":293,"column":27},"end":{"line":299,"column":null}},"101":{"start":{"line":301,"column":30},"end":{"line":309,"column":17}},"102":{"start":{"line":311,"column":6},"end":{"line":311,"column":null}},"103":{"start":{"line":311,"column":17},"end":{"line":311,"column":null}},"104":{"start":{"line":314,"column":6},"end":{"line":314,"column":null}},"105":{"start":{"line":316,"column":6},"end":{"line":316,"column":null}},"106":{"start":{"line":318,"column":18},"end":{"line":318,"column":35}},"107":{"start":{"line":319,"column":6},"end":{"line":319,"column":null}},"108":{"start":{"line":320,"column":6},"end":{"line":320,"column":null}},"109":{"start":{"line":331,"column":4},"end":{"line":331,"column":null}},"110":{"start":{"line":342,"column":4},"end":{"line":354,"column":5}},"111":{"start":{"line":343,"column":6},"end":{"line":349,"column":7}},"112":{"start":{"line":345,"column":8},"end":{"line":345,"column":null}},"113":{"start":{"line":348,"column":8},"end":{"line":348,"column":null}},"114":{"start":{"line":351,"column":18},"end":{"line":351,"column":35}},"115":{"start":{"line":352,"column":6},"end":{"line":352,"column":null}},"116":{"start":{"line":353,"column":6},"end":{"line":353,"column":null}},"117":{"start":{"line":363,"column":4},"end":{"line":384,"column":5}},"118":{"start":{"line":364,"column":53},"end":{"line":368,"column":17}},"119":{"start":{"line":370,"column":6},"end":{"line":370,"column":null}},"120":{"start":{"line":370,"column":22},"end":{"line":370,"column":null}},"121":{"start":{"line":372,"column":20},"end":{"line":372,"column":41}},"122":{"start":{"line":373,"column":18},"end":{"line":373,"column":32}},"123":{"start":{"line":376,"column":23},"end":{"line":376,"column":70}},"124":{"start":{"line":379,"column":6},"end":{"line":379,"column":null}},"125":{"start":{"line":381,"column":18},"end":{"line":381,"column":35}},"126":{"start":{"line":382,"column":6},"end":{"line":382,"column":null}},"127":{"start":{"line":383,"column":6},"end":{"line":383,"column":null}}},"fnMap":{"0":{"name":"(anonymous_0)","decl":{"start":{"line":19,"column":2},"end":{"line":19,"column":7}},"loc":{"start":{"line":19,"column":41},"end":{"line":106,"column":3}}},"1":{"name":"(anonymous_1)","decl":{"start":{"line":115,"column":2},"end":{"line":115,"column":7}},"loc":{"start":{"line":115,"column":65},"end":{"line":180,"column":3}}},"2":{"name":"(anonymous_2)","decl":{"start":{"line":143,"column":39},"end":{"line":143,"column":40}},"loc":{"start":{"line":143,"column":46},"end":{"line":143,"column":86}}},"3":{"name":"(anonymous_3)","decl":{"start":{"line":189,"column":2},"end":{"line":189,"column":7}},"loc":{"start":{"line":189,"column":67},"end":{"line":253,"column":3}}},"4":{"name":"(anonymous_4)","decl":{"start":{"line":263,"column":2},"end":{"line":263,"column":7}},"loc":{"start":{"line":263,"column":101},"end":{"line":322,"column":3}}},"5":{"name":"(anonymous_5)","decl":{"start":{"line":330,"column":2},"end":{"line":330,"column":7}},"loc":{"start":{"line":330,"column":42},"end":{"line":332,"column":3}}},"6":{"name":"(anonymous_6)","decl":{"start":{"line":341,"column":2},"end":{"line":341,"column":7}},"loc":{"start":{"line":341,"column":88},"end":{"line":355,"column":3}}},"7":{"name":"(anonymous_7)","decl":{"start":{"line":362,"column":2},"end":{"line":362,"column":7}},"loc":{"start":{"line":362,"column":28},"end":{"line":385,"column":3}}}},"branchMap":{"0":{"loc":{"start":{"line":21,"column":6},"end":{"line":23,"column":7}},"type":"if","locations":[{"start":{"line":21,"column":6},"end":{"line":23,"column":7}},{"start":{},"end":{}}]},"1":{"loc":{"start":{"line":21,"column":10},"end":{"line":21,"column":29}},"type":"binary-expr","locations":[{"start":{"line":21,"column":10},"end":{"line":21,"column":17}},{"start":{"line":21,"column":21},"end":{"line":21,"column":29}}]},"2":{"loc":{"start":{"line":31,"column":6},"end":{"line":31,"column":null}},"type":"if","locations":[{"start":{"line":31,"column":6},"end":{"line":31,"column":null}},{"start":{},"end":{}}]},"3":{"loc":{"start":{"line":33,"column":29},"end":{"line":33,"column":60}},"type":"binary-expr","locations":[{"start":{"line":33,"column":29},"end":{"line":33,"column":44}},{"start":{"line":33,"column":48},"end":{"line":33,"column":60}}]},"4":{"loc":{"start":{"line":34,"column":25},"end":{"line":34,"column":51}},"type":"binary-expr","locations":[{"start":{"line":34,"column":25},"end":{"line":34,"column":45}},{"start":{"line":34,"column":49},"end":{"line":34,"column":51}}]},"5":{"loc":{"start":{"line":35,"column":20},"end":{"line":35,"column":41}},"type":"binary-expr","locations":[{"start":{"line":35,"column":20},"end":{"line":35,"column":35}},{"start":{"line":35,"column":39},"end":{"line":35,"column":41}}]},"6":{"loc":{"start":{"line":40,"column":8},"end":{"line":40,"column":27}},"type":"binary-expr","locations":[{"start":{"line":40,"column":8},"end":{"line":40,"column":22}},{"start":{"line":40,"column":26},"end":{"line":40,"column":27}}]},"7":{"loc":{"start":{"line":46,"column":8},"end":{"line":46,"column":27}},"type":"binary-expr","locations":[{"start":{"line":46,"column":8},"end":{"line":46,"column":22}},{"start":{"line":46,"column":26},"end":{"line":46,"column":27}}]},"8":{"loc":{"start":{"line":53,"column":28},"end":{"line":53,"column":54}},"type":"binary-expr","locations":[{"start":{"line":53,"column":28},"end":{"line":53,"column":45}},{"start":{"line":53,"column":49},"end":{"line":53,"column":54}}]},"9":{"loc":{"start":{"line":57,"column":28},"end":{"line":57,"column":56}},"type":"binary-expr","locations":[{"start":{"line":57,"column":28},"end":{"line":57,"column":46}},{"start":{"line":57,"column":50},"end":{"line":57,"column":56}}]},"10":{"loc":{"start":{"line":61,"column":28},"end":{"line":61,"column":54}},"type":"binary-expr","locations":[{"start":{"line":61,"column":28},"end":{"line":61,"column":45}},{"start":{"line":61,"column":49},"end":{"line":61,"column":54}}]},"11":{"loc":{"start":{"line":77,"column":6},"end":{"line":77,"column":null}},"type":"if","locations":[{"start":{"line":77,"column":6},"end":{"line":77,"column":null}},{"start":{},"end":{}}]},"12":{"loc":{"start":{"line":80,"column":21},"end":{"line":80,"column":35}},"type":"binary-expr","locations":[{"start":{"line":80,"column":21},"end":{"line":80,"column":30}},{"start":{"line":80,"column":34},"end":{"line":80,"column":35}}]},"13":{"loc":{"start":{"line":81,"column":6},"end":{"line":95,"column":7}},"type":"if","locations":[{"start":{"line":81,"column":6},"end":{"line":95,"column":7}},{"start":{},"end":{}}]},"14":{"loc":{"start":{"line":104,"column":51},"end":{"line":104,"column":85}},"type":"binary-expr","locations":[{"start":{"line":104,"column":51},"end":{"line":104,"column":62}},{"start":{"line":104,"column":66},"end":{"line":104,"column":85}}]},"15":{"loc":{"start":{"line":115,"column":41},"end":{"line":115,"column":65}},"type":"default-arg","locations":[{"start":{"line":115,"column":60},"end":{"line":115,"column":65}}]},"16":{"loc":{"start":{"line":123,"column":6},"end":{"line":123,"column":null}},"type":"if","locations":[{"start":{"line":123,"column":6},"end":{"line":123,"column":null}},{"start":{},"end":{}}]},"17":{"loc":{"start":{"line":125,"column":20},"end":{"line":125,"column":41}},"type":"binary-expr","locations":[{"start":{"line":125,"column":20},"end":{"line":125,"column":35}},{"start":{"line":125,"column":39},"end":{"line":125,"column":41}}]},"18":{"loc":{"start":{"line":126,"column":24},"end":{"line":126,"column":46}},"type":"binary-expr","locations":[{"start":{"line":126,"column":24},"end":{"line":126,"column":41}},{"start":{"line":126,"column":45},"end":{"line":126,"column":46}}]},"19":{"loc":{"start":{"line":127,"column":20},"end":{"line":127,"column":38}},"type":"binary-expr","locations":[{"start":{"line":127,"column":20},"end":{"line":127,"column":33}},{"start":{"line":127,"column":37},"end":{"line":127,"column":38}}]},"20":{"loc":{"start":{"line":129,"column":18},"end":{"line":129,"column":47}},"type":"cond-expr","locations":[{"start":{"line":129,"column":28},"end":{"line":129,"column":42}},{"start":{"line":129,"column":45},"end":{"line":129,"column":47}}]},"21":{"loc":{"start":{"line":137,"column":41},"end":{"line":137,"column":67}},"type":"binary-expr","locations":[{"start":{"line":137,"column":41},"end":{"line":137,"column":61}},{"start":{"line":137,"column":65},"end":{"line":137,"column":67}}]},"22":{"loc":{"start":{"line":139,"column":6},"end":{"line":144,"column":7}},"type":"if","locations":[{"start":{"line":139,"column":6},"end":{"line":144,"column":7}},{"start":{"line":142,"column":13},"end":{"line":144,"column":7}}]},"23":{"loc":{"start":{"line":139,"column":10},"end":{"line":139,"column":53}},"type":"binary-expr","locations":[{"start":{"line":139,"column":10},"end":{"line":139,"column":17}},{"start":{"line":139,"column":21},"end":{"line":139,"column":53}}]},"24":{"loc":{"start":{"line":142,"column":13},"end":{"line":144,"column":7}},"type":"if","locations":[{"start":{"line":142,"column":13},"end":{"line":144,"column":7}},{"start":{},"end":{}}]},"25":{"loc":{"start":{"line":142,"column":17},"end":{"line":142,"column":60}},"type":"binary-expr","locations":[{"start":{"line":142,"column":17},"end":{"line":142,"column":25}},{"start":{"line":142,"column":29},"end":{"line":142,"column":60}}]},"26":{"loc":{"start":{"line":143,"column":46},"end":{"line":143,"column":86}},"type":"binary-expr","locations":[{"start":{"line":143,"column":46},"end":{"line":143,"column":62}},{"start":{"line":143,"column":66},"end":{"line":143,"column":86}}]},"27":{"loc":{"start":{"line":165,"column":6},"end":{"line":165,"column":null}},"type":"if","locations":[{"start":{"line":165,"column":6},"end":{"line":165,"column":null}},{"start":{},"end":{}}]},"28":{"loc":{"start":{"line":178,"column":50},"end":{"line":178,"column":84}},"type":"binary-expr","locations":[{"start":{"line":178,"column":50},"end":{"line":178,"column":61}},{"start":{"line":178,"column":65},"end":{"line":178,"column":84}}]},"29":{"loc":{"start":{"line":189,"column":43},"end":{"line":189,"column":67}},"type":"default-arg","locations":[{"start":{"line":189,"column":62},"end":{"line":189,"column":67}}]},"30":{"loc":{"start":{"line":197,"column":6},"end":{"line":197,"column":null}},"type":"if","locations":[{"start":{"line":197,"column":6},"end":{"line":197,"column":null}},{"start":{},"end":{}}]},"31":{"loc":{"start":{"line":199,"column":20},"end":{"line":199,"column":41}},"type":"binary-expr","locations":[{"start":{"line":199,"column":20},"end":{"line":199,"column":35}},{"start":{"line":199,"column":39},"end":{"line":199,"column":41}}]},"32":{"loc":{"start":{"line":200,"column":25},"end":{"line":200,"column":48}},"type":"binary-expr","locations":[{"start":{"line":200,"column":25},"end":{"line":200,"column":43}},{"start":{"line":200,"column":47},"end":{"line":200,"column":48}}]},"33":{"loc":{"start":{"line":201,"column":21},"end":{"line":201,"column":40}},"type":"binary-expr","locations":[{"start":{"line":201,"column":21},"end":{"line":201,"column":35}},{"start":{"line":201,"column":39},"end":{"line":201,"column":40}}]},"34":{"loc":{"start":{"line":203,"column":19},"end":{"line":203,"column":51}},"type":"cond-expr","locations":[{"start":{"line":203,"column":29},"end":{"line":203,"column":45}},{"start":{"line":203,"column":48},"end":{"line":203,"column":51}}]},"35":{"loc":{"start":{"line":211,"column":41},"end":{"line":211,"column":67}},"type":"binary-expr","locations":[{"start":{"line":211,"column":41},"end":{"line":211,"column":61}},{"start":{"line":211,"column":65},"end":{"line":211,"column":67}}]},"36":{"loc":{"start":{"line":213,"column":6},"end":{"line":217,"column":7}},"type":"if","locations":[{"start":{"line":213,"column":6},"end":{"line":217,"column":7}},{"start":{"line":215,"column":13},"end":{"line":217,"column":7}}]},"37":{"loc":{"start":{"line":213,"column":10},"end":{"line":213,"column":59}},"type":"binary-expr","locations":[{"start":{"line":213,"column":10},"end":{"line":213,"column":18}},{"start":{"line":213,"column":22},"end":{"line":213,"column":59}}]},"38":{"loc":{"start":{"line":215,"column":13},"end":{"line":217,"column":7}},"type":"if","locations":[{"start":{"line":215,"column":13},"end":{"line":217,"column":7}},{"start":{},"end":{}}]},"39":{"loc":{"start":{"line":215,"column":17},"end":{"line":215,"column":76}},"type":"binary-expr","locations":[{"start":{"line":215,"column":17},"end":{"line":215,"column":25}},{"start":{"line":215,"column":29},"end":{"line":215,"column":63}},{"start":{"line":215,"column":67},"end":{"line":215,"column":76}}]},"40":{"loc":{"start":{"line":238,"column":6},"end":{"line":238,"column":null}},"type":"if","locations":[{"start":{"line":238,"column":6},"end":{"line":238,"column":null}},{"start":{},"end":{}}]},"41":{"loc":{"start":{"line":251,"column":51},"end":{"line":251,"column":85}},"type":"binary-expr","locations":[{"start":{"line":251,"column":51},"end":{"line":251,"column":62}},{"start":{"line":251,"column":66},"end":{"line":251,"column":85}}]},"42":{"loc":{"start":{"line":263,"column":41},"end":{"line":263,"column":65}},"type":"default-arg","locations":[{"start":{"line":263,"column":60},"end":{"line":263,"column":65}}]},"43":{"loc":{"start":{"line":263,"column":67},"end":{"line":263,"column":101}},"type":"default-arg","locations":[{"start":{"line":263,"column":96},"end":{"line":263,"column":101}}]},"44":{"loc":{"start":{"line":271,"column":6},"end":{"line":271,"column":null}},"type":"if","locations":[{"start":{"line":271,"column":6},"end":{"line":271,"column":null}},{"start":{},"end":{}}]},"45":{"loc":{"start":{"line":273,"column":20},"end":{"line":273,"column":41}},"type":"binary-expr","locations":[{"start":{"line":273,"column":20},"end":{"line":273,"column":35}},{"start":{"line":273,"column":39},"end":{"line":273,"column":41}}]},"46":{"loc":{"start":{"line":274,"column":24},"end":{"line":274,"column":46}},"type":"binary-expr","locations":[{"start":{"line":274,"column":24},"end":{"line":274,"column":41}},{"start":{"line":274,"column":45},"end":{"line":274,"column":46}}]},"47":{"loc":{"start":{"line":275,"column":20},"end":{"line":275,"column":38}},"type":"binary-expr","locations":[{"start":{"line":275,"column":20},"end":{"line":275,"column":33}},{"start":{"line":275,"column":37},"end":{"line":275,"column":38}}]},"48":{"loc":{"start":{"line":276,"column":18},"end":{"line":276,"column":32}},"type":"binary-expr","locations":[{"start":{"line":276,"column":18},"end":{"line":276,"column":27}},{"start":{"line":276,"column":31},"end":{"line":276,"column":32}}]},"49":{"loc":{"start":{"line":279,"column":6},"end":{"line":288,"column":7}},"type":"if","locations":[{"start":{"line":279,"column":6},"end":{"line":288,"column":7}},{"start":{},"end":{}}]},"50":{"loc":{"start":{"line":279,"column":10},"end":{"line":279,"column":48}},"type":"binary-expr","locations":[{"start":{"line":279,"column":10},"end":{"line":279,"column":27}},{"start":{"line":279,"column":31},"end":{"line":279,"column":38}},{"start":{"line":279,"column":42},"end":{"line":279,"column":48}}]},"51":{"loc":{"start":{"line":282,"column":8},"end":{"line":287,"column":9}},"type":"if","locations":[{"start":{"line":282,"column":8},"end":{"line":287,"column":9}},{"start":{},"end":{}}]},"52":{"loc":{"start":{"line":290,"column":18},"end":{"line":290,"column":47}},"type":"cond-expr","locations":[{"start":{"line":290,"column":28},"end":{"line":290,"column":42}},{"start":{"line":290,"column":45},"end":{"line":290,"column":47}}]},"53":{"loc":{"start":{"line":311,"column":6},"end":{"line":311,"column":null}},"type":"if","locations":[{"start":{"line":311,"column":6},"end":{"line":311,"column":null}},{"start":{},"end":{}}]},"54":{"loc":{"start":{"line":320,"column":50},"end":{"line":320,"column":84}},"type":"binary-expr","locations":[{"start":{"line":320,"column":50},"end":{"line":320,"column":61}},{"start":{"line":320,"column":65},"end":{"line":320,"column":84}}]},"55":{"loc":{"start":{"line":341,"column":48},"end":{"line":341,"column":88}},"type":"default-arg","locations":[{"start":{"line":341,"column":78},"end":{"line":341,"column":88}}]},"56":{"loc":{"start":{"line":343,"column":6},"end":{"line":349,"column":7}},"type":"if","locations":[{"start":{"line":343,"column":6},"end":{"line":349,"column":7}},{"start":{"line":346,"column":13},"end":{"line":349,"column":7}}]},"57":{"loc":{"start":{"line":353,"column":50},"end":{"line":353,"column":84}},"type":"binary-expr","locations":[{"start":{"line":353,"column":50},"end":{"line":353,"column":61}},{"start":{"line":353,"column":65},"end":{"line":353,"column":84}}]},"58":{"loc":{"start":{"line":370,"column":6},"end":{"line":370,"column":null}},"type":"if","locations":[{"start":{"line":370,"column":6},"end":{"line":370,"column":null}},{"start":{},"end":{}}]},"59":{"loc":{"start":{"line":372,"column":20},"end":{"line":372,"column":41}},"type":"binary-expr","locations":[{"start":{"line":372,"column":20},"end":{"line":372,"column":35}},{"start":{"line":372,"column":39},"end":{"line":372,"column":41}}]},"60":{"loc":{"start":{"line":373,"column":18},"end":{"line":373,"column":32}},"type":"binary-expr","locations":[{"start":{"line":373,"column":18},"end":{"line":373,"column":27}},{"start":{"line":373,"column":31},"end":{"line":373,"column":32}}]},"61":{"loc":{"start":{"line":383,"column":50},"end":{"line":383,"column":84}},"type":"binary-expr","locations":[{"start":{"line":383,"column":50},"end":{"line":383,"column":61}},{"start":{"line":383,"column":65},"end":{"line":383,"column":84}}]}},"s":{"0":1,"1":1,"2":1,"3":1,"4":1,"5":1,"6":3,"7":3,"8":2,"9":1,"10":1,"11":0,"12":1,"13":1,"14":1,"15":1,"16":1,"17":1,"18":1,"19":1,"20":1,"21":0,"22":1,"23":1,"24":1,"25":1,"26":0,"27":1,"28":1,"29":2,"30":2,"31":2,"32":3,"33":3,"34":3,"35":0,"36":3,"37":3,"38":3,"39":3,"40":3,"41":3,"42":3,"43":3,"44":3,"45":1,"46":1,"47":2,"48":0,"49":0,"50":3,"51":3,"52":3,"53":0,"54":3,"55":3,"56":0,"57":0,"58":0,"59":2,"60":2,"61":2,"62":0,"63":2,"64":2,"65":2,"66":2,"67":2,"68":2,"69":2,"70":2,"71":2,"72":1,"73":1,"74":0,"75":2,"76":2,"77":2,"78":0,"79":2,"80":2,"81":0,"82":0,"83":0,"84":2,"85":2,"86":2,"87":0,"88":2,"89":2,"90":2,"91":2,"92":2,"93":0,"94":0,"95":0,"96":0,"97":0,"98":2,"99":2,"100":2,"101":2,"102":2,"103":0,"104":2,"105":2,"106":0,"107":0,"108":0,"109":0,"110":2,"111":2,"112":1,"113":1,"114":0,"115":0,"116":0,"117":1,"118":1,"119":1,"120":0,"121":1,"122":1,"123":1,"124":1,"125":0,"126":0,"127":0},"f":{"0":3,"1":3,"2":0,"3":2,"4":2,"5":0,"6":2,"7":1},"b":{"0":[2,1],"1":[3,2],"2":[0,1],"3":[1,0],"4":[1,0],"5":[1,0],"6":[1,0],"7":[1,0],"8":[1,0],"9":[1,0],"10":[1,0],"11":[0,1],"12":[1,0],"13":[1,0],"14":[2,0],"15":[0],"16":[0,3],"17":[3,0],"18":[3,0],"19":[3,0],"20":[1,2],"21":[3,0],"22":[1,2],"23":[3,1],"24":[0,2],"25":[2,2],"26":[0,0],"27":[0,3],"28":[0,0],"29":[0],"30":[0,2],"31":[2,0],"32":[2,0],"33":[2,0],"34":[0,2],"35":[2,0],"36":[1,1],"37":[2,1],"38":[0,1],"39":[1,0,0],"40":[0,2],"41":[0,0],"42":[0],"43":[2],"44":[0,2],"45":[2,0],"46":[2,0],"47":[2,0],"48":[2,0],"49":[0,2],"50":[2,0,0],"51":[0,0],"52":[1,1],"53":[0,2],"54":[0,0],"55":[0],"56":[1,1],"57":[0,0],"58":[0,1],"59":[1,0],"60":[1,0],"61":[0,0]}}
}
