TN:
SF:src\services\abilityService.ts
FN:15,(anonymous_9)
FN:76,(anonymous_10)
FN:108,(anonymous_11)
FN:146,(anonymous_12)
FN:180,(anonymous_13)
FN:197,(anonymous_14)
FN:221,(anonymous_15)
FN:233,(anonymous_16)
FNF:8
FNH:0
FNDA:0,(anonymous_9)
FNDA:0,(anonymous_10)
FNDA:0,(anonymous_11)
FNDA:0,(anonymous_12)
FNDA:0,(anonymous_13)
FNDA:0,(anonymous_14)
FNDA:0,(anonymous_15)
FNDA:0,(anonymous_16)
DA:1,1
DA:2,1
DA:9,1
DA:16,0
DA:17,0
DA:33,0
DA:34,0
DA:37,0
DA:38,0
DA:42,0
DA:43,0
DA:47,0
DA:48,0
DA:49,0
DA:51,0
DA:53,0
DA:56,0
DA:64,0
DA:65,0
DA:66,0
DA:77,0
DA:78,0
DA:93,0
DA:95,0
DA:97,0
DA:98,0
DA:99,0
DA:109,0
DA:110,0
DA:130,0
DA:132,0
DA:134,0
DA:135,0
DA:136,0
DA:147,0
DA:148,0
DA:152,0
DA:153,0
DA:154,0
DA:155,0
DA:156,0
DA:157,0
DA:159,0
DA:166,0
DA:168,0
DA:170,0
DA:171,0
DA:172,0
DA:181,0
DA:182,0
DA:184,0
DA:186,0
DA:187,0
DA:188,0
DA:198,0
DA:199,0
DA:205,0
DA:207,0
DA:209,0
DA:210,0
DA:211,0
DA:222,0
DA:224,0
DA:230,0
DA:233,0
DA:234,0
DA:236,0
DA:237,0
DA:238,0
LF:69
LH:3
BRDA:33,0,0,0
BRDA:33,0,1,0
BRDA:37,1,0,0
BRDA:37,1,1,0
BRDA:42,2,0,0
BRDA:42,2,1,0
BRDA:42,3,0,0
BRDA:42,3,1,0
BRDA:47,4,0,0
BRDA:47,4,1,0
BRDA:48,5,0,0
BRDA:48,5,1,0
BRDA:53,6,0,0
BRDA:53,6,1,0
BRDA:57,7,0,0
BRDA:57,7,1,0
BRDA:58,8,0,0
BRDA:58,8,1,0
BRDA:61,9,0,0
BRDA:61,9,1,0
BRDA:66,10,0,0
BRDA:66,10,1,0
BRDA:81,11,0,0
BRDA:81,11,1,0
BRDA:84,12,0,0
BRDA:84,12,1,0
BRDA:85,13,0,0
BRDA:85,13,1,0
BRDA:86,14,0,0
BRDA:86,14,1,0
BRDA:87,15,0,0
BRDA:87,15,1,0
BRDA:88,16,0,0
BRDA:88,16,1,0
BRDA:93,17,0,0
BRDA:93,17,1,0
BRDA:99,18,0,0
BRDA:99,18,1,0
BRDA:130,19,0,0
BRDA:130,19,1,0
BRDA:136,20,0,0
BRDA:136,20,1,0
BRDA:152,21,0,0
BRDA:152,21,1,0
BRDA:153,22,0,0
BRDA:153,22,1,0
BRDA:154,23,0,0
BRDA:154,23,1,0
BRDA:155,24,0,0
BRDA:155,24,1,0
BRDA:156,25,0,0
BRDA:156,25,1,0
BRDA:157,26,0,0
BRDA:157,26,1,0
BRDA:166,27,0,0
BRDA:166,27,1,0
BRDA:172,28,0,0
BRDA:172,28,1,0
BRDA:184,29,0,0
BRDA:184,29,1,0
BRDA:188,30,0,0
BRDA:188,30,1,0
BRDA:205,31,0,0
BRDA:205,31,1,0
BRDA:207,32,0,0
BRDA:207,32,1,0
BRDA:211,33,0,0
BRDA:211,33,1,0
BRDA:230,34,0,0
BRDA:230,34,1,0
BRDA:238,35,0,0
BRDA:238,35,1,0
BRF:72
BRH:0
end_of_record
TN:
SF:src\services\ammunitionService.ts
FN:24,(anonymous_0)
FN:63,(anonymous_1)
FN:102,(anonymous_2)
FN:149,(anonymous_3)
FN:196,(anonymous_4)
FN:240,(anonymous_5)
FNF:6
FNH:6
FNDA:6,(anonymous_0)
FNDA:3,(anonymous_1)
FNDA:2,(anonymous_2)
FNDA:2,(anonymous_3)
FNDA:3,(anonymous_4)
FNDA:1,(anonymous_5)
DA:6,1
DA:7,1
DA:17,1
DA:25,6
DA:26,6
DA:33,6
DA:35,0
DA:39,6
DA:40,1
DA:43,5
DA:50,1
DA:51,1
DA:52,1
DA:68,3
DA:69,3
DA:80,0
DA:82,0
DA:89,3
DA:90,3
DA:91,3
DA:107,2
DA:108,2
DA:109,2
DA:111,2
DA:122,2
DA:124,2
DA:129,2
DA:136,0
DA:137,0
DA:138,0
DA:154,2
DA:155,2
DA:156,2
DA:158,2
DA:169,2
DA:171,2
DA:176,2
DA:183,0
DA:184,0
DA:185,0
DA:201,3
DA:202,3
DA:204,3
DA:220,3
DA:222,3
DA:229,0
DA:230,0
DA:231,0
DA:241,1
DA:242,1
DA:250,1
DA:252,1
DA:254,0
DA:255,0
DA:256,0
LF:55
LH:40
BRDA:33,0,0,0
BRDA:33,0,1,6
BRDA:33,1,0,6
BRDA:33,1,1,1
BRDA:39,2,0,1
BRDA:39,2,1,5
BRDA:46,3,0,5
BRDA:46,3,1,0
BRDA:52,4,0,1
BRDA:52,4,1,0
BRDA:66,5,0,2
BRDA:80,6,0,0
BRDA:80,6,1,0
BRDA:91,7,0,3
BRDA:91,7,1,0
BRDA:105,8,0,0
BRDA:122,9,0,0
BRDA:122,9,1,2
BRDA:138,10,0,0
BRDA:138,10,1,0
BRDA:152,11,0,0
BRDA:169,12,0,0
BRDA:169,12,1,2
BRDA:185,13,0,0
BRDA:185,13,1,0
BRDA:220,14,0,0
BRDA:220,14,1,3
BRDA:231,15,0,0
BRDA:231,15,1,0
BRDA:240,16,0,1
BRDA:250,17,0,0
BRDA:250,17,1,1
BRDA:256,18,0,0
BRDA:256,18,1,0
BRF:34
BRH:14
end_of_record
TN:
SF:src\services\cache.ts
FN:14,cleanMemoryCache
FN:29,getCache
FN:61,setCache
FN:88,deleteCache
FN:105,deleteCachePattern
FN:131,clearCache
FN:148,getCharacterCacheKey
FN:166,getCampaignCacheKey
FN:182,getCreatureCacheKey
FN:198,getMomentCacheKey
FNF:10
FNH:0
FNDA:0,cleanMemoryCache
FNDA:0,getCache
FNDA:0,setCache
FNDA:0,deleteCache
FNDA:0,deleteCachePattern
FNDA:0,clearCache
FNDA:0,getCharacterCacheKey
FNDA:0,getCampaignCacheKey
FNDA:0,getCreatureCacheKey
FNDA:0,getMomentCacheKey
DA:5,0
DA:6,0
DA:9,0
DA:15,0
DA:16,0
DA:17,0
DA:18,0
DA:24,0
DA:29,0
DA:30,0
DA:32,0
DA:33,0
DA:34,0
DA:35,0
DA:36,0
DA:38,0
DA:40,0
DA:46,0
DA:47,0
DA:48,0
DA:51,0
DA:52,0
DA:55,0
DA:61,0
DA:66,0
DA:68,0
DA:69,0
DA:70,0
DA:71,0
DA:73,0
DA:79,0
DA:88,0
DA:89,0
DA:91,0
DA:92,0
DA:93,0
DA:95,0
DA:99,0
DA:105,0
DA:106,0
DA:108,0
DA:109,0
DA:110,0
DA:111,0
DA:112,0
DA:115,0
DA:120,0
DA:121,0
DA:122,0
DA:123,0
DA:131,0
DA:132,0
DA:134,0
DA:135,0
DA:136,0
DA:138,0
DA:142,0
DA:148,0
DA:153,0
DA:154,0
DA:155,0
DA:157,0
DA:158,0
DA:160,0
DA:166,0
DA:170,0
DA:171,0
DA:172,0
DA:173,0
DA:174,0
DA:176,0
DA:182,0
DA:186,0
DA:187,0
DA:188,0
DA:189,0
DA:190,0
DA:192,0
DA:198,0
DA:203,0
DA:204,0
DA:205,0
DA:207,0
DA:208,0
DA:210,0
LF:85
LH:0
BRDA:17,0,0,0
BRDA:17,0,1,0
BRDA:32,1,0,0
BRDA:32,1,1,0
BRDA:35,2,0,0
BRDA:35,2,1,0
BRDA:47,3,0,0
BRDA:47,3,1,0
BRDA:47,4,0,0
BRDA:47,4,1,0
BRDA:51,5,0,0
BRDA:51,5,1,0
BRDA:64,6,0,0
BRDA:68,7,0,0
BRDA:68,7,1,0
BRDA:91,8,0,0
BRDA:91,8,1,0
BRDA:108,9,0,0
BRDA:108,9,1,0
BRDA:111,10,0,0
BRDA:111,10,1,0
BRDA:122,11,0,0
BRDA:122,11,1,0
BRDA:134,12,0,0
BRDA:134,12,1,0
BRDA:154,13,0,0
BRDA:154,13,1,0
BRDA:157,14,0,0
BRDA:157,14,1,0
BRDA:158,15,0,0
BRDA:158,15,1,0
BRDA:171,16,0,0
BRDA:171,16,1,0
BRDA:173,17,0,0
BRDA:173,17,1,0
BRDA:187,18,0,0
BRDA:187,18,1,0
BRDA:189,19,0,0
BRDA:189,19,1,0
BRDA:204,20,0,0
BRDA:204,20,1,0
BRDA:207,21,0,0
BRDA:207,21,1,0
BRDA:208,22,0,0
BRDA:208,22,1,0
BRF:45
BRH:0
end_of_record
TN:
SF:src\services\campaignService.ts
FN:14,(anonymous_0)
FN:47,(anonymous_1)
FN:70,(anonymous_2)
FN:110,(anonymous_3)
FN:172,(anonymous_4)
FN:261,(anonymous_5)
FN:322,(anonymous_6)
FN:386,(anonymous_7)
FN:417,(anonymous_8)
FN:437,(anonymous_9)
FNF:10
FNH:0
FNDA:0,(anonymous_0)
FNDA:0,(anonymous_1)
FNDA:0,(anonymous_2)
FNDA:0,(anonymous_3)
FNDA:0,(anonymous_4)
FNDA:0,(anonymous_5)
FNDA:0,(anonymous_6)
FNDA:0,(anonymous_7)
FNDA:0,(anonymous_8)
FNDA:0,(anonymous_9)
DA:1,0
DA:2,0
DA:5,0
DA:10,0
DA:15,0
DA:17,0
DA:18,0
DA:19,0
DA:20,0
DA:21,0
DA:24,0
DA:44,0
DA:47,0
DA:49,0
DA:50,0
DA:57,0
DA:59,0
DA:61,0
DA:62,0
DA:63,0
DA:71,0
DA:72,0
DA:73,0
DA:74,0
DA:76,0
DA:83,0
DA:85,0
DA:87,0
DA:88,0
DA:90,0
DA:96,0
DA:98,0
DA:100,0
DA:101,0
DA:102,0
DA:111,0
DA:113,0
DA:119,0
DA:121,0
DA:125,0
DA:127,0
DA:128,0
DA:129,0
DA:131,0
DA:134,0
DA:139,0
DA:148,0
DA:150,0
DA:151,0
DA:152,0
DA:155,0
DA:157,0
DA:159,0
DA:160,0
DA:163,0
DA:173,0
DA:175,0
DA:178,0
DA:179,0
DA:182,0
DA:185,0
DA:186,0
DA:187,0
DA:194,0
DA:195,0
DA:196,0
DA:198,0
DA:204,0
DA:219,0
DA:220,0
DA:222,0
DA:223,0
DA:225,0
DA:226,0
DA:228,0
DA:232,0
DA:240,0
DA:247,0
DA:248,0
DA:250,0
DA:252,0
DA:253,0
DA:254,0
DA:262,0
DA:264,0
DA:265,0
DA:266,0
DA:267,0
DA:268,0
DA:270,0
DA:278,0
DA:284,0
DA:287,0
DA:301,0
DA:303,0
DA:309,0
DA:311,0
DA:313,0
DA:314,0
DA:315,0
DA:323,0
DA:325,0
DA:333,0
DA:334,0
DA:337,0
DA:340,0
DA:341,0
DA:348,0
DA:352,0
DA:353,0
DA:354,0
DA:355,0
DA:357,0
DA:359,0
DA:366,0
DA:369,0
DA:370,0
DA:371,0
DA:372,0
DA:375,0
DA:377,0
DA:378,0
DA:379,0
DA:387,0
DA:389,0
DA:397,0
DA:398,0
DA:401,0
DA:406,0
DA:408,0
DA:409,0
DA:410,0
DA:418,0
DA:420,0
DA:428,0
DA:429,0
DA:433,0
DA:435,0
DA:437,0
DA:439,0
DA:440,0
DA:444,0
DA:452,0
DA:454,0
DA:456,0
DA:457,0
DA:458,0
LF:147
LH:0
BRDA:19,0,0,0
BRDA:19,0,1,0
BRDA:44,1,0,0
BRDA:44,1,1,0
BRDA:47,2,0,0
BRDA:47,2,1,0
BRDA:49,3,0,0
BRDA:49,3,1,0
BRDA:74,4,0,0
BRDA:74,4,1,0
BRDA:83,5,0,0
BRDA:83,5,1,0
BRDA:85,6,0,0
BRDA:85,6,1,0
BRDA:102,7,0,0
BRDA:102,7,1,0
BRDA:119,8,0,0
BRDA:119,8,1,0
BRDA:125,9,0,0
BRDA:125,9,1,0
BRDA:125,10,0,0
BRDA:125,10,1,0
BRDA:128,11,0,0
BRDA:128,11,1,0
BRDA:129,12,0,0
BRDA:129,12,1,0
BRDA:148,13,0,0
BRDA:148,13,1,0
BRDA:150,14,0,0
BRDA:150,14,1,0
BRDA:157,15,0,0
BRDA:157,15,1,0
BRDA:178,16,0,0
BRDA:178,16,1,0
BRDA:178,17,0,0
BRDA:178,17,1,0
BRDA:185,18,0,0
BRDA:185,18,1,0
BRDA:194,19,0,0
BRDA:194,19,1,0
BRDA:194,20,0,0
BRDA:194,20,1,0
BRDA:208,21,0,0
BRDA:208,21,1,0
BRDA:210,22,0,0
BRDA:210,22,1,0
BRDA:211,23,0,0
BRDA:211,23,1,0
BRDA:219,24,0,0
BRDA:219,24,1,0
BRDA:222,25,0,0
BRDA:222,25,1,0
BRDA:225,26,0,0
BRDA:225,26,1,0
BRDA:228,27,0,0
BRDA:228,27,1,0
BRDA:240,28,0,0
BRDA:240,28,1,0
BRDA:254,29,0,0
BRDA:254,29,1,0
BRDA:266,30,0,0
BRDA:266,30,1,0
BRDA:272,31,0,0
BRDA:272,31,1,0
BRDA:284,32,0,0
BRDA:284,32,1,0
BRDA:301,33,0,0
BRDA:301,33,1,0
BRDA:305,34,0,0
BRDA:305,34,1,0
BRDA:333,35,0,0
BRDA:333,35,1,0
BRDA:333,36,0,0
BRDA:333,36,1,0
BRDA:340,37,0,0
BRDA:340,37,1,0
BRDA:352,38,0,0
BRDA:352,38,1,0
BRDA:353,39,0,0
BRDA:353,39,1,0
BRDA:354,40,0,0
BRDA:354,40,1,0
BRDA:355,41,0,0
BRDA:355,41,1,0
BRDA:357,42,0,0
BRDA:357,42,1,0
BRDA:366,43,0,0
BRDA:366,43,1,0
BRDA:371,44,0,0
BRDA:371,44,1,0
BRDA:379,45,0,0
BRDA:379,45,1,0
BRDA:397,46,0,0
BRDA:397,46,1,0
BRDA:397,47,0,0
BRDA:397,47,1,0
BRDA:406,48,0,0
BRDA:406,48,1,0
BRDA:410,49,0,0
BRDA:410,49,1,0
BRDA:428,50,0,0
BRDA:428,50,1,0
BRDA:428,51,0,0
BRDA:428,51,1,0
BRDA:435,52,0,0
BRDA:435,52,1,0
BRDA:439,53,0,0
BRDA:439,53,1,0
BRDA:452,54,0,0
BRDA:452,54,1,0
BRDA:458,55,0,0
BRDA:458,55,1,0
BRF:112
BRH:0
end_of_record
TN:
SF:src\services\chatService.ts
FN:11,(anonymous_0)
FN:52,(anonymous_1)
FNF:2
FNH:2
FNDA:6,(anonymous_0)
FNDA:7,(anonymous_1)
DA:1,1
DA:2,1
DA:7,1
DA:12,6
DA:13,6
DA:34,6
DA:35,1
DA:38,5
DA:40,5
DA:42,4
DA:44,2
DA:45,2
DA:61,7
DA:62,7
DA:90,7
DA:92,6
DA:94,1
DA:95,1
LF:18
LH:18
BRDA:11,0,0,5
BRDA:34,1,0,1
BRDA:34,1,1,5
BRDA:40,2,0,1
BRDA:40,2,1,4
BRDA:42,3,0,4
BRDA:42,3,1,0
BRDA:66,4,0,7
BRDA:66,4,1,6
BRDA:68,5,0,7
BRDA:68,5,1,5
BRDA:70,6,0,7
BRDA:70,6,1,5
BRDA:71,7,0,7
BRDA:71,7,1,5
BRDA:90,8,0,1
BRDA:90,8,1,6
BRF:17
BRH:16
end_of_record
TN:
SF:src\services\creatureService.ts
FN:16,(anonymous_0)
FN:87,(anonymous_1)
FN:123,(anonymous_2)
FN:161,(anonymous_3)
FN:202,(anonymous_4)
FN:226,(anonymous_5)
FNF:6
FNH:0
FNDA:0,(anonymous_0)
FNDA:0,(anonymous_1)
FNDA:0,(anonymous_2)
FNDA:0,(anonymous_3)
FNDA:0,(anonymous_4)
FNDA:0,(anonymous_5)
DA:1,0
DA:2,0
DA:5,0
DA:10,0
DA:17,0
DA:19,0
DA:20,0
DA:21,0
DA:22,0
DA:23,0
DA:24,0
DA:28,0
DA:44,0
DA:45,0
DA:48,0
DA:49,0
DA:53,0
DA:54,0
DA:58,0
DA:59,0
DA:60,0
DA:62,0
DA:64,0
DA:67,0
DA:75,0
DA:76,0
DA:77,0
DA:88,0
DA:89,0
DA:108,0
DA:110,0
DA:112,0
DA:113,0
DA:114,0
DA:124,0
DA:125,0
DA:145,0
DA:147,0
DA:149,0
DA:150,0
DA:151,0
DA:162,0
DA:163,0
DA:167,0
DA:168,0
DA:169,0
DA:170,0
DA:171,0
DA:172,0
DA:174,0
DA:181,0
DA:184,0
DA:185,0
DA:186,0
DA:187,0
DA:190,0
DA:192,0
DA:193,0
DA:194,0
DA:203,0
DA:205,0
DA:211,0
DA:213,0
DA:215,0
DA:216,0
DA:217,0
DA:227,0
DA:228,0
DA:234,0
DA:236,0
DA:238,0
DA:239,0
DA:240,0
LF:73
LH:0
BRDA:19,0,0,0
BRDA:19,0,1,0
BRDA:19,1,0,0
BRDA:19,1,1,0
BRDA:19,1,2,0
BRDA:19,1,3,0
BRDA:22,2,0,0
BRDA:22,2,1,0
BRDA:44,3,0,0
BRDA:44,3,1,0
BRDA:48,4,0,0
BRDA:48,4,1,0
BRDA:53,5,0,0
BRDA:53,5,1,0
BRDA:53,6,0,0
BRDA:53,6,1,0
BRDA:58,7,0,0
BRDA:58,7,1,0
BRDA:59,8,0,0
BRDA:59,8,1,0
BRDA:64,9,0,0
BRDA:64,9,1,0
BRDA:68,10,0,0
BRDA:68,10,1,0
BRDA:69,11,0,0
BRDA:69,11,1,0
BRDA:72,12,0,0
BRDA:72,12,1,0
BRDA:77,13,0,0
BRDA:77,13,1,0
BRDA:92,14,0,0
BRDA:92,14,1,0
BRDA:95,15,0,0
BRDA:95,15,1,0
BRDA:96,16,0,0
BRDA:96,16,1,0
BRDA:97,17,0,0
BRDA:97,17,1,0
BRDA:98,18,0,0
BRDA:98,18,1,0
BRDA:103,19,0,0
BRDA:103,19,1,0
BRDA:108,20,0,0
BRDA:108,20,1,0
BRDA:114,21,0,0
BRDA:114,21,1,0
BRDA:145,22,0,0
BRDA:145,22,1,0
BRDA:151,23,0,0
BRDA:151,23,1,0
BRDA:167,24,0,0
BRDA:167,24,1,0
BRDA:168,25,0,0
BRDA:168,25,1,0
BRDA:169,26,0,0
BRDA:169,26,1,0
BRDA:170,27,0,0
BRDA:170,27,1,0
BRDA:171,28,0,0
BRDA:171,28,1,0
BRDA:172,29,0,0
BRDA:172,29,1,0
BRDA:181,30,0,0
BRDA:181,30,1,0
BRDA:186,31,0,0
BRDA:186,31,1,0
BRDA:194,32,0,0
BRDA:194,32,1,0
BRDA:213,33,0,0
BRDA:213,33,1,0
BRDA:217,34,0,0
BRDA:217,34,1,0
BRDA:234,35,0,0
BRDA:234,35,1,0
BRDA:236,36,0,0
BRDA:236,36,1,0
BRDA:240,37,0,0
BRDA:240,37,1,0
BRF:78
BRH:0
end_of_record
TN:
SF:src\services\diceService.ts
FN:12,parseDiceFormula
FN:47,(anonymous_1)
FN:51,(anonymous_2)
FN:67,(anonymous_3)
FN:115,(anonymous_4)
FNF:5
FNH:4
FNDA:7,parseDiceFormula
FNDA:5,(anonymous_1)
FNDA:5,(anonymous_2)
FNDA:7,(anonymous_3)
FNDA:0,(anonymous_4)
DA:1,1
DA:2,1
DA:18,7
DA:21,7
DA:23,7
DA:24,1
DA:27,6
DA:28,6
DA:29,6
DA:30,6
DA:32,6
DA:33,1
DA:36,5
DA:37,1
DA:41,4
DA:42,4
DA:43,5
DA:47,5
DA:48,4
DA:51,5
DA:52,4
DA:53,1
DA:56,4
DA:63,1
DA:75,7
DA:77,7
DA:80,4
DA:100,4
DA:102,4
DA:107,3
DA:108,3
DA:116,0
DA:117,0
DA:136,0
DA:137,0
DA:140,0
DA:141,0
DA:144,0
DA:146,0
DA:148,0
DA:150,0
DA:151,0
LF:42
LH:31
BRDA:23,0,0,1
BRDA:23,0,1,6
BRDA:30,1,0,1
BRDA:30,1,1,5
BRDA:32,2,0,1
BRDA:32,2,1,5
BRDA:32,3,0,6
BRDA:32,3,1,6
BRDA:36,4,0,1
BRDA:36,4,1,4
BRDA:36,5,0,5
BRDA:36,5,1,5
BRDA:52,6,0,1
BRDA:52,6,1,3
BRDA:53,7,0,1
BRDA:53,7,1,0
BRDA:84,8,0,4
BRDA:84,8,1,4
BRDA:86,9,0,4
BRDA:86,9,1,3
BRDA:91,10,0,1
BRDA:91,10,1,3
BRDA:95,11,0,4
BRDA:95,11,1,3
BRDA:100,12,0,0
BRDA:100,12,1,4
BRDA:115,13,0,0
BRDA:136,14,0,0
BRDA:136,14,1,0
BRDA:140,15,0,0
BRDA:140,15,1,0
BRDA:146,16,0,0
BRDA:146,16,1,0
BRDA:148,17,0,0
BRDA:148,17,1,0
BRF:35
BRH:24
end_of_record
TN:
SF:src\services\itemService.ts
FN:15,(anonymous_9)
FN:76,(anonymous_10)
FN:108,(anonymous_11)
FN:146,(anonymous_12)
FN:180,(anonymous_13)
FN:197,(anonymous_14)
FN:223,(anonymous_15)
FN:244,(anonymous_16)
FNF:8
FNH:0
FNDA:0,(anonymous_9)
FNDA:0,(anonymous_10)
FNDA:0,(anonymous_11)
FNDA:0,(anonymous_12)
FNDA:0,(anonymous_13)
FNDA:0,(anonymous_14)
FNDA:0,(anonymous_15)
FNDA:0,(anonymous_16)
DA:1,0
DA:2,0
DA:9,0
DA:16,0
DA:17,0
DA:33,0
DA:34,0
DA:37,0
DA:38,0
DA:42,0
DA:43,0
DA:47,0
DA:48,0
DA:49,0
DA:51,0
DA:53,0
DA:56,0
DA:64,0
DA:65,0
DA:66,0
DA:77,0
DA:78,0
DA:93,0
DA:95,0
DA:97,0
DA:98,0
DA:99,0
DA:109,0
DA:110,0
DA:130,0
DA:132,0
DA:134,0
DA:135,0
DA:136,0
DA:147,0
DA:148,0
DA:152,0
DA:153,0
DA:154,0
DA:155,0
DA:156,0
DA:157,0
DA:159,0
DA:166,0
DA:168,0
DA:170,0
DA:171,0
DA:172,0
DA:181,0
DA:182,0
DA:184,0
DA:186,0
DA:187,0
DA:188,0
DA:198,0
DA:199,0
DA:205,0
DA:207,0
DA:209,0
DA:210,0
DA:211,0
DA:229,0
DA:231,0
DA:237,0
DA:239,0
DA:240,0
DA:244,0
DA:245,0
DA:247,0
DA:248,0
DA:249,0
LF:71
LH:0
BRDA:33,0,0,0
BRDA:33,0,1,0
BRDA:37,1,0,0
BRDA:37,1,1,0
BRDA:42,2,0,0
BRDA:42,2,1,0
BRDA:42,3,0,0
BRDA:42,3,1,0
BRDA:47,4,0,0
BRDA:47,4,1,0
BRDA:48,5,0,0
BRDA:48,5,1,0
BRDA:53,6,0,0
BRDA:53,6,1,0
BRDA:57,7,0,0
BRDA:57,7,1,0
BRDA:58,8,0,0
BRDA:58,8,1,0
BRDA:61,9,0,0
BRDA:61,9,1,0
BRDA:66,10,0,0
BRDA:66,10,1,0
BRDA:81,11,0,0
BRDA:81,11,1,0
BRDA:84,12,0,0
BRDA:84,12,1,0
BRDA:85,13,0,0
BRDA:85,13,1,0
BRDA:86,14,0,0
BRDA:86,14,1,0
BRDA:87,15,0,0
BRDA:87,15,1,0
BRDA:88,16,0,0
BRDA:88,16,1,0
BRDA:93,17,0,0
BRDA:93,17,1,0
BRDA:99,18,0,0
BRDA:99,18,1,0
BRDA:130,19,0,0
BRDA:130,19,1,0
BRDA:136,20,0,0
BRDA:136,20,1,0
BRDA:152,21,0,0
BRDA:152,21,1,0
BRDA:153,22,0,0
BRDA:153,22,1,0
BRDA:154,23,0,0
BRDA:154,23,1,0
BRDA:155,24,0,0
BRDA:155,24,1,0
BRDA:156,25,0,0
BRDA:156,25,1,0
BRDA:157,26,0,0
BRDA:157,26,1,0
BRDA:166,27,0,0
BRDA:166,27,1,0
BRDA:172,28,0,0
BRDA:172,28,1,0
BRDA:184,29,0,0
BRDA:184,29,1,0
BRDA:188,30,0,0
BRDA:188,30,1,0
BRDA:205,31,0,0
BRDA:205,31,1,0
BRDA:207,32,0,0
BRDA:207,32,1,0
BRDA:211,33,0,0
BRDA:211,33,1,0
BRDA:227,34,0,0
BRDA:237,35,0,0
BRDA:237,35,1,0
BRDA:239,36,0,0
BRDA:239,36,1,0
BRDA:239,37,0,0
BRDA:239,37,1,0
BRDA:249,38,0,0
BRDA:249,38,1,0
BRF:77
BRH:0
end_of_record
TN:
SF:src\services\momentService.ts
FN:36,(anonymous_0)
FN:88,(anonymous_1)
FN:140,(anonymous_2)
FN:190,(anonymous_3)
FN:283,(anonymous_4)
FN:395,(anonymous_5)
FNF:6
FNH:6
FNDA:4,(anonymous_0)
FNDA:3,(anonymous_1)
FNDA:2,(anonymous_2)
FNDA:4,(anonymous_3)
FNDA:4,(anonymous_4)
FNDA:3,(anonymous_5)
DA:1,1
DA:2,1
DA:4,1
DA:32,1
DA:37,4
DA:39,4
DA:40,4
DA:41,4
DA:42,1
DA:43,1
DA:46,3
DA:70,3
DA:72,2
DA:75,2
DA:77,2
DA:79,1
DA:80,1
DA:81,1
DA:89,3
DA:91,3
DA:92,3
DA:93,3
DA:94,1
DA:95,1
DA:98,2
DA:122,2
DA:124,1
DA:127,1
DA:129,1
DA:131,1
DA:132,1
DA:133,1
DA:141,2
DA:143,2
DA:144,2
DA:145,2
DA:146,0
DA:147,0
DA:150,2
DA:174,2
DA:177,1
DA:179,1
DA:181,1
DA:182,1
DA:183,1
DA:191,4
DA:193,4
DA:194,1
DA:197,3
DA:198,0
DA:202,3
DA:209,3
DA:210,1
DA:214,2
DA:215,1
DA:221,1
DA:222,0
DA:225,1
DA:226,1
DA:230,1
DA:262,1
DA:265,1
DA:266,1
DA:267,0
DA:269,1
DA:271,1
DA:272,1
DA:274,3
DA:275,3
DA:276,3
DA:284,4
DA:287,4
DA:293,4
DA:295,4
DA:296,0
DA:299,4
DA:300,1
DA:304,3
DA:306,3
DA:307,2
DA:309,3
DA:310,0
DA:312,3
DA:313,0
DA:315,3
DA:316,1
DA:318,3
DA:319,0
DA:323,3
DA:324,1
DA:330,1
DA:331,0
DA:334,1
DA:335,1
DA:339,2
DA:364,2
DA:367,2
DA:368,2
DA:371,2
DA:372,2
DA:374,2
DA:375,0
DA:379,2
DA:380,0
DA:383,2
DA:384,2
DA:386,2
DA:387,2
DA:388,2
DA:396,3
DA:398,3
DA:404,3
DA:406,3
DA:407,0
DA:410,3
DA:411,1
DA:415,2
DA:421,2
DA:426,2
DA:429,2
DA:430,2
DA:431,2
DA:432,2
DA:433,2
DA:435,2
DA:436,1
DA:440,2
DA:441,2
DA:443,1
DA:444,1
DA:445,1
LF:131
LH:118
BRDA:41,0,0,1
BRDA:41,0,1,3
BRDA:70,1,0,1
BRDA:70,1,1,2
BRDA:72,2,0,2
BRDA:72,2,1,0
BRDA:81,3,0,1
BRDA:81,3,1,0
BRDA:93,4,0,1
BRDA:93,4,1,2
BRDA:122,5,0,1
BRDA:122,5,1,1
BRDA:124,6,0,1
BRDA:124,6,1,0
BRDA:133,7,0,1
BRDA:133,7,1,0
BRDA:145,8,0,0
BRDA:145,8,1,2
BRDA:174,9,0,1
BRDA:174,9,1,1
BRDA:183,10,0,1
BRDA:183,10,1,0
BRDA:193,11,0,1
BRDA:193,11,1,3
BRDA:193,12,0,4
BRDA:193,12,1,3
BRDA:197,13,0,0
BRDA:197,13,1,3
BRDA:209,14,0,1
BRDA:209,14,1,2
BRDA:209,15,0,3
BRDA:209,15,1,2
BRDA:214,16,0,1
BRDA:214,16,1,1
BRDA:221,17,0,0
BRDA:221,17,1,1
BRDA:221,18,0,1
BRDA:221,18,1,1
BRDA:225,19,0,1
BRDA:225,19,1,0
BRDA:234,20,0,1
BRDA:234,20,1,1
BRDA:237,21,0,1
BRDA:237,21,1,0
BRDA:238,22,0,1
BRDA:238,22,1,1
BRDA:239,23,0,1
BRDA:239,23,1,1
BRDA:262,24,0,0
BRDA:262,24,1,1
BRDA:266,25,0,0
BRDA:266,25,1,1
BRDA:276,26,0,3
BRDA:276,26,1,0
BRDA:293,27,0,0
BRDA:293,27,1,4
BRDA:295,28,0,0
BRDA:295,28,1,4
BRDA:299,29,0,1
BRDA:299,29,1,3
BRDA:306,30,0,2
BRDA:306,30,1,1
BRDA:309,31,0,0
BRDA:309,31,1,3
BRDA:310,32,0,0
BRDA:310,32,1,0
BRDA:312,33,0,0
BRDA:312,33,1,3
BRDA:313,34,0,0
BRDA:313,34,1,0
BRDA:315,35,0,1
BRDA:315,35,1,2
BRDA:316,36,0,1
BRDA:316,36,1,0
BRDA:318,37,0,0
BRDA:318,37,1,3
BRDA:319,38,0,0
BRDA:319,38,1,0
BRDA:323,39,0,1
BRDA:323,39,1,2
BRDA:323,40,0,3
BRDA:323,40,1,1
BRDA:330,41,0,0
BRDA:330,41,1,1
BRDA:330,42,0,1
BRDA:330,42,1,1
BRDA:334,43,0,1
BRDA:334,43,1,0
BRDA:364,44,0,0
BRDA:364,44,1,2
BRDA:371,45,0,2
BRDA:371,45,1,0
BRDA:374,46,0,0
BRDA:374,46,1,2
BRDA:379,47,0,0
BRDA:379,47,1,2
BRDA:379,48,0,2
BRDA:379,48,1,0
BRDA:388,49,0,2
BRDA:388,49,1,0
BRDA:404,50,0,0
BRDA:404,50,1,3
BRDA:406,51,0,0
BRDA:406,51,1,3
BRDA:410,52,0,1
BRDA:410,52,1,2
BRDA:426,53,0,0
BRDA:426,53,1,2
BRDA:431,54,0,2
BRDA:431,54,1,0
BRDA:432,55,0,2
BRDA:432,55,1,0
BRDA:435,56,0,1
BRDA:435,56,1,1
BRDA:445,57,0,1
BRDA:445,57,1,0
BRF:116
BRH:77
end_of_record
TN:
SF:src\services\ordemParanormalService.ts
FN:28,(anonymous_0)
FN:40,(anonymous_1)
FN:53,(anonymous_2)
FN:65,(anonymous_3)
FN:74,(anonymous_4)
FN:84,(anonymous_5)
FN:143,(anonymous_6)
FN:157,(anonymous_7)
FN:177,(anonymous_8)
FN:209,(anonymous_9)
FN:229,(anonymous_10)
FN:238,(anonymous_11)
FN:249,(anonymous_12)
FN:258,(anonymous_13)
FN:267,(anonymous_14)
FN:276,(anonymous_15)
FN:469,(anonymous_16)
FN:493,(anonymous_17)
FN:509,(anonymous_18)
FN:552,(anonymous_19)
FN:610,(anonymous_20)
FN:641,(anonymous_21)
FN:651,(anonymous_22)
FN:661,(anonymous_23)
FNF:24
FNH:22
FNDA:10,(anonymous_0)
FNDA:6,(anonymous_1)
FNDA:8,(anonymous_2)
FNDA:5,(anonymous_3)
FNDA:8,(anonymous_4)
FNDA:13,(anonymous_5)
FNDA:4,(anonymous_6)
FNDA:7,(anonymous_7)
FNDA:8,(anonymous_8)
FNDA:9,(anonymous_9)
FNDA:16,(anonymous_10)
FNDA:6,(anonymous_11)
FNDA:4,(anonymous_12)
FNDA:4,(anonymous_13)
FNDA:4,(anonymous_14)
FNDA:15,(anonymous_15)
FNDA:18,(anonymous_16)
FNDA:4,(anonymous_17)
FNDA:0,(anonymous_18)
FNDA:0,(anonymous_19)
FNDA:11,(anonymous_20)
FNDA:3,(anonymous_21)
FNDA:4,(anonymous_22)
FNDA:3,(anonymous_23)
DA:1,3
DA:20,3
DA:29,10
DA:30,10
DA:31,10
DA:41,6
DA:42,6
DA:43,6
DA:54,8
DA:55,8
DA:56,8
DA:66,5
DA:75,8
DA:93,13
DA:94,13
DA:96,13
DA:98,8
DA:99,8
DA:100,5
DA:102,3
DA:103,3
DA:106,2
DA:107,2
DA:111,13
DA:112,13
DA:113,31
DA:118,13
DA:119,8
DA:121,5
DA:124,13
DA:126,13
DA:156,4
DA:157,7
DA:158,4
DA:160,4
DA:191,8
DA:192,8
DA:193,1
DA:196,7
DA:197,7
DA:200,7
DA:203,7
DA:204,7
DA:205,9
DA:209,9
DA:212,7
DA:213,7
DA:215,7
DA:230,16
DA:239,6
DA:240,6
DA:250,4
DA:259,4
DA:268,4
DA:300,15
DA:323,15
DA:324,17
DA:326,1
DA:327,1
DA:328,1
DA:331,2
DA:332,2
DA:333,2
DA:334,2
DA:335,2
DA:338,1
DA:339,1
DA:340,1
DA:341,1
DA:342,1
DA:346,0
DA:347,0
DA:348,0
DA:349,0
DA:352,4
DA:353,4
DA:356,2
DA:357,2
DA:358,2
DA:359,2
DA:363,0
DA:364,0
DA:365,0
DA:368,1
DA:369,1
DA:373,0
DA:374,0
DA:375,0
DA:377,0
DA:381,0
DA:382,0
DA:383,0
DA:386,4
DA:387,4
DA:388,4
DA:389,4
DA:392,0
DA:393,0
DA:394,0
DA:395,0
DA:399,0
DA:400,0
DA:401,0
DA:404,0
DA:405,0
DA:406,0
DA:407,0
DA:410,0
DA:411,0
DA:412,0
DA:413,0
DA:416,0
DA:417,0
DA:418,0
DA:421,0
DA:422,0
DA:423,0
DA:426,2
DA:427,2
DA:428,2
DA:429,2
DA:430,2
DA:433,0
DA:434,0
DA:435,0
DA:436,0
DA:437,0
DA:440,0
DA:441,0
DA:442,0
DA:445,0
DA:446,0
DA:447,0
DA:451,0
DA:452,0
DA:453,0
DA:455,0
DA:456,0
DA:460,15
DA:480,18
DA:481,18
DA:489,18
DA:492,6
DA:493,4
DA:494,4
DA:495,4
DA:496,4
DA:497,4
DA:498,4
DA:499,4
DA:502,2
DA:503,2
DA:504,2
DA:508,0
DA:509,0
DA:510,0
DA:511,0
DA:512,0
DA:513,0
DA:514,0
DA:515,0
DA:518,0
DA:519,0
DA:520,0
DA:524,12
DA:525,0
DA:526,0
DA:529,12
DA:533,14
DA:536,3
DA:537,3
DA:538,3
DA:540,3
DA:541,3
DA:542,3
DA:544,3
DA:545,3
DA:547,3
DA:551,0
DA:552,0
DA:553,0
DA:554,0
DA:555,0
DA:556,0
DA:557,0
DA:559,0
DA:561,0
DA:565,3
DA:566,3
DA:567,3
DA:569,3
DA:570,3
DA:574,3
DA:575,3
DA:576,3
DA:578,3
DA:579,3
DA:580,3
DA:582,3
DA:583,3
DA:587,3
DA:588,3
DA:589,3
DA:591,3
DA:592,3
DA:593,3
DA:595,3
DA:596,3
DA:599,2
DA:602,14
DA:612,11
DA:613,10
DA:614,8
DA:615,5
DA:616,4
DA:617,3
DA:618,2
DA:619,2
DA:620,2
DA:621,2
DA:622,2
DA:623,2
DA:624,2
DA:625,2
DA:626,2
DA:627,2
DA:628,2
DA:629,2
DA:630,2
DA:632,2
DA:642,3
DA:643,3
DA:652,4
DA:662,3
LF:234
LH:161
BRDA:65,0,0,4
BRDA:84,1,0,0
BRDA:96,2,0,8
BRDA:96,2,1,5
BRDA:100,3,0,3
BRDA:100,3,1,2
BRDA:118,4,0,8
BRDA:118,4,1,5
BRDA:158,5,0,4
BRDA:158,5,1,1
BRDA:182,6,0,7
BRDA:192,7,0,1
BRDA:192,7,1,7
BRDA:200,8,0,2
BRDA:200,8,1,5
BRDA:212,9,0,5
BRDA:212,9,1,2
BRDA:324,10,0,1
BRDA:324,10,1,2
BRDA:324,10,2,1
BRDA:324,10,3,0
BRDA:324,10,4,0
BRDA:324,10,5,4
BRDA:324,10,6,2
BRDA:324,10,7,0
BRDA:324,10,8,0
BRDA:324,10,9,1
BRDA:324,10,10,0
BRDA:324,10,11,0
BRDA:324,10,12,0
BRDA:324,10,13,0
BRDA:324,10,14,4
BRDA:324,10,15,0
BRDA:324,10,16,0
BRDA:324,10,17,0
BRDA:324,10,18,0
BRDA:324,10,19,0
BRDA:324,10,20,0
BRDA:324,10,21,0
BRDA:324,10,22,2
BRDA:324,10,23,0
BRDA:324,10,24,0
BRDA:324,10,25,0
BRDA:324,10,26,0
BRDA:374,11,0,0
BRDA:374,11,1,0
BRDA:471,12,0,0
BRDA:489,13,0,6
BRDA:489,13,1,0
BRDA:489,13,2,12
BRDA:492,14,0,4
BRDA:492,14,1,2
BRDA:508,15,0,0
BRDA:508,15,1,0
BRDA:524,16,0,0
BRDA:524,16,1,12
BRDA:533,17,0,3
BRDA:533,17,1,0
BRDA:533,17,2,3
BRDA:533,17,3,3
BRDA:533,17,4,3
BRDA:533,17,5,2
BRDA:536,18,0,3
BRDA:536,18,1,0
BRDA:540,19,0,3
BRDA:540,19,1,0
BRDA:544,20,0,3
BRDA:544,20,1,0
BRDA:551,21,0,0
BRDA:551,21,1,0
BRDA:565,22,0,3
BRDA:565,22,1,0
BRDA:574,23,0,3
BRDA:574,23,1,0
BRDA:578,24,0,3
BRDA:578,24,1,0
BRDA:587,25,0,3
BRDA:587,25,1,0
BRDA:591,26,0,3
BRDA:591,26,1,0
BRDA:612,27,0,1
BRDA:612,27,1,10
BRDA:613,28,0,2
BRDA:613,28,1,8
BRDA:614,29,0,3
BRDA:614,29,1,5
BRDA:615,30,0,1
BRDA:615,30,1,4
BRDA:616,31,0,1
BRDA:616,31,1,3
BRDA:617,32,0,1
BRDA:617,32,1,2
BRDA:618,33,0,0
BRDA:618,33,1,2
BRDA:619,34,0,0
BRDA:619,34,1,2
BRDA:620,35,0,0
BRDA:620,35,1,2
BRDA:621,36,0,0
BRDA:621,36,1,2
BRDA:622,37,0,0
BRDA:622,37,1,2
BRDA:623,38,0,0
BRDA:623,38,1,2
BRDA:624,39,0,0
BRDA:624,39,1,2
BRDA:625,40,0,0
BRDA:625,40,1,2
BRDA:626,41,0,0
BRDA:626,41,1,2
BRDA:627,42,0,0
BRDA:627,42,1,2
BRDA:628,43,0,0
BRDA:628,43,1,2
BRDA:629,44,0,0
BRDA:629,44,1,2
BRDA:630,45,0,0
BRDA:630,45,1,2
BRF:118
BRH:67
end_of_record
TN:
SF:src\services\originService.ts
FN:62,(anonymous_0)
FN:71,(anonymous_1)
FN:81,(anonymous_2)
FN:132,(anonymous_3)
FN:143,(anonymous_4)
FNF:5
FNH:5
FNDA:2,(anonymous_0)
FNDA:2,(anonymous_1)
FNDA:5,(anonymous_2)
FNDA:3,(anonymous_3)
FNDA:3,(anonymous_4)
DA:5,1
DA:7,1
DA:13,1
DA:57,1
DA:63,2
DA:72,2
DA:82,5
DA:83,5
DA:84,5
DA:87,5
DA:88,10
DA:91,10
DA:92,2
DA:93,2
DA:94,2
DA:95,2
DA:98,2
DA:99,1
DA:107,8
DA:115,5
DA:120,5
DA:122,0
DA:123,0
DA:133,3
DA:134,3
DA:144,3
DA:146,2
DA:147,2
DA:148,2
DA:151,2
DA:152,4
DA:157,2
DA:165,2
DA:167,2
DA:169,0
DA:171,0
LF:36
LH:32
BRDA:81,0,0,0
BRDA:88,1,0,10
BRDA:88,1,1,0
BRDA:91,2,0,2
BRDA:91,2,1,8
BRDA:98,3,0,1
BRDA:98,3,1,1
BRDA:123,4,0,0
BRDA:123,4,1,0
BRDA:143,5,0,0
BRDA:144,6,0,1
BRDA:144,6,1,2
BRDA:152,7,0,2
BRDA:152,7,1,2
BRDA:152,8,0,4
BRDA:152,8,1,3
BRF:16
BRH:11
end_of_record
TN:
SF:src\services\rankService.ts
FN:15,(anonymous_0)
FN:34,(anonymous_1)
FN:53,(anonymous_2)
FN:78,(anonymous_3)
FN:129,(anonymous_4)
FNF:5
FNH:0
FNDA:0,(anonymous_0)
FNDA:0,(anonymous_1)
FNDA:0,(anonymous_2)
FNDA:0,(anonymous_3)
FNDA:0,(anonymous_4)
DA:4,0
DA:5,0
DA:7,0
DA:9,0
DA:16,0
DA:20,0
DA:22,0
DA:23,0
DA:25,0
DA:35,0
DA:39,0
DA:41,0
DA:42,0
DA:43,0
DA:57,0
DA:59,0
DA:60,0
DA:61,0
DA:63,0
DA:70,0
DA:84,0
DA:85,0
DA:99,0
DA:101,0
DA:103,0
DA:104,0
DA:105,0
DA:107,0
DA:112,0
DA:115,0
DA:117,0
DA:118,0
DA:119,0
DA:133,0
DA:135,0
DA:141,0
DA:143,0
DA:144,0
DA:148,0
DA:151,0
DA:157,0
DA:160,0
DA:166,0
DA:169,0
DA:171,0
DA:172,0
DA:173,0
DA:174,0
DA:176,0
DA:182,0
DA:184,0
DA:185,0
DA:186,0
LF:53
LH:0
BRDA:43,0,0,0
BRDA:43,0,1,0
BRDA:55,1,0,0
BRDA:57,2,0,0
BRDA:57,2,1,0
BRDA:60,3,0,0
BRDA:60,3,1,0
BRDA:70,4,0,0
BRDA:70,4,1,0
BRDA:99,5,0,0
BRDA:99,5,1,0
BRDA:103,6,0,0
BRDA:103,6,1,0
BRDA:105,7,0,0
BRDA:105,7,1,0
BRDA:109,8,0,0
BRDA:109,8,1,0
BRDA:119,9,0,0
BRDA:119,9,1,0
BRDA:141,10,0,0
BRDA:141,10,1,0
BRDA:143,11,0,0
BRDA:143,11,1,0
BRDA:157,12,0,0
BRDA:157,12,1,0
BRDA:162,13,0,0
BRDA:162,13,1,0
BRDA:171,14,0,0
BRDA:171,14,1,0
BRDA:186,15,0,0
BRDA:186,15,1,0
BRF:31
BRH:0
end_of_record
TN:
SF:src\services\sessionService.ts
FN:13,(anonymous_0)
FN:39,(anonymous_1)
FN:63,(anonymous_2)
FN:91,(anonymous_3)
FN:112,(anonymous_4)
FN:142,(anonymous_5)
FN:167,(anonymous_6)
FNF:7
FNH:6
FNDA:3,(anonymous_0)
FNDA:2,(anonymous_1)
FNDA:4,(anonymous_2)
FNDA:2,(anonymous_3)
FNDA:3,(anonymous_4)
FNDA:0,(anonymous_5)
FNDA:2,(anonymous_6)
DA:1,1
DA:2,1
DA:9,1
DA:14,3
DA:15,3
DA:26,3
DA:28,2
DA:30,1
DA:31,1
DA:32,1
DA:40,2
DA:41,2
DA:50,2
DA:52,2
DA:54,0
DA:55,0
DA:56,0
DA:64,4
DA:65,4
DA:70,4
DA:71,1
DA:74,4
DA:76,4
DA:78,4
DA:80,3
DA:82,1
DA:83,1
DA:84,1
DA:92,2
DA:93,2
DA:99,2
DA:101,1
DA:103,1
DA:104,1
DA:105,1
DA:113,3
DA:114,3
DA:118,3
DA:119,3
DA:120,3
DA:122,3
DA:129,3
DA:131,2
DA:133,1
DA:134,1
DA:135,1
DA:143,0
DA:144,0
DA:154,0
DA:156,0
DA:158,0
DA:159,0
DA:160,0
DA:168,2
DA:169,2
DA:179,2
DA:181,1
DA:183,1
DA:184,1
DA:185,1
LF:60
LH:50
BRDA:19,0,0,3
BRDA:19,0,1,2
BRDA:21,1,0,3
BRDA:21,1,1,3
BRDA:26,2,0,1
BRDA:26,2,1,2
BRDA:32,3,0,1
BRDA:32,3,1,0
BRDA:50,4,0,0
BRDA:50,4,1,2
BRDA:56,5,0,0
BRDA:56,5,1,0
BRDA:63,6,0,3
BRDA:70,7,0,1
BRDA:70,7,1,3
BRDA:78,8,0,1
BRDA:78,8,1,3
BRDA:80,9,0,3
BRDA:80,9,1,0
BRDA:84,10,0,1
BRDA:84,10,1,0
BRDA:99,11,0,1
BRDA:99,11,1,1
BRDA:105,12,0,1
BRDA:105,12,1,0
BRDA:118,13,0,2
BRDA:118,13,1,1
BRDA:119,14,0,2
BRDA:119,14,1,1
BRDA:120,15,0,0
BRDA:120,15,1,3
BRDA:129,16,0,1
BRDA:129,16,1,2
BRDA:135,17,0,1
BRDA:135,17,1,0
BRDA:154,18,0,0
BRDA:154,18,1,0
BRDA:160,19,0,0
BRDA:160,19,1,0
BRDA:179,20,0,1
BRDA:179,20,1,1
BRDA:185,21,0,1
BRDA:185,21,1,0
BRF:43
BRH:29
end_of_record
TN:
SF:src\services\threatTemplateService.ts
FN:18,(anonymous_0)
FN:55,(anonymous_1)
FN:79,(anonymous_2)
FN:116,(anonymous_3)
FN:154,(anonymous_4)
FN:175,(anonymous_5)
FN:260,(anonymous_6)
FNF:7
FNH:5
FNDA:2,(anonymous_0)
FNDA:5,(anonymous_1)
FNDA:1,(anonymous_2)
FNDA:0,(anonymous_3)
FNDA:0,(anonymous_4)
FNDA:3,(anonymous_5)
FNDA:1,(anonymous_6)
DA:5,1
DA:6,1
DA:12,1
DA:19,2
DA:20,2
DA:25,2
DA:26,1
DA:29,1
DA:30,1
DA:34,0
DA:35,0
DA:38,0
DA:40,0
DA:42,0
DA:44,2
DA:45,2
DA:46,2
DA:56,5
DA:57,5
DA:63,5
DA:65,4
DA:67,1
DA:68,1
DA:69,1
DA:80,1
DA:81,1
DA:100,1
DA:102,1
DA:104,0
DA:105,0
DA:106,0
DA:117,0
DA:118,0
DA:120,0
DA:121,0
DA:122,0
DA:123,0
DA:124,0
DA:125,0
DA:126,0
DA:127,0
DA:128,0
DA:129,0
DA:131,0
DA:133,0
DA:140,0
DA:142,0
DA:144,0
DA:145,0
DA:146,0
DA:155,0
DA:156,0
DA:161,0
DA:163,0
DA:164,0
DA:165,0
DA:179,3
DA:180,3
DA:181,3
DA:184,3
DA:185,3
DA:187,3
DA:196,3
DA:197,3
DA:198,3
DA:201,3
DA:202,3
DA:204,3
DA:221,3
DA:222,3
DA:223,0
DA:226,0
DA:233,3
DA:244,3
DA:249,3
DA:251,0
DA:252,0
DA:253,0
DA:261,1
LF:79
LH:41
BRDA:18,0,0,0
BRDA:25,1,0,1
BRDA:25,1,1,1
BRDA:29,2,0,1
BRDA:29,2,1,0
BRDA:34,3,0,0
BRDA:34,3,1,0
BRDA:34,4,0,0
BRDA:34,4,1,0
BRDA:40,5,0,0
BRDA:40,5,1,0
BRDA:42,6,0,0
BRDA:42,6,1,0
BRDA:46,7,0,2
BRDA:46,7,1,0
BRDA:63,8,0,1
BRDA:63,8,1,4
BRDA:69,9,0,1
BRDA:69,9,1,1
BRDA:86,10,0,1
BRDA:86,10,1,1
BRDA:87,11,0,1
BRDA:87,11,1,0
BRDA:88,12,0,1
BRDA:88,12,1,0
BRDA:89,13,0,1
BRDA:89,13,1,0
BRDA:90,14,0,1
BRDA:90,14,1,1
BRDA:91,15,0,1
BRDA:91,15,1,1
BRDA:92,16,0,1
BRDA:92,16,1,1
BRDA:93,17,0,1
BRDA:93,17,1,1
BRDA:94,18,0,1
BRDA:94,18,1,1
BRDA:95,19,0,1
BRDA:95,19,1,1
BRDA:100,20,0,0
BRDA:100,20,1,1
BRDA:106,21,0,0
BRDA:106,21,1,0
BRDA:120,22,0,0
BRDA:120,22,1,0
BRDA:121,23,0,0
BRDA:121,23,1,0
BRDA:122,24,0,0
BRDA:122,24,1,0
BRDA:123,25,0,0
BRDA:123,25,1,0
BRDA:124,26,0,0
BRDA:124,26,1,0
BRDA:125,27,0,0
BRDA:125,27,1,0
BRDA:126,28,0,0
BRDA:126,28,1,0
BRDA:127,29,0,0
BRDA:127,29,1,0
BRDA:128,30,0,0
BRDA:128,30,1,0
BRDA:129,31,0,0
BRDA:129,31,1,0
BRDA:140,32,0,0
BRDA:140,32,1,0
BRDA:146,33,0,0
BRDA:146,33,1,0
BRDA:161,34,0,0
BRDA:161,34,1,0
BRDA:165,35,0,0
BRDA:165,35,1,0
BRDA:184,36,0,3
BRDA:184,36,1,3
BRDA:196,37,0,3
BRDA:196,37,1,3
BRDA:197,38,0,3
BRDA:197,38,1,3
BRDA:201,39,0,3
BRDA:201,39,1,3
BRDA:210,40,0,3
BRDA:210,40,1,3
BRDA:211,41,0,3
BRDA:211,41,1,3
BRDA:214,42,0,3
BRDA:214,42,1,3
BRDA:215,43,0,3
BRDA:215,43,1,3
BRDA:222,44,0,3
BRDA:222,44,1,0
BRDA:223,45,0,0
BRDA:223,45,1,0
BRDA:224,46,0,0
BRDA:224,46,1,0
BRDA:225,47,0,0
BRDA:225,47,1,0
BRDA:227,48,0,0
BRDA:227,48,1,0
BRDA:234,49,0,3
BRDA:234,49,1,2
BRDA:235,50,0,3
BRDA:235,50,1,0
BRDA:236,51,0,3
BRDA:236,51,1,3
BRDA:240,52,0,3
BRDA:240,52,1,0
BRDA:241,53,0,3
BRDA:241,53,1,3
BRDA:241,53,2,3
BRDA:253,54,0,0
BRDA:253,54,1,0
BRDA:266,55,0,1
BRDA:266,55,1,0
BRDA:267,56,0,1
BRDA:267,56,1,0
BRDA:268,57,0,1
BRDA:268,57,1,0
BRDA:269,58,0,1
BRDA:269,58,1,0
BRDA:270,59,0,1
BRDA:270,59,1,0
BRDA:271,60,0,1
BRDA:271,60,1,0
BRDA:272,61,0,1
BRDA:272,61,1,1
BRF:124
BRH:60
end_of_record
TN:
SF:src\services\character\characterAbilitiesService.ts
FN:14,(anonymous_0)
FN:49,(anonymous_1)
FN:96,(anonymous_2)
FNF:3
FNH:3
FNDA:3,(anonymous_0)
FNDA:4,(anonymous_1)
FNDA:1,(anonymous_2)
DA:4,2
DA:5,2
DA:8,2
DA:15,3
DA:16,3
DA:33,3
DA:35,3
DA:37,0
DA:38,0
DA:39,0
DA:50,4
DA:51,4
DA:60,2
DA:62,1
DA:63,1
DA:70,0
DA:71,0
DA:74,0
DA:75,0
DA:78,0
DA:80,0
DA:83,1
DA:85,3
DA:86,3
DA:87,3
DA:97,1
DA:98,1
DA:104,0
DA:106,1
DA:107,1
DA:108,1
LF:31
LH:21
BRDA:33,0,0,0
BRDA:33,0,1,3
BRDA:35,1,0,3
BRDA:35,1,1,1
BRDA:39,2,0,0
BRDA:39,2,1,0
BRDA:60,3,0,1
BRDA:60,3,1,1
BRDA:62,4,0,1
BRDA:62,4,1,0
BRDA:70,5,0,0
BRDA:70,5,1,0
BRDA:74,6,0,0
BRDA:74,6,1,0
BRDA:87,7,0,3
BRDA:87,7,1,0
BRDA:104,8,0,0
BRDA:104,8,1,0
BRDA:108,9,0,1
BRDA:108,9,1,0
BRF:20
BRH:8
end_of_record
TN:
SF:src\services\character\characterAttributesService.ts
FN:18,(anonymous_0)
FN:95,(anonymous_1)
FN:136,(anonymous_2)
FN:214,(anonymous_3)
FNF:4
FNH:4
FNDA:1,(anonymous_0)
FNDA:1,(anonymous_1)
FNDA:2,(anonymous_2)
FNDA:2,(anonymous_3)
DA:4,1
DA:5,1
DA:8,1
DA:9,1
DA:11,1
DA:19,1
DA:20,1
DA:26,1
DA:28,1
DA:29,1
DA:30,1
DA:33,1
DA:38,1
DA:39,1
DA:44,1
DA:47,1
DA:64,1
DA:76,1
DA:79,1
DA:81,1
DA:83,0
DA:84,0
DA:85,0
DA:96,1
DA:98,1
DA:99,1
DA:100,2
DA:106,1
DA:116,1
DA:119,1
DA:121,1
DA:123,0
DA:124,0
DA:125,0
DA:137,2
DA:138,2
DA:144,2
DA:146,2
DA:147,2
DA:148,2
DA:151,2
DA:152,2
DA:153,1
DA:157,1
DA:165,1
DA:166,1
DA:167,0
DA:169,1
DA:172,1
DA:173,1
DA:175,1
DA:178,1
DA:181,1
DA:186,1
DA:188,1
DA:201,1
DA:202,1
DA:203,1
DA:215,2
DA:216,2
DA:222,2
DA:224,2
DA:225,2
DA:226,2
DA:229,2
DA:230,2
DA:231,1
DA:235,1
DA:243,1
DA:244,1
DA:245,0
DA:247,1
DA:250,1
DA:251,1
DA:253,1
DA:255,1
DA:258,1
DA:264,1
DA:275,1
DA:276,1
DA:277,1
LF:81
LH:73
BRDA:26,0,0,0
BRDA:26,0,1,1
BRDA:28,1,0,1
BRDA:28,1,1,0
BRDA:29,2,0,1
BRDA:29,2,1,0
BRDA:30,3,0,1
BRDA:30,3,1,0
BRDA:35,4,0,1
BRDA:35,4,1,0
BRDA:41,5,0,1
BRDA:41,5,1,0
BRDA:44,6,0,1
BRDA:44,6,1,0
BRDA:50,7,0,1
BRDA:50,7,1,0
BRDA:54,8,0,1
BRDA:54,8,1,0
BRDA:58,9,0,1
BRDA:58,9,1,0
BRDA:76,10,0,0
BRDA:76,10,1,1
BRDA:85,11,0,0
BRDA:85,11,1,0
BRDA:116,12,0,0
BRDA:116,12,1,1
BRDA:125,13,0,0
BRDA:125,13,1,0
BRDA:136,14,0,0
BRDA:144,15,0,0
BRDA:144,15,1,2
BRDA:146,16,0,2
BRDA:146,16,1,0
BRDA:147,17,0,2
BRDA:147,17,1,0
BRDA:148,18,0,2
BRDA:148,18,1,0
BRDA:152,19,0,1
BRDA:152,19,1,1
BRDA:166,20,0,0
BRDA:166,20,1,1
BRDA:169,21,0,1
BRDA:169,21,1,0
BRDA:173,22,0,1
BRDA:173,22,1,1
BRDA:175,23,0,1
BRDA:175,23,1,1
BRDA:203,24,0,1
BRDA:203,24,1,0
BRDA:222,25,0,0
BRDA:222,25,1,2
BRDA:224,26,0,2
BRDA:224,26,1,0
BRDA:225,27,0,2
BRDA:225,27,1,0
BRDA:226,28,0,2
BRDA:226,28,1,0
BRDA:230,29,0,1
BRDA:230,29,1,1
BRDA:244,30,0,0
BRDA:244,30,1,1
BRDA:247,31,0,1
BRDA:247,31,1,0
BRDA:251,32,0,1
BRDA:251,32,1,1
BRDA:253,33,0,1
BRDA:253,33,1,1
BRDA:277,34,0,1
BRDA:277,34,1,0
BRF:69
BRH:38
end_of_record
TN:
SF:src\services\character\characterClassAbilitiesService.ts
FN:24,ensureClassAbility
FN:96,(anonymous_1)
FN:108,(anonymous_2)
FN:153,(anonymous_3)
FN:164,(anonymous_4)
FNF:5
FNH:2
FNDA:2,ensureClassAbility
FNDA:1,(anonymous_1)
FNDA:0,(anonymous_2)
FNDA:0,(anonymous_3)
FNDA:0,(anonymous_4)
DA:4,1
DA:5,1
DA:8,1
DA:13,1
DA:14,1
DA:19,1
DA:25,2
DA:27,2
DA:34,2
DA:35,2
DA:40,0
DA:43,0
DA:49,0
DA:51,0
DA:57,0
DA:58,0
DA:60,0
DA:64,0
DA:79,0
DA:81,0
DA:83,0
DA:84,0
DA:85,0
DA:89,1
DA:97,1
DA:98,1
DA:100,1
DA:101,0
DA:102,0
DA:106,1
DA:107,1
DA:108,0
DA:112,1
DA:113,1
DA:114,2
DA:115,2
DA:117,2
DA:118,2
DA:119,0
DA:120,0
DA:126,2
DA:134,1
DA:135,0
DA:141,0
DA:142,0
DA:143,0
DA:154,0
DA:169,0
LF:48
LH:24
BRDA:34,0,0,2
BRDA:34,0,1,0
BRDA:49,1,0,0
BRDA:49,1,1,0
BRDA:57,2,0,0
BRDA:57,2,1,0
BRDA:68,3,0,0
BRDA:68,3,1,0
BRDA:85,4,0,0
BRDA:85,4,1,0
BRDA:100,5,0,0
BRDA:100,5,1,1
BRDA:117,6,0,2
BRDA:117,6,1,0
BRDA:134,7,0,0
BRDA:134,7,1,1
BRDA:143,8,0,0
BRDA:143,8,1,0
BRF:18
BRH:4
end_of_record
TN:
SF:src\services\character\characterInventoryService.ts
FN:16,(anonymous_9)
FN:52,(anonymous_10)
FN:66,(anonymous_11)
FN:109,(anonymous_12)
FN:192,(anonymous_13)
FN:215,(anonymous_14)
FN:240,(anonymous_15)
FN:274,(anonymous_16)
FN:305,(anonymous_17)
FN:312,(anonymous_18)
FNF:10
FNH:4
FNDA:2,(anonymous_9)
FNDA:0,(anonymous_10)
FNDA:2,(anonymous_11)
FNDA:0,(anonymous_12)
FNDA:1,(anonymous_13)
FNDA:2,(anonymous_14)
FNDA:0,(anonymous_15)
FNDA:0,(anonymous_16)
FNDA:0,(anonymous_17)
FNDA:0,(anonymous_18)
DA:4,1
DA:5,1
DA:7,1
DA:8,1
DA:10,1
DA:17,2
DA:18,2
DA:35,2
DA:37,2
DA:39,0
DA:40,0
DA:41,0
DA:53,0
DA:54,0
DA:55,0
DA:72,2
DA:74,2
DA:80,2
DA:83,1
DA:89,1
DA:92,1
DA:93,0
DA:94,0
DA:97,0
DA:109,0
DA:111,0
DA:112,0
DA:113,0
DA:114,0
DA:115,0
DA:122,1
DA:130,1
DA:132,0
DA:134,0
DA:145,0
DA:146,0
DA:149,0
DA:154,1
DA:155,1
DA:162,1
DA:163,1
DA:167,0
DA:178,0
DA:179,0
DA:181,1
DA:182,1
DA:183,1
DA:193,1
DA:194,1
DA:200,0
DA:202,1
DA:203,1
DA:204,1
DA:216,2
DA:217,2
DA:225,2
DA:227,2
DA:229,0
DA:230,0
DA:231,0
DA:241,0
DA:242,0
DA:252,0
DA:254,0
DA:255,0
DA:256,0
DA:257,0
DA:258,0
DA:261,0
DA:263,0
DA:264,0
DA:265,0
DA:279,0
DA:281,0
DA:287,0
DA:289,0
DA:290,0
DA:293,0
DA:296,0
DA:299,0
DA:302,0
DA:303,0
DA:304,0
DA:305,0
DA:306,0
DA:310,0
DA:311,0
DA:312,0
DA:313,0
DA:317,0
DA:323,0
DA:324,0
DA:325,0
LF:93
LH:33
BRDA:35,0,0,0
BRDA:35,0,1,2
BRDA:37,1,0,2
BRDA:37,1,1,0
BRDA:41,2,0,0
BRDA:41,2,1,0
BRDA:52,3,0,0
BRDA:54,4,0,0
BRDA:54,4,1,0
BRDA:69,5,0,0
BRDA:70,6,0,2
BRDA:80,7,0,1
BRDA:80,7,1,1
BRDA:89,8,0,0
BRDA:89,8,1,1
BRDA:92,9,0,0
BRDA:92,9,1,1
BRDA:92,10,0,1
BRDA:92,10,1,1
BRDA:92,10,2,1
BRDA:93,11,0,0
BRDA:93,11,1,0
BRDA:109,12,0,0
BRDA:109,12,1,0
BRDA:112,13,0,0
BRDA:112,13,1,0
BRDA:114,14,0,0
BRDA:114,14,1,0
BRDA:130,15,0,0
BRDA:130,15,1,1
BRDA:132,16,0,0
BRDA:132,16,1,0
BRDA:145,17,0,0
BRDA:145,17,1,0
BRDA:154,18,0,1
BRDA:154,18,1,0
BRDA:162,19,0,0
BRDA:162,19,1,1
BRDA:178,20,0,0
BRDA:178,20,1,0
BRDA:183,21,0,1
BRDA:183,21,1,0
BRDA:200,22,0,0
BRDA:200,22,1,0
BRDA:204,23,0,1
BRDA:204,23,1,0
BRDA:215,24,0,0
BRDA:225,25,0,0
BRDA:225,25,1,2
BRDA:231,26,0,0
BRDA:231,26,1,0
BRDA:252,27,0,0
BRDA:252,27,1,0
BRDA:255,28,0,0
BRDA:255,28,1,0
BRDA:256,29,0,0
BRDA:256,29,1,0
BRDA:257,30,0,0
BRDA:257,30,1,0
BRDA:265,31,0,0
BRDA:265,31,1,0
BRDA:287,32,0,0
BRDA:287,32,1,0
BRDA:289,33,0,0
BRDA:289,33,1,0
BRDA:290,34,0,0
BRDA:290,34,1,0
BRDA:302,35,0,0
BRDA:302,35,1,0
BRDA:303,36,0,0
BRDA:303,36,1,0
BRDA:304,37,0,0
BRDA:304,37,1,0
BRDA:310,38,0,0
BRDA:310,38,1,0
BRDA:311,39,0,0
BRDA:311,39,1,0
BRDA:325,40,0,0
BRDA:325,40,1,0
BRF:79
BRH:16
end_of_record
TN:
SF:src\services\character\characterResourcesService.ts
FN:19,(anonymous_0)
FN:115,(anonymous_1)
FN:143,(anonymous_2)
FN:189,(anonymous_3)
FN:263,(anonymous_4)
FN:330,(anonymous_5)
FN:341,(anonymous_6)
FN:362,(anonymous_7)
FNF:8
FNH:6
FNDA:3,(anonymous_0)
FNDA:3,(anonymous_1)
FNDA:0,(anonymous_2)
FNDA:2,(anonymous_3)
FNDA:2,(anonymous_4)
FNDA:0,(anonymous_5)
FNDA:2,(anonymous_6)
FNDA:1,(anonymous_7)
DA:4,1
DA:5,1
DA:8,1
DA:9,1
DA:10,1
DA:12,1
DA:20,3
DA:21,3
DA:22,2
DA:25,1
DA:31,1
DA:33,1
DA:34,1
DA:35,1
DA:38,1
DA:43,1
DA:44,1
DA:50,1
DA:67,1
DA:77,1
DA:80,1
DA:81,1
DA:82,1
DA:83,1
DA:90,0
DA:98,1
DA:100,1
DA:102,2
DA:103,2
DA:104,2
DA:116,3
DA:117,3
DA:123,3
DA:125,3
DA:126,3
DA:127,3
DA:129,3
DA:130,3
DA:133,3
DA:134,3
DA:137,3
DA:139,3
DA:140,1
DA:141,1
DA:142,2
DA:143,0
DA:146,3
DA:154,3
DA:165,3
DA:168,3
DA:170,3
DA:176,0
DA:177,0
DA:178,0
DA:190,2
DA:191,2
DA:197,2
DA:199,2
DA:200,2
DA:201,2
DA:203,2
DA:204,2
DA:207,2
DA:208,2
DA:211,2
DA:213,2
DA:214,1
DA:215,1
DA:216,0
DA:219,2
DA:227,2
DA:238,2
DA:241,2
DA:243,2
DA:249,0
DA:250,0
DA:251,0
DA:264,2
DA:265,2
DA:271,2
DA:273,2
DA:274,2
DA:275,2
DA:276,2
DA:279,2
DA:280,0
DA:281,0
DA:282,0
DA:283,0
DA:284,0
DA:290,2
DA:291,2
DA:293,2
DA:301,2
DA:311,2
DA:314,2
DA:316,2
DA:318,0
DA:319,0
DA:320,0
DA:331,0
DA:342,2
DA:343,2
DA:345,1
DA:348,1
DA:351,0
DA:352,0
DA:353,0
DA:363,1
DA:364,1
DA:370,1
DA:372,1
DA:373,1
DA:376,1
DA:379,1
DA:381,0
DA:382,0
DA:383,0
LF:118
LH:94
BRDA:21,0,0,2
BRDA:21,0,1,1
BRDA:21,1,0,3
BRDA:21,1,1,2
BRDA:31,2,0,0
BRDA:31,2,1,1
BRDA:33,3,0,1
BRDA:33,3,1,0
BRDA:34,4,0,1
BRDA:34,4,1,0
BRDA:35,5,0,1
BRDA:35,5,1,0
BRDA:40,6,0,1
BRDA:40,6,1,0
BRDA:46,7,0,1
BRDA:46,7,1,0
BRDA:53,8,0,1
BRDA:53,8,1,0
BRDA:57,9,0,1
BRDA:57,9,1,0
BRDA:61,10,0,1
BRDA:61,10,1,0
BRDA:77,11,0,0
BRDA:77,11,1,1
BRDA:80,12,0,1
BRDA:80,12,1,0
BRDA:81,13,0,1
BRDA:81,13,1,0
BRDA:104,14,0,2
BRDA:104,14,1,0
BRDA:115,15,0,0
BRDA:123,16,0,0
BRDA:123,16,1,3
BRDA:125,17,0,3
BRDA:125,17,1,0
BRDA:126,18,0,3
BRDA:126,18,1,0
BRDA:127,19,0,3
BRDA:127,19,1,0
BRDA:129,20,0,1
BRDA:129,20,1,2
BRDA:137,21,0,3
BRDA:137,21,1,0
BRDA:139,22,0,1
BRDA:139,22,1,2
BRDA:139,23,0,3
BRDA:139,23,1,1
BRDA:142,24,0,0
BRDA:142,24,1,2
BRDA:142,25,0,2
BRDA:142,25,1,2
BRDA:143,26,0,0
BRDA:143,26,1,0
BRDA:165,27,0,0
BRDA:165,27,1,3
BRDA:178,28,0,0
BRDA:178,28,1,0
BRDA:189,29,0,0
BRDA:197,30,0,0
BRDA:197,30,1,2
BRDA:199,31,0,2
BRDA:199,31,1,0
BRDA:200,32,0,2
BRDA:200,32,1,0
BRDA:201,33,0,2
BRDA:201,33,1,0
BRDA:203,34,0,0
BRDA:203,34,1,2
BRDA:211,35,0,2
BRDA:211,35,1,0
BRDA:213,36,0,1
BRDA:213,36,1,1
BRDA:213,37,0,2
BRDA:213,37,1,1
BRDA:215,38,0,0
BRDA:215,38,1,1
BRDA:215,39,0,1
BRDA:215,39,1,0
BRDA:215,39,2,0
BRDA:238,40,0,0
BRDA:238,40,1,2
BRDA:251,41,0,0
BRDA:251,41,1,0
BRDA:263,42,0,0
BRDA:263,43,0,2
BRDA:271,44,0,0
BRDA:271,44,1,2
BRDA:273,45,0,2
BRDA:273,45,1,0
BRDA:274,46,0,2
BRDA:274,46,1,0
BRDA:275,47,0,2
BRDA:275,47,1,0
BRDA:276,48,0,2
BRDA:276,48,1,0
BRDA:279,49,0,0
BRDA:279,49,1,2
BRDA:279,50,0,2
BRDA:279,50,1,0
BRDA:279,50,2,0
BRDA:282,51,0,0
BRDA:282,51,1,0
BRDA:290,52,0,1
BRDA:290,52,1,1
BRDA:311,53,0,0
BRDA:311,53,1,2
BRDA:320,54,0,0
BRDA:320,54,1,0
BRDA:341,55,0,0
BRDA:343,56,0,1
BRDA:343,56,1,1
BRDA:353,57,0,0
BRDA:353,57,1,0
BRDA:370,58,0,0
BRDA:370,58,1,1
BRDA:372,59,0,1
BRDA:372,59,1,0
BRDA:373,60,0,1
BRDA:373,60,1,0
BRDA:383,61,0,0
BRDA:383,61,1,0
BRF:121
BRH:61
end_of_record
