TN:
SF:src\config\supabase.ts
FNF:0
FNH:0
DA:1,0
DA:3,0
DA:4,0
DA:6,0
DA:7,0
DA:14,0
LF:6
LH:0
BRDA:6,0,0,0
BRDA:6,0,1,0
BRDA:6,1,0,0
BRDA:6,1,1,0
BRF:4
BRH:0
end_of_record
TN:
SF:src\middleware\auth.ts
FN:8,authenticateToken
FNF:1
FNH:0
FNDA:0,authenticateToken
DA:2,0
DA:8,0
DA:13,0
DA:14,0
DA:15,0
DA:17,0
DA:18,0
DA:21,0
DA:23,0
DA:24,0
DA:28,0
DA:30,0
DA:32,0
DA:33,0
LF:14
LH:0
BRDA:15,0,0,0
BRDA:15,0,1,0
BRDA:17,1,0,0
BRDA:17,1,1,0
BRDA:23,2,0,0
BRDA:23,2,1,0
BRDA:23,3,0,0
BRDA:23,3,1,0
BRF:8
BRH:0
end_of_record
TN:
SF:src\middleware\errorHandler.ts
FN:7,errorHandler
FNF:1
FNH:0
FNDA:0,errorHandler
DA:7,0
DA:13,0
DA:15,0
LF:3
LH:0
BRF:0
BRH:0
end_of_record
TN:
SF:src\routes\abilities.ts
FN:11,(anonymous_0)
FN:15,(anonymous_1)
FN:19,(anonymous_2)
FN:23,(anonymous_3)
FN:27,(anonymous_4)
FNF:5
FNH:0
FNDA:0,(anonymous_0)
FNDA:0,(anonymous_1)
FNDA:0,(anonymous_2)
FNDA:0,(anonymous_3)
FNDA:0,(anonymous_4)
DA:1,0
DA:2,0
DA:7,0
DA:9,0
DA:11,0
DA:12,0
DA:15,0
DA:16,0
DA:19,0
DA:20,0
DA:23,0
DA:24,0
DA:27,0
DA:28,0
LF:14
LH:0
BRF:0
BRH:0
end_of_record
TN:
SF:src\routes\auth.ts
FN:10,(anonymous_0)
FNF:1
FNH:0
FNDA:0,(anonymous_0)
DA:1,0
DA:8,0
DA:10,0
DA:11,0
LF:4
LH:0
BRF:0
BRH:0
end_of_record
TN:
SF:src\routes\campaigns.ts
FN:22,(anonymous_1)
FN:33,(anonymous_2)
FN:63,(anonymous_3)
FN:73,(anonymous_4)
FN:100,(anonymous_5)
FN:111,(anonymous_6)
FNF:6
FNH:0
FNDA:0,(anonymous_1)
FNDA:0,(anonymous_2)
FNDA:0,(anonymous_3)
FNDA:0,(anonymous_4)
FNDA:0,(anonymous_5)
FNDA:0,(anonymous_6)
DA:1,0
DA:2,0
DA:3,0
DA:4,0
DA:9,0
DA:11,0
DA:14,0
DA:22,0
DA:23,0
DA:24,0
DA:25,0
DA:26,0
DA:28,0
DA:33,0
DA:34,0
DA:35,0
DA:38,0
DA:39,0
DA:40,0
DA:43,0
DA:55,0
DA:56,0
DA:58,0
DA:63,0
DA:64,0
DA:65,0
DA:66,0
DA:68,0
DA:73,0
DA:74,0
DA:75,0
DA:76,0
DA:78,0
DA:85,0
DA:86,0
DA:92,0
DA:93,0
DA:95,0
DA:100,0
DA:101,0
DA:102,0
DA:103,0
DA:104,0
DA:106,0
DA:111,0
DA:112,0
DA:113,0
DA:114,0
DA:116,0
DA:117,0
DA:120,0
DA:121,0
DA:123,0
LF:53
LH:0
BRDA:39,0,0,0
BRDA:39,0,1,0
BRDA:46,1,0,0
BRDA:46,1,1,0
BRDA:47,2,0,0
BRDA:47,2,1,0
BRDA:48,3,0,0
BRDA:48,3,1,0
BRDA:82,4,0,0
BRDA:82,4,1,0
BRDA:85,5,0,0
BRDA:85,5,1,0
BRDA:116,6,0,0
BRDA:116,6,1,0
BRF:14
BRH:0
end_of_record
TN:
SF:src\routes\characters.ts
FN:13,(anonymous_0)
FN:23,(anonymous_1)
FN:35,(anonymous_2)
FN:45,(anonymous_3)
FN:63,(anonymous_4)
FN:73,(anonymous_5)
FN:88,(anonymous_6)
FN:98,(anonymous_7)
FN:112,(anonymous_8)
FN:126,(anonymous_9)
FN:144,(anonymous_10)
FN:165,(anonymous_11)
FN:186,(anonymous_12)
FN:200,(anonymous_13)
FN:213,(anonymous_14)
FN:227,(anonymous_15)
FN:241,(anonymous_16)
FN:258,(anonymous_17)
FN:272,(anonymous_18)
FN:286,(anonymous_19)
FN:300,(anonymous_20)
FN:311,(anonymous_21)
FN:321,(anonymous_22)
FN:331,(anonymous_23)
FNF:24
FNH:0
FNDA:0,(anonymous_0)
FNDA:0,(anonymous_1)
FNDA:0,(anonymous_2)
FNDA:0,(anonymous_3)
FNDA:0,(anonymous_4)
FNDA:0,(anonymous_5)
FNDA:0,(anonymous_6)
FNDA:0,(anonymous_7)
FNDA:0,(anonymous_8)
FNDA:0,(anonymous_9)
FNDA:0,(anonymous_10)
FNDA:0,(anonymous_11)
FNDA:0,(anonymous_12)
FNDA:0,(anonymous_13)
FNDA:0,(anonymous_14)
FNDA:0,(anonymous_15)
FNDA:0,(anonymous_16)
FNDA:0,(anonymous_17)
FNDA:0,(anonymous_18)
FNDA:0,(anonymous_19)
FNDA:0,(anonymous_20)
FNDA:0,(anonymous_21)
FNDA:0,(anonymous_22)
FNDA:0,(anonymous_23)
DA:1,0
DA:2,0
DA:3,0
DA:8,0
DA:10,0
DA:13,0
DA:14,0
DA:15,0
DA:16,0
DA:18,0
DA:23,0
DA:24,0
DA:25,0
DA:26,0
DA:27,0
DA:29,0
DA:35,0
DA:36,0
DA:37,0
DA:38,0
DA:40,0
DA:45,0
DA:46,0
DA:47,0
DA:48,0
DA:49,0
DA:51,0
DA:56,0
DA:58,0
DA:63,0
DA:64,0
DA:65,0
DA:66,0
DA:68,0
DA:73,0
DA:74,0
DA:75,0
DA:76,0
DA:81,0
DA:83,0
DA:88,0
DA:89,0
DA:90,0
DA:91,0
DA:93,0
DA:98,0
DA:99,0
DA:100,0
DA:101,0
DA:102,0
DA:104,0
DA:105,0
DA:107,0
DA:112,0
DA:113,0
DA:114,0
DA:115,0
DA:117,0
DA:126,0
DA:127,0
DA:128,0
DA:129,0
DA:130,0
DA:132,0
DA:137,0
DA:139,0
DA:144,0
DA:145,0
DA:146,0
DA:147,0
DA:148,0
DA:150,0
DA:151,0
DA:153,0
DA:158,0
DA:160,0
DA:165,0
DA:166,0
DA:167,0
DA:168,0
DA:169,0
DA:171,0
DA:172,0
DA:174,0
DA:179,0
DA:181,0
DA:186,0
DA:187,0
DA:188,0
DA:189,0
DA:190,0
DA:192,0
DA:193,0
DA:195,0
DA:200,0
DA:201,0
DA:202,0
DA:206,0
DA:208,0
DA:213,0
DA:214,0
DA:215,0
DA:216,0
DA:217,0
DA:219,0
DA:220,0
DA:222,0
DA:227,0
DA:228,0
DA:229,0
DA:230,0
DA:231,0
DA:233,0
DA:234,0
DA:236,0
DA:241,0
DA:242,0
DA:243,0
DA:244,0
DA:245,0
DA:247,0
DA:248,0
DA:250,0
DA:251,0
DA:253,0
DA:258,0
DA:259,0
DA:260,0
DA:261,0
DA:262,0
DA:264,0
DA:265,0
DA:267,0
DA:272,0
DA:273,0
DA:274,0
DA:275,0
DA:276,0
DA:278,0
DA:279,0
DA:281,0
DA:286,0
DA:287,0
DA:288,0
DA:289,0
DA:290,0
DA:292,0
DA:293,0
DA:295,0
DA:300,0
DA:301,0
DA:302,0
DA:303,0
DA:305,0
DA:311,0
DA:312,0
DA:313,0
DA:314,0
DA:316,0
DA:321,0
DA:322,0
DA:323,0
DA:324,0
DA:326,0
DA:331,0
DA:332,0
DA:333,0
DA:334,0
DA:336,0
LF:169
LH:0
BRDA:48,0,0,0
BRDA:48,0,1,0
BRDA:54,1,0,0
BRDA:54,1,1,0
BRDA:79,2,0,0
BRDA:79,2,1,0
BRDA:101,3,0,0
BRDA:101,3,1,0
BRDA:129,4,0,0
BRDA:129,4,1,0
BRDA:135,5,0,0
BRDA:135,5,1,0
BRDA:147,6,0,0
BRDA:147,6,1,0
BRDA:150,7,0,0
BRDA:150,7,1,0
BRDA:168,8,0,0
BRDA:168,8,1,0
BRDA:168,9,0,0
BRDA:168,9,1,0
BRDA:171,10,0,0
BRDA:171,10,1,0
BRDA:171,11,0,0
BRDA:171,11,1,0
BRDA:171,11,2,0
BRDA:177,12,0,0
BRDA:177,12,1,0
BRDA:189,13,0,0
BRDA:189,13,1,0
BRDA:216,14,0,0
BRDA:216,14,1,0
BRDA:230,15,0,0
BRDA:230,15,1,0
BRDA:244,16,0,0
BRDA:244,16,1,0
BRDA:247,17,0,0
BRDA:247,17,1,0
BRDA:247,18,0,0
BRDA:247,18,1,0
BRDA:261,19,0,0
BRDA:261,19,1,0
BRDA:264,20,0,0
BRDA:264,20,1,0
BRDA:275,21,0,0
BRDA:275,21,1,0
BRDA:278,22,0,0
BRDA:278,22,1,0
BRDA:289,23,0,0
BRDA:289,23,1,0
BRDA:292,24,0,0
BRDA:292,24,1,0
BRF:51
BRH:0
end_of_record
TN:
SF:src\routes\chat.ts
FN:13,(anonymous_0)
FN:34,(anonymous_1)
FNF:2
FNH:0
FNDA:0,(anonymous_0)
FNDA:0,(anonymous_1)
DA:1,0
DA:2,0
DA:3,0
DA:8,0
DA:10,0
DA:13,0
DA:14,0
DA:15,0
DA:17,0
DA:18,0
DA:21,0
DA:27,0
DA:29,0
DA:34,0
DA:35,0
DA:36,0
DA:37,0
DA:39,0
DA:40,0
DA:43,0
DA:53,0
DA:55,0
LF:22
LH:0
BRDA:17,0,0,0
BRDA:17,0,1,0
BRDA:24,1,0,0
BRDA:24,1,1,0
BRDA:39,2,0,0
BRDA:39,2,1,0
BRDA:39,3,0,0
BRDA:39,3,1,0
BRDA:45,4,0,0
BRDA:45,4,1,0
BRDA:47,5,0,0
BRDA:47,5,1,0
BRDA:49,6,0,0
BRDA:49,6,1,0
BRDA:50,7,0,0
BRDA:50,7,1,0
BRF:16
BRH:0
end_of_record
TN:
SF:src\routes\creatures.ts
FN:12,(anonymous_0)
FN:21,(anonymous_1)
FN:32,(anonymous_2)
FN:41,(anonymous_3)
FN:50,(anonymous_4)
FN:59,(anonymous_5)
FNF:6
FNH:0
FNDA:0,(anonymous_0)
FNDA:0,(anonymous_1)
FNDA:0,(anonymous_2)
FNDA:0,(anonymous_3)
FNDA:0,(anonymous_4)
FNDA:0,(anonymous_5)
DA:1,0
DA:2,0
DA:3,0
DA:8,0
DA:10,0
DA:12,0
DA:13,0
DA:14,0
DA:15,0
DA:17,0
DA:21,0
DA:22,0
DA:23,0
DA:24,0
DA:25,0
DA:27,0
DA:32,0
DA:33,0
DA:34,0
DA:35,0
DA:37,0
DA:41,0
DA:42,0
DA:43,0
DA:44,0
DA:46,0
DA:50,0
DA:51,0
DA:52,0
DA:53,0
DA:55,0
DA:59,0
DA:60,0
DA:61,0
DA:62,0
DA:64,0
LF:36
LH:0
BRF:0
BRH:0
end_of_record
TN:
SF:src\routes\dice.ts
FN:16,(anonymous_0)
FN:47,(anonymous_1)
FNF:2
FNH:0
FNDA:0,(anonymous_0)
FNDA:0,(anonymous_1)
DA:1,0
DA:2,0
DA:3,0
DA:8,0
DA:10,0
DA:16,0
DA:17,0
DA:18,0
DA:19,0
DA:21,0
DA:22,0
DA:25,0
DA:26,0
DA:29,0
DA:38,0
DA:40,0
DA:47,0
DA:48,0
DA:49,0
DA:51,0
DA:52,0
DA:55,0
DA:61,0
DA:63,0
LF:24
LH:0
BRDA:21,0,0,0
BRDA:21,0,1,0
BRDA:25,1,0,0
BRDA:25,1,1,0
BRDA:33,2,0,0
BRDA:33,2,1,0
BRDA:34,3,0,0
BRDA:34,3,1,0
BRDA:35,4,0,0
BRDA:35,4,1,0
BRDA:51,5,0,0
BRDA:51,5,1,0
BRDA:51,6,0,0
BRDA:51,6,1,0
BRDA:58,7,0,0
BRDA:58,7,1,0
BRF:16
BRH:0
end_of_record
TN:
SF:src\routes\inventory.ts
FN:11,(anonymous_0)
FN:15,(anonymous_1)
FN:19,(anonymous_2)
FNF:3
FNH:0
FNDA:0,(anonymous_0)
FNDA:0,(anonymous_1)
FNDA:0,(anonymous_2)
DA:1,0
DA:2,0
DA:7,0
DA:9,0
DA:11,0
DA:12,0
DA:15,0
DA:16,0
DA:19,0
DA:20,0
LF:10
LH:0
BRF:0
BRH:0
end_of_record
TN:
SF:src\routes\items.ts
FN:13,(anonymous_0)
FN:23,(anonymous_1)
FN:34,(anonymous_2)
FN:44,(anonymous_3)
FN:63,(anonymous_4)
FN:73,(anonymous_5)
FN:83,(anonymous_6)
FNF:7
FNH:0
FNDA:0,(anonymous_0)
FNDA:0,(anonymous_1)
FNDA:0,(anonymous_2)
FNDA:0,(anonymous_3)
FNDA:0,(anonymous_4)
FNDA:0,(anonymous_5)
FNDA:0,(anonymous_6)
DA:1,0
DA:2,0
DA:3,0
DA:8,0
DA:10,0
DA:13,0
DA:14,0
DA:15,0
DA:16,0
DA:18,0
DA:23,0
DA:24,0
DA:25,0
DA:26,0
DA:27,0
DA:29,0
DA:34,0
DA:35,0
DA:36,0
DA:37,0
DA:39,0
DA:44,0
DA:45,0
DA:46,0
DA:47,0
DA:48,0
DA:50,0
DA:56,0
DA:58,0
DA:63,0
DA:64,0
DA:65,0
DA:66,0
DA:68,0
DA:73,0
DA:74,0
DA:75,0
DA:76,0
DA:78,0
DA:83,0
DA:84,0
DA:85,0
DA:86,0
DA:88,0
LF:44
LH:0
BRDA:47,0,0,0
BRDA:47,0,1,0
BRDA:47,1,0,0
BRDA:47,1,1,0
BRDA:47,1,2,0
BRDA:54,2,0,0
BRDA:54,2,1,0
BRF:7
BRH:0
end_of_record
TN:
SF:src\routes\moments.ts
FN:12,(anonymous_0)
FN:21,(anonymous_1)
FN:31,(anonymous_2)
FN:42,(anonymous_3)
FN:46,(anonymous_4)
FN:57,(anonymous_5)
FN:67,(anonymous_6)
FNF:7
FNH:0
FNDA:0,(anonymous_0)
FNDA:0,(anonymous_1)
FNDA:0,(anonymous_2)
FNDA:0,(anonymous_3)
FNDA:0,(anonymous_4)
FNDA:0,(anonymous_5)
FNDA:0,(anonymous_6)
DA:1,0
DA:2,0
DA:3,0
DA:8,0
DA:10,0
DA:12,0
DA:13,0
DA:14,0
DA:15,0
DA:17,0
DA:21,0
DA:22,0
DA:23,0
DA:24,0
DA:26,0
DA:31,0
DA:32,0
DA:34,0
DA:35,0
DA:37,0
DA:42,0
DA:43,0
DA:45,0
DA:46,0
DA:47,0
DA:48,0
DA:50,0
DA:52,0
DA:57,0
DA:58,0
DA:60,0
DA:61,0
DA:63,0
DA:67,0
DA:68,0
DA:69,0
DA:70,0
DA:72,0
LF:38
LH:0
BRDA:47,0,0,0
BRDA:47,0,1,0
BRF:2
BRH:0
end_of_record
TN:
SF:src\routes\sessions.ts
FN:13,(anonymous_0)
FN:34,(anonymous_1)
FN:54,(anonymous_2)
FN:64,(anonymous_3)
FN:74,(anonymous_4)
FNF:5
FNH:0
FNDA:0,(anonymous_0)
FNDA:0,(anonymous_1)
FNDA:0,(anonymous_2)
FNDA:0,(anonymous_3)
FNDA:0,(anonymous_4)
DA:1,0
DA:2,0
DA:3,0
DA:8,0
DA:10,0
DA:13,0
DA:14,0
DA:15,0
DA:17,0
DA:18,0
DA:21,0
DA:22,0
DA:27,0
DA:29,0
DA:34,0
DA:35,0
DA:36,0
DA:38,0
DA:39,0
DA:42,0
DA:47,0
DA:49,0
DA:54,0
DA:55,0
DA:56,0
DA:57,0
DA:59,0
DA:64,0
DA:65,0
DA:66,0
DA:67,0
DA:69,0
DA:74,0
DA:75,0
DA:76,0
DA:77,0
DA:79,0
LF:37
LH:0
BRDA:17,0,0,0
BRDA:17,0,1,0
BRDA:38,1,0,0
BRDA:38,1,1,0
BRF:4
BRH:0
end_of_record
TN:
SF:src\services\abilityService.ts
FN:12,(anonymous_9)
FN:60,(anonymous_10)
FN:91,(anonymous_11)
FN:128,(anonymous_12)
FN:161,(anonymous_13)
FN:177,(anonymous_14)
FN:200,(anonymous_15)
FN:212,(anonymous_16)
FNF:8
FNH:0
FNDA:0,(anonymous_9)
FNDA:0,(anonymous_10)
FNDA:0,(anonymous_11)
FNDA:0,(anonymous_12)
FNDA:0,(anonymous_13)
FNDA:0,(anonymous_14)
FNDA:0,(anonymous_15)
FNDA:0,(anonymous_16)
DA:1,0
DA:6,0
DA:13,0
DA:14,0
DA:30,0
DA:31,0
DA:34,0
DA:35,0
DA:39,0
DA:40,0
DA:43,0
DA:45,0
DA:47,0
DA:49,0
DA:50,0
DA:61,0
DA:62,0
DA:77,0
DA:79,0
DA:81,0
DA:82,0
DA:92,0
DA:93,0
DA:113,0
DA:115,0
DA:117,0
DA:118,0
DA:129,0
DA:130,0
DA:134,0
DA:135,0
DA:136,0
DA:137,0
DA:138,0
DA:139,0
DA:141,0
DA:148,0
DA:150,0
DA:152,0
DA:153,0
DA:162,0
DA:163,0
DA:165,0
DA:167,0
DA:168,0
DA:178,0
DA:179,0
DA:185,0
DA:187,0
DA:189,0
DA:190,0
DA:201,0
DA:203,0
DA:209,0
DA:212,0
DA:213,0
DA:215,0
DA:216,0
LF:58
LH:0
BRDA:30,0,0,0
BRDA:30,0,1,0
BRDA:34,1,0,0
BRDA:34,1,1,0
BRDA:39,2,0,0
BRDA:39,2,1,0
BRDA:39,3,0,0
BRDA:39,3,1,0
BRDA:45,4,0,0
BRDA:45,4,1,0
BRDA:47,5,0,0
BRDA:47,5,1,0
BRDA:65,6,0,0
BRDA:65,6,1,0
BRDA:68,7,0,0
BRDA:68,7,1,0
BRDA:69,8,0,0
BRDA:69,8,1,0
BRDA:70,9,0,0
BRDA:70,9,1,0
BRDA:71,10,0,0
BRDA:71,10,1,0
BRDA:72,11,0,0
BRDA:72,11,1,0
BRDA:77,12,0,0
BRDA:77,12,1,0
BRDA:113,13,0,0
BRDA:113,13,1,0
BRDA:134,14,0,0
BRDA:134,14,1,0
BRDA:135,15,0,0
BRDA:135,15,1,0
BRDA:136,16,0,0
BRDA:136,16,1,0
BRDA:137,17,0,0
BRDA:137,17,1,0
BRDA:138,18,0,0
BRDA:138,18,1,0
BRDA:139,19,0,0
BRDA:139,19,1,0
BRDA:148,20,0,0
BRDA:148,20,1,0
BRDA:165,21,0,0
BRDA:165,21,1,0
BRDA:185,22,0,0
BRDA:185,22,1,0
BRDA:187,23,0,0
BRDA:187,23,1,0
BRDA:209,24,0,0
BRDA:209,24,1,0
BRF:50
BRH:0
end_of_record
TN:
SF:src\services\campaignService.ts
FN:10,(anonymous_0)
FN:34,(anonymous_1)
FN:47,(anonymous_2)
FN:85,(anonymous_3)
FN:140,(anonymous_4)
FN:180,(anonymous_5)
FN:235,(anonymous_6)
FN:265,(anonymous_7)
FN:285,(anonymous_8)
FNF:9
FNH:0
FNDA:0,(anonymous_0)
FNDA:0,(anonymous_1)
FNDA:0,(anonymous_2)
FNDA:0,(anonymous_3)
FNDA:0,(anonymous_4)
FNDA:0,(anonymous_5)
FNDA:0,(anonymous_6)
FNDA:0,(anonymous_7)
FNDA:0,(anonymous_8)
DA:1,0
DA:6,0
DA:11,0
DA:12,0
DA:32,0
DA:34,0
DA:39,0
DA:40,0
DA:48,0
DA:49,0
DA:50,0
DA:51,0
DA:53,0
DA:60,0
DA:62,0
DA:64,0
DA:65,0
DA:67,0
DA:73,0
DA:75,0
DA:77,0
DA:78,0
DA:86,0
DA:87,0
DA:90,0
DA:91,0
DA:99,0
DA:113,0
DA:116,0
DA:124,0
DA:130,0
DA:132,0
DA:133,0
DA:141,0
DA:142,0
DA:148,0
DA:151,0
DA:165,0
DA:167,0
DA:172,0
DA:173,0
DA:181,0
DA:183,0
DA:191,0
DA:192,0
DA:195,0
DA:198,0
DA:199,0
DA:206,0
DA:210,0
DA:211,0
DA:212,0
DA:213,0
DA:214,0
DA:216,0
DA:223,0
DA:225,0
DA:227,0
DA:228,0
DA:236,0
DA:238,0
DA:246,0
DA:247,0
DA:250,0
DA:255,0
DA:257,0
DA:258,0
DA:266,0
DA:268,0
DA:276,0
DA:277,0
DA:281,0
DA:283,0
DA:285,0
DA:287,0
DA:288,0
DA:292,0
DA:300,0
DA:302,0
DA:304,0
DA:305,0
LF:81
LH:0
BRDA:32,0,0,0
BRDA:32,0,1,0
BRDA:34,1,0,0
BRDA:34,1,1,0
BRDA:51,2,0,0
BRDA:51,2,1,0
BRDA:60,3,0,0
BRDA:60,3,1,0
BRDA:62,4,0,0
BRDA:62,4,1,0
BRDA:90,5,0,0
BRDA:90,5,1,0
BRDA:105,6,0,0
BRDA:105,6,1,0
BRDA:106,7,0,0
BRDA:106,7,1,0
BRDA:113,8,0,0
BRDA:113,8,1,0
BRDA:124,9,0,0
BRDA:124,9,1,0
BRDA:148,10,0,0
BRDA:148,10,1,0
BRDA:165,11,0,0
BRDA:165,11,1,0
BRDA:169,12,0,0
BRDA:169,12,1,0
BRDA:191,13,0,0
BRDA:191,13,1,0
BRDA:191,14,0,0
BRDA:191,14,1,0
BRDA:198,15,0,0
BRDA:198,15,1,0
BRDA:210,16,0,0
BRDA:210,16,1,0
BRDA:211,17,0,0
BRDA:211,17,1,0
BRDA:212,18,0,0
BRDA:212,18,1,0
BRDA:213,19,0,0
BRDA:213,19,1,0
BRDA:214,20,0,0
BRDA:214,20,1,0
BRDA:223,21,0,0
BRDA:223,21,1,0
BRDA:246,22,0,0
BRDA:246,22,1,0
BRDA:246,23,0,0
BRDA:246,23,1,0
BRDA:255,24,0,0
BRDA:255,24,1,0
BRDA:276,25,0,0
BRDA:276,25,1,0
BRDA:276,26,0,0
BRDA:276,26,1,0
BRDA:283,27,0,0
BRDA:283,27,1,0
BRDA:287,28,0,0
BRDA:287,28,1,0
BRDA:300,29,0,0
BRDA:300,29,1,0
BRF:60
BRH:0
end_of_record
TN:
SF:src\services\characterService.ts
FN:14,(anonymous_0)
FN:64,(anonymous_1)
FN:147,(anonymous_2)
FN:229,(anonymous_3)
FN:335,(anonymous_4)
FN:351,(anonymous_5)
FN:386,(anonymous_6)
FN:461,(anonymous_7)
FN:483,(anonymous_8)
FN:507,(anonymous_9)
FN:541,(anonymous_10)
FN:589,(anonymous_11)
FN:610,(anonymous_12)
FN:683,(anonymous_13)
FN:720,(anonymous_14)
FN:766,(anonymous_15)
FN:777,(anonymous_16)
FN:804,(anonymous_17)
FN:885,(anonymous_18)
FN:913,(anonymous_19)
FN:955,(anonymous_20)
FN:1025,(anonymous_21)
FN:1076,(anonymous_22)
FN:1154,(anonymous_23)
FN:1226,(anonymous_24)
FN:1246,(anonymous_25)
FNF:26
FNH:14
FNDA:0,(anonymous_0)
FNDA:0,(anonymous_1)
FNDA:0,(anonymous_2)
FNDA:0,(anonymous_3)
FNDA:0,(anonymous_4)
FNDA:0,(anonymous_5)
FNDA:0,(anonymous_6)
FNDA:0,(anonymous_7)
FNDA:0,(anonymous_8)
FNDA:0,(anonymous_9)
FNDA:0,(anonymous_10)
FNDA:0,(anonymous_11)
FNDA:1,(anonymous_12)
FNDA:1,(anonymous_13)
FNDA:2,(anonymous_14)
FNDA:1,(anonymous_15)
FNDA:2,(anonymous_16)
FNDA:3,(anonymous_17)
FNDA:4,(anonymous_18)
FNDA:2,(anonymous_19)
FNDA:3,(anonymous_20)
FNDA:2,(anonymous_21)
FNDA:2,(anonymous_22)
FNDA:1,(anonymous_23)
FNDA:2,(anonymous_24)
FNDA:1,(anonymous_25)
DA:1,1
DA:2,1
DA:8,1
DA:15,0
DA:16,0
DA:33,0
DA:34,0
DA:37,0
DA:38,0
DA:41,0
DA:43,0
DA:45,0
DA:47,0
DA:48,0
DA:65,0
DA:67,0
DA:75,0
DA:76,0
DA:79,0
DA:84,0
DA:85,0
DA:90,0
DA:93,0
DA:110,0
DA:112,0
DA:133,0
DA:135,0
DA:137,0
DA:138,0
DA:148,0
DA:150,0
DA:170,0
DA:173,0
DA:190,0
DA:193,0
DA:210,0
DA:212,0
DA:218,0
DA:219,0
DA:230,0
DA:232,0
DA:238,0
DA:240,0
DA:245,0
DA:246,0
DA:247,0
DA:248,0
DA:249,0
DA:250,0
DA:253,0
DA:254,0
DA:255,0
DA:256,0
DA:258,0
DA:259,0
DA:262,0
DA:263,0
DA:268,0
DA:269,0
DA:271,0
DA:274,0
DA:275,0
DA:280,0
DA:281,0
DA:282,0
DA:285,0
DA:286,0
DA:287,0
DA:288,0
DA:289,0
DA:293,0
DA:294,0
DA:299,0
DA:300,0
DA:301,0
DA:303,0
DA:307,0
DA:308,0
DA:312,0
DA:313,0
DA:315,0
DA:322,0
DA:324,0
DA:326,0
DA:327,0
DA:336,0
DA:337,0
DA:339,0
DA:341,0
DA:342,0
DA:352,0
DA:353,0
DA:370,0
DA:372,0
DA:374,0
DA:375,0
DA:387,0
DA:390,0
DA:398,0
DA:401,0
DA:403,0
DA:414,0
DA:415,0
DA:418,0
DA:423,0
DA:424,0
DA:431,0
DA:432,0
DA:437,0
DA:448,0
DA:449,0
DA:451,0
DA:452,0
DA:462,0
DA:463,0
DA:469,0
DA:471,0
DA:472,0
DA:484,0
DA:485,0
DA:493,0
DA:495,0
DA:497,0
DA:498,0
DA:508,0
DA:509,0
DA:526,0
DA:528,0
DA:530,0
DA:531,0
DA:542,0
DA:543,0
DA:552,0
DA:554,0
DA:555,0
DA:563,0
DA:564,0
DA:568,0
DA:569,0
DA:572,0
DA:574,0
DA:577,0
DA:579,0
DA:580,0
DA:590,0
DA:591,0
DA:597,0
DA:599,0
DA:600,0
DA:611,1
DA:612,1
DA:618,1
DA:620,1
DA:621,1
DA:622,1
DA:625,1
DA:630,1
DA:631,1
DA:636,1
DA:639,1
DA:656,1
DA:668,1
DA:670,1
DA:672,0
DA:673,0
DA:684,1
DA:686,1
DA:687,1
DA:688,2
DA:689,2
DA:695,1
DA:705,1
DA:707,1
DA:709,0
DA:710,0
DA:721,2
DA:722,2
DA:728,2
DA:730,2
DA:733,2
DA:738,2
DA:748,2
DA:750,2
DA:755,0
DA:756,0
DA:767,1
DA:768,1
DA:774,1
DA:776,1
DA:777,2
DA:779,1
DA:789,1
DA:791,1
DA:793,0
DA:794,0
DA:805,3
DA:806,3
DA:807,2
DA:810,1
DA:816,1
DA:818,1
DA:819,1
DA:820,1
DA:823,1
DA:828,1
DA:829,1
DA:836,1
DA:837,1
DA:842,1
DA:859,1
DA:869,1
DA:871,1
DA:873,2
DA:874,2
DA:886,4
DA:887,4
DA:893,4
DA:895,4
DA:896,4
DA:897,4
DA:899,4
DA:900,4
DA:903,4
DA:904,4
DA:907,4
DA:909,4
DA:910,1
DA:911,1
DA:912,3
DA:913,2
DA:916,4
DA:924,4
DA:935,4
DA:937,4
DA:943,0
DA:944,0
DA:956,3
DA:957,3
DA:963,3
DA:965,3
DA:966,3
DA:967,3
DA:969,3
DA:970,3
DA:973,3
DA:974,3
DA:977,3
DA:979,3
DA:981,1
DA:982,2
DA:983,1
DA:986,3
DA:994,3
DA:1005,3
DA:1007,3
DA:1013,0
DA:1014,0
DA:1026,2
DA:1027,2
DA:1033,2
DA:1035,2
DA:1036,2
DA:1037,2
DA:1039,2
DA:1040,2
DA:1042,2
DA:1050,2
DA:1060,2
DA:1062,2
DA:1064,0
DA:1065,0
DA:1077,2
DA:1078,2
DA:1084,2
DA:1086,2
DA:1087,2
DA:1088,2
DA:1091,2
DA:1092,2
DA:1093,1
DA:1097,1
DA:1105,1
DA:1106,1
DA:1107,0
DA:1109,1
DA:1112,1
DA:1113,1
DA:1114,1
DA:1119,1
DA:1122,1
DA:1127,1
DA:1129,1
DA:1142,1
DA:1143,1
DA:1155,1
DA:1156,1
DA:1162,1
DA:1164,1
DA:1165,1
DA:1166,1
DA:1169,1
DA:1170,1
DA:1171,0
DA:1175,1
DA:1183,1
DA:1184,1
DA:1185,0
DA:1187,1
DA:1190,1
DA:1191,1
DA:1192,1
DA:1194,1
DA:1197,1
DA:1203,1
DA:1214,0
DA:1215,0
DA:1227,2
DA:1228,2
DA:1230,1
DA:1233,1
DA:1236,0
DA:1237,0
DA:1247,1
DA:1248,1
DA:1254,1
DA:1256,1
DA:1257,1
DA:1260,1
DA:1263,1
DA:1265,0
DA:1266,0
LF:331
LH:162
BRDA:33,0,0,0
BRDA:33,0,1,0
BRDA:37,1,0,0
BRDA:37,1,1,0
BRDA:43,2,0,0
BRDA:43,2,1,0
BRDA:45,3,0,0
BRDA:45,3,1,0
BRDA:67,4,0,0
BRDA:67,4,1,0
BRDA:75,5,0,0
BRDA:75,5,1,0
BRDA:76,6,0,0
BRDA:76,6,1,0
BRDA:81,7,0,0
BRDA:81,7,1,0
BRDA:87,8,0,0
BRDA:87,8,1,0
BRDA:90,9,0,0
BRDA:90,9,1,0
BRDA:93,10,0,0
BRDA:93,10,1,0
BRDA:110,11,0,0
BRDA:110,11,1,0
BRDA:118,12,0,0
BRDA:118,12,1,0
BRDA:120,13,0,0
BRDA:120,13,1,0
BRDA:121,14,0,0
BRDA:121,14,1,0
BRDA:125,15,0,0
BRDA:125,15,1,0
BRDA:133,16,0,0
BRDA:133,16,1,0
BRDA:170,17,0,0
BRDA:170,17,1,0
BRDA:190,18,0,0
BRDA:190,18,1,0
BRDA:210,19,0,0
BRDA:210,19,1,0
BRDA:214,20,0,0
BRDA:214,20,1,0
BRDA:215,21,0,0
BRDA:215,21,1,0
BRDA:238,22,0,0
BRDA:238,22,1,0
BRDA:245,23,0,0
BRDA:245,23,1,0
BRDA:246,24,0,0
BRDA:246,24,1,0
BRDA:247,25,0,0
BRDA:247,25,1,0
BRDA:248,26,0,0
BRDA:248,26,1,0
BRDA:249,27,0,0
BRDA:249,27,1,0
BRDA:250,28,0,0
BRDA:250,28,1,0
BRDA:253,29,0,0
BRDA:253,29,1,0
BRDA:254,30,0,0
BRDA:254,30,1,0
BRDA:254,30,2,0
BRDA:255,31,0,0
BRDA:255,31,1,0
BRDA:256,32,0,0
BRDA:256,32,1,0
BRDA:256,32,2,0
BRDA:258,33,0,0
BRDA:258,33,1,0
BRDA:262,34,0,0
BRDA:262,34,1,0
BRDA:262,35,0,0
BRDA:262,35,1,0
BRDA:265,36,0,0
BRDA:265,36,1,0
BRDA:268,37,0,0
BRDA:268,37,1,0
BRDA:271,38,0,0
BRDA:271,38,1,0
BRDA:274,39,0,0
BRDA:274,39,1,0
BRDA:274,40,0,0
BRDA:274,40,1,0
BRDA:277,41,0,0
BRDA:277,41,1,0
BRDA:280,42,0,0
BRDA:280,42,1,0
BRDA:282,43,0,0
BRDA:282,43,1,0
BRDA:285,44,0,0
BRDA:285,44,1,0
BRDA:287,45,0,0
BRDA:287,45,1,0
BRDA:289,46,0,0
BRDA:289,46,1,0
BRDA:293,47,0,0
BRDA:293,47,1,0
BRDA:299,48,0,0
BRDA:299,48,1,0
BRDA:301,49,0,0
BRDA:301,49,1,0
BRDA:307,50,0,0
BRDA:307,50,1,0
BRDA:312,51,0,0
BRDA:312,51,1,0
BRDA:313,52,0,0
BRDA:313,52,1,0
BRDA:322,53,0,0
BRDA:322,53,1,0
BRDA:339,54,0,0
BRDA:339,54,1,0
BRDA:370,55,0,0
BRDA:370,55,1,0
BRDA:372,56,0,0
BRDA:372,56,1,0
BRDA:386,57,0,0
BRDA:398,58,0,0
BRDA:398,58,1,0
BRDA:401,59,0,0
BRDA:401,59,1,0
BRDA:414,60,0,0
BRDA:414,60,1,0
BRDA:423,61,0,0
BRDA:423,61,1,0
BRDA:431,62,0,0
BRDA:431,62,1,0
BRDA:448,63,0,0
BRDA:448,63,1,0
BRDA:469,64,0,0
BRDA:469,64,1,0
BRDA:483,65,0,0
BRDA:493,66,0,0
BRDA:493,66,1,0
BRDA:526,67,0,0
BRDA:526,67,1,0
BRDA:528,68,0,0
BRDA:528,68,1,0
BRDA:552,69,0,0
BRDA:552,69,1,0
BRDA:554,70,0,0
BRDA:554,70,1,0
BRDA:563,71,0,0
BRDA:563,71,1,0
BRDA:568,72,0,0
BRDA:568,72,1,0
BRDA:597,73,0,0
BRDA:597,73,1,0
BRDA:618,74,0,0
BRDA:618,74,1,1
BRDA:620,75,0,1
BRDA:620,75,1,0
BRDA:621,76,0,1
BRDA:621,76,1,0
BRDA:622,77,0,1
BRDA:622,77,1,0
BRDA:627,78,0,1
BRDA:627,78,1,0
BRDA:633,79,0,1
BRDA:633,79,1,0
BRDA:636,80,0,1
BRDA:636,80,1,0
BRDA:642,81,0,1
BRDA:642,81,1,0
BRDA:646,82,0,1
BRDA:646,82,1,0
BRDA:650,83,0,1
BRDA:650,83,1,0
BRDA:668,84,0,0
BRDA:668,84,1,1
BRDA:705,85,0,0
BRDA:705,85,1,1
BRDA:728,86,0,0
BRDA:728,86,1,2
BRDA:730,87,0,2
BRDA:730,87,1,0
BRDA:748,88,0,0
BRDA:748,88,1,2
BRDA:774,89,0,0
BRDA:774,89,1,1
BRDA:776,90,0,1
BRDA:776,90,1,0
BRDA:789,91,0,0
BRDA:789,91,1,1
BRDA:806,92,0,2
BRDA:806,92,1,1
BRDA:806,93,0,3
BRDA:806,93,1,2
BRDA:816,94,0,0
BRDA:816,94,1,1
BRDA:818,95,0,1
BRDA:818,95,1,0
BRDA:819,96,0,1
BRDA:819,96,1,0
BRDA:820,97,0,1
BRDA:820,97,1,0
BRDA:825,98,0,1
BRDA:825,98,1,0
BRDA:831,99,0,1
BRDA:831,99,1,0
BRDA:837,100,0,0
BRDA:837,100,1,1
BRDA:837,101,0,1
BRDA:837,101,1,0
BRDA:845,102,0,1
BRDA:845,102,1,0
BRDA:849,103,0,1
BRDA:849,103,1,0
BRDA:853,104,0,1
BRDA:853,104,1,0
BRDA:869,105,0,0
BRDA:869,105,1,1
BRDA:885,106,0,0
BRDA:893,107,0,0
BRDA:893,107,1,4
BRDA:895,108,0,4
BRDA:895,108,1,0
BRDA:896,109,0,4
BRDA:896,109,1,0
BRDA:897,110,0,4
BRDA:897,110,1,0
BRDA:899,111,0,1
BRDA:899,111,1,3
BRDA:907,112,0,4
BRDA:907,112,1,0
BRDA:909,113,0,1
BRDA:909,113,1,3
BRDA:909,114,0,4
BRDA:909,114,1,1
BRDA:912,115,0,1
BRDA:912,115,1,2
BRDA:912,116,0,3
BRDA:912,116,1,3
BRDA:913,117,0,2
BRDA:913,117,1,1
BRDA:935,118,0,0
BRDA:935,118,1,4
BRDA:955,119,0,0
BRDA:963,120,0,0
BRDA:963,120,1,3
BRDA:965,121,0,3
BRDA:965,121,1,0
BRDA:966,122,0,3
BRDA:966,122,1,0
BRDA:967,123,0,3
BRDA:967,123,1,0
BRDA:969,124,0,0
BRDA:969,124,1,3
BRDA:977,125,0,3
BRDA:977,125,1,0
BRDA:979,126,0,1
BRDA:979,126,1,2
BRDA:979,127,0,3
BRDA:979,127,1,1
BRDA:982,128,0,1
BRDA:982,128,1,1
BRDA:982,129,0,2
BRDA:982,129,1,1
BRDA:982,129,2,1
BRDA:1005,130,0,0
BRDA:1005,130,1,3
BRDA:1025,131,0,0
BRDA:1033,132,0,0
BRDA:1033,132,1,2
BRDA:1035,133,0,2
BRDA:1035,133,1,0
BRDA:1036,134,0,2
BRDA:1036,134,1,0
BRDA:1037,135,0,2
BRDA:1037,135,1,0
BRDA:1039,136,0,1
BRDA:1039,136,1,1
BRDA:1060,137,0,0
BRDA:1060,137,1,2
BRDA:1076,138,0,0
BRDA:1084,139,0,0
BRDA:1084,139,1,2
BRDA:1086,140,0,2
BRDA:1086,140,1,0
BRDA:1087,141,0,2
BRDA:1087,141,1,0
BRDA:1088,142,0,2
BRDA:1088,142,1,0
BRDA:1092,143,0,1
BRDA:1092,143,1,1
BRDA:1106,144,0,0
BRDA:1106,144,1,1
BRDA:1109,145,0,1
BRDA:1109,145,1,0
BRDA:1113,146,0,1
BRDA:1113,146,1,1
BRDA:1114,147,0,1
BRDA:1114,147,1,1
BRDA:1162,148,0,0
BRDA:1162,148,1,1
BRDA:1164,149,0,1
BRDA:1164,149,1,0
BRDA:1165,150,0,1
BRDA:1165,150,1,0
BRDA:1166,151,0,1
BRDA:1166,151,1,0
BRDA:1170,152,0,0
BRDA:1170,152,1,1
BRDA:1184,153,0,0
BRDA:1184,153,1,1
BRDA:1187,154,0,1
BRDA:1187,154,1,0
BRDA:1191,155,0,1
BRDA:1191,155,1,1
BRDA:1192,156,0,1
BRDA:1192,156,1,1
BRDA:1226,157,0,0
BRDA:1228,158,0,1
BRDA:1228,158,1,1
BRDA:1254,159,0,0
BRDA:1254,159,1,1
BRDA:1256,160,0,1
BRDA:1256,160,1,0
BRDA:1257,161,0,1
BRDA:1257,161,1,0
BRF:320
BRH:103
end_of_record
TN:
SF:src\services\chatService.ts
FN:10,(anonymous_0)
FN:51,(anonymous_1)
FNF:2
FNH:0
FNDA:0,(anonymous_0)
FNDA:0,(anonymous_1)
DA:1,0
DA:6,0
DA:11,0
DA:12,0
DA:33,0
DA:34,0
DA:37,0
DA:39,0
DA:41,0
DA:43,0
DA:44,0
DA:60,0
DA:61,0
DA:89,0
DA:91,0
DA:93,0
DA:94,0
LF:17
LH:0
BRDA:10,0,0,0
BRDA:33,1,0,0
BRDA:33,1,1,0
BRDA:39,2,0,0
BRDA:39,2,1,0
BRDA:41,3,0,0
BRDA:41,3,1,0
BRDA:65,4,0,0
BRDA:65,4,1,0
BRDA:67,5,0,0
BRDA:67,5,1,0
BRDA:69,6,0,0
BRDA:69,6,1,0
BRDA:70,7,0,0
BRDA:70,7,1,0
BRDA:89,8,0,0
BRDA:89,8,1,0
BRF:17
BRH:0
end_of_record
TN:
SF:src\services\creatureService.ts
FN:12,(anonymous_0)
FN:60,(anonymous_1)
FN:95,(anonymous_2)
FN:132,(anonymous_3)
FN:165,(anonymous_4)
FN:181,(anonymous_5)
FNF:6
FNH:0
FNDA:0,(anonymous_0)
FNDA:0,(anonymous_1)
FNDA:0,(anonymous_2)
FNDA:0,(anonymous_3)
FNDA:0,(anonymous_4)
FNDA:0,(anonymous_5)
DA:1,0
DA:6,0
DA:13,0
DA:14,0
DA:30,0
DA:31,0
DA:34,0
DA:35,0
DA:39,0
DA:40,0
DA:43,0
DA:45,0
DA:47,0
DA:49,0
DA:50,0
DA:61,0
DA:62,0
DA:81,0
DA:83,0
DA:85,0
DA:86,0
DA:96,0
DA:97,0
DA:117,0
DA:119,0
DA:121,0
DA:122,0
DA:133,0
DA:134,0
DA:138,0
DA:139,0
DA:140,0
DA:141,0
DA:142,0
DA:143,0
DA:145,0
DA:152,0
DA:154,0
DA:156,0
DA:157,0
DA:166,0
DA:167,0
DA:169,0
DA:171,0
DA:172,0
DA:182,0
DA:183,0
DA:189,0
DA:191,0
DA:193,0
DA:194,0
LF:51
LH:0
BRDA:30,0,0,0
BRDA:30,0,1,0
BRDA:34,1,0,0
BRDA:34,1,1,0
BRDA:39,2,0,0
BRDA:39,2,1,0
BRDA:39,3,0,0
BRDA:39,3,1,0
BRDA:45,4,0,0
BRDA:45,4,1,0
BRDA:47,5,0,0
BRDA:47,5,1,0
BRDA:65,6,0,0
BRDA:65,6,1,0
BRDA:68,7,0,0
BRDA:68,7,1,0
BRDA:69,8,0,0
BRDA:69,8,1,0
BRDA:70,9,0,0
BRDA:70,9,1,0
BRDA:71,10,0,0
BRDA:71,10,1,0
BRDA:76,11,0,0
BRDA:76,11,1,0
BRDA:81,12,0,0
BRDA:81,12,1,0
BRDA:117,13,0,0
BRDA:117,13,1,0
BRDA:138,14,0,0
BRDA:138,14,1,0
BRDA:139,15,0,0
BRDA:139,15,1,0
BRDA:140,16,0,0
BRDA:140,16,1,0
BRDA:141,17,0,0
BRDA:141,17,1,0
BRDA:142,18,0,0
BRDA:142,18,1,0
BRDA:143,19,0,0
BRDA:143,19,1,0
BRDA:152,20,0,0
BRDA:152,20,1,0
BRDA:169,21,0,0
BRDA:169,21,1,0
BRDA:189,22,0,0
BRDA:189,22,1,0
BRDA:191,23,0,0
BRDA:191,23,1,0
BRF:48
BRH:0
end_of_record
TN:
SF:src\services\diceService.ts
FN:11,parseDiceFormula
FN:46,(anonymous_1)
FN:50,(anonymous_2)
FN:66,(anonymous_3)
FN:114,(anonymous_4)
FNF:5
FNH:0
FNDA:0,parseDiceFormula
FNDA:0,(anonymous_1)
FNDA:0,(anonymous_2)
FNDA:0,(anonymous_3)
FNDA:0,(anonymous_4)
DA:1,0
DA:17,0
DA:20,0
DA:22,0
DA:23,0
DA:26,0
DA:27,0
DA:28,0
DA:29,0
DA:31,0
DA:32,0
DA:35,0
DA:36,0
DA:40,0
DA:41,0
DA:42,0
DA:46,0
DA:47,0
DA:50,0
DA:51,0
DA:52,0
DA:55,0
DA:62,0
DA:74,0
DA:76,0
DA:79,0
DA:99,0
DA:101,0
DA:106,0
DA:107,0
DA:115,0
DA:116,0
DA:135,0
DA:136,0
DA:139,0
DA:140,0
DA:143,0
DA:145,0
DA:147,0
DA:149,0
DA:150,0
LF:41
LH:0
BRDA:22,0,0,0
BRDA:22,0,1,0
BRDA:29,1,0,0
BRDA:29,1,1,0
BRDA:31,2,0,0
BRDA:31,2,1,0
BRDA:31,3,0,0
BRDA:31,3,1,0
BRDA:35,4,0,0
BRDA:35,4,1,0
BRDA:35,5,0,0
BRDA:35,5,1,0
BRDA:51,6,0,0
BRDA:51,6,1,0
BRDA:52,7,0,0
BRDA:52,7,1,0
BRDA:83,8,0,0
BRDA:83,8,1,0
BRDA:85,9,0,0
BRDA:85,9,1,0
BRDA:90,10,0,0
BRDA:90,10,1,0
BRDA:94,11,0,0
BRDA:94,11,1,0
BRDA:99,12,0,0
BRDA:99,12,1,0
BRDA:114,13,0,0
BRDA:135,14,0,0
BRDA:135,14,1,0
BRDA:139,15,0,0
BRDA:139,15,1,0
BRDA:145,16,0,0
BRDA:145,16,1,0
BRDA:147,17,0,0
BRDA:147,17,1,0
BRF:35
BRH:0
end_of_record
TN:
SF:src\services\itemService.ts
FN:12,(anonymous_9)
FN:60,(anonymous_10)
FN:91,(anonymous_11)
FN:128,(anonymous_12)
FN:161,(anonymous_13)
FN:177,(anonymous_14)
FN:202,(anonymous_15)
FN:223,(anonymous_16)
FNF:8
FNH:0
FNDA:0,(anonymous_9)
FNDA:0,(anonymous_10)
FNDA:0,(anonymous_11)
FNDA:0,(anonymous_12)
FNDA:0,(anonymous_13)
FNDA:0,(anonymous_14)
FNDA:0,(anonymous_15)
FNDA:0,(anonymous_16)
DA:1,0
DA:6,0
DA:13,0
DA:14,0
DA:30,0
DA:31,0
DA:34,0
DA:35,0
DA:39,0
DA:40,0
DA:43,0
DA:45,0
DA:47,0
DA:49,0
DA:50,0
DA:61,0
DA:62,0
DA:77,0
DA:79,0
DA:81,0
DA:82,0
DA:92,0
DA:93,0
DA:113,0
DA:115,0
DA:117,0
DA:118,0
DA:129,0
DA:130,0
DA:134,0
DA:135,0
DA:136,0
DA:137,0
DA:138,0
DA:139,0
DA:141,0
DA:148,0
DA:150,0
DA:152,0
DA:153,0
DA:162,0
DA:163,0
DA:165,0
DA:167,0
DA:168,0
DA:178,0
DA:179,0
DA:185,0
DA:187,0
DA:189,0
DA:190,0
DA:208,0
DA:210,0
DA:216,0
DA:218,0
DA:219,0
DA:223,0
DA:224,0
DA:226,0
DA:227,0
LF:60
LH:0
BRDA:30,0,0,0
BRDA:30,0,1,0
BRDA:34,1,0,0
BRDA:34,1,1,0
BRDA:39,2,0,0
BRDA:39,2,1,0
BRDA:39,3,0,0
BRDA:39,3,1,0
BRDA:45,4,0,0
BRDA:45,4,1,0
BRDA:47,5,0,0
BRDA:47,5,1,0
BRDA:65,6,0,0
BRDA:65,6,1,0
BRDA:68,7,0,0
BRDA:68,7,1,0
BRDA:69,8,0,0
BRDA:69,8,1,0
BRDA:70,9,0,0
BRDA:70,9,1,0
BRDA:71,10,0,0
BRDA:71,10,1,0
BRDA:72,11,0,0
BRDA:72,11,1,0
BRDA:77,12,0,0
BRDA:77,12,1,0
BRDA:113,13,0,0
BRDA:113,13,1,0
BRDA:134,14,0,0
BRDA:134,14,1,0
BRDA:135,15,0,0
BRDA:135,15,1,0
BRDA:136,16,0,0
BRDA:136,16,1,0
BRDA:137,17,0,0
BRDA:137,17,1,0
BRDA:138,18,0,0
BRDA:138,18,1,0
BRDA:139,19,0,0
BRDA:139,19,1,0
BRDA:148,20,0,0
BRDA:148,20,1,0
BRDA:165,21,0,0
BRDA:165,21,1,0
BRDA:185,22,0,0
BRDA:185,22,1,0
BRDA:187,23,0,0
BRDA:187,23,1,0
BRDA:206,24,0,0
BRDA:216,25,0,0
BRDA:216,25,1,0
BRDA:218,26,0,0
BRDA:218,26,1,0
BRDA:218,27,0,0
BRDA:218,27,1,0
BRF:55
BRH:0
end_of_record
TN:
SF:src\services\momentService.ts
FN:10,(anonymous_0)
FN:18,(anonymous_1)
FN:26,(anonymous_2)
FNF:3
FNH:0
FNDA:0,(anonymous_0)
FNDA:0,(anonymous_1)
FNDA:0,(anonymous_2)
DA:6,0
DA:12,0
DA:20,0
LF:3
LH:0
BRF:0
BRH:0
end_of_record
TN:
SF:src\services\ordemParanormalService.ts
FN:23,(anonymous_0)
FN:35,(anonymous_1)
FN:48,(anonymous_2)
FN:60,(anonymous_3)
FN:69,(anonymous_4)
FN:79,(anonymous_5)
FN:138,(anonymous_6)
FN:152,(anonymous_7)
FN:172,(anonymous_8)
FN:204,(anonymous_9)
FN:224,(anonymous_10)
FN:233,(anonymous_11)
FN:244,(anonymous_12)
FN:253,(anonymous_13)
FN:262,(anonymous_14)
FN:271,(anonymous_15)
FN:441,(anonymous_16)
FN:465,(anonymous_17)
FN:481,(anonymous_18)
FN:520,(anonymous_19)
FNF:20
FNH:18
FNDA:3,(anonymous_0)
FNDA:2,(anonymous_1)
FNDA:2,(anonymous_2)
FNDA:3,(anonymous_3)
FNDA:4,(anonymous_4)
FNDA:7,(anonymous_5)
FNDA:3,(anonymous_6)
FNDA:6,(anonymous_7)
FNDA:4,(anonymous_8)
FNDA:4,(anonymous_9)
FNDA:6,(anonymous_10)
FNDA:2,(anonymous_11)
FNDA:4,(anonymous_12)
FNDA:4,(anonymous_13)
FNDA:4,(anonymous_14)
FNDA:9,(anonymous_15)
FNDA:8,(anonymous_16)
FNDA:2,(anonymous_17)
FNDA:0,(anonymous_18)
FNDA:0,(anonymous_19)
DA:1,1
DA:15,1
DA:24,3
DA:25,3
DA:26,3
DA:36,2
DA:37,2
DA:38,2
DA:49,2
DA:50,2
DA:51,2
DA:61,3
DA:70,4
DA:88,7
DA:89,7
DA:91,7
DA:93,4
DA:94,4
DA:95,3
DA:97,2
DA:98,2
DA:101,1
DA:102,1
DA:106,7
DA:107,7
DA:108,17
DA:113,7
DA:114,4
DA:116,3
DA:119,7
DA:121,7
DA:151,3
DA:152,6
DA:153,3
DA:155,3
DA:186,4
DA:187,4
DA:188,1
DA:191,3
DA:192,3
DA:195,3
DA:198,3
DA:199,3
DA:200,4
DA:204,4
DA:207,3
DA:208,3
DA:210,3
DA:225,6
DA:234,2
DA:235,2
DA:245,4
DA:254,4
DA:263,4
DA:290,9
DA:308,9
DA:309,10
DA:311,1
DA:312,1
DA:315,1
DA:316,1
DA:317,1
DA:318,1
DA:319,1
DA:322,1
DA:323,1
DA:324,1
DA:325,1
DA:326,1
DA:330,0
DA:331,0
DA:332,0
DA:333,0
DA:336,2
DA:337,2
DA:340,1
DA:341,1
DA:345,0
DA:346,0
DA:347,0
DA:350,1
DA:351,1
DA:355,0
DA:356,0
DA:357,0
DA:359,0
DA:363,0
DA:364,0
DA:365,0
DA:368,2
DA:369,2
DA:370,2
DA:371,2
DA:374,0
DA:375,0
DA:376,0
DA:381,0
DA:382,0
DA:385,0
DA:386,0
DA:387,0
DA:388,0
DA:391,0
DA:392,0
DA:393,0
DA:394,0
DA:397,0
DA:398,0
DA:399,0
DA:402,0
DA:403,0
DA:404,0
DA:407,1
DA:408,1
DA:409,1
DA:410,1
DA:411,1
DA:414,0
DA:415,0
DA:416,0
DA:417,0
DA:418,0
DA:421,0
DA:423,0
DA:426,0
DA:427,0
DA:428,0
DA:432,9
DA:452,8
DA:453,8
DA:461,8
DA:464,4
DA:465,2
DA:466,2
DA:467,2
DA:468,2
DA:469,2
DA:470,2
DA:471,2
DA:474,2
DA:475,2
DA:476,2
DA:480,0
DA:481,0
DA:482,0
DA:483,0
DA:484,0
DA:485,0
DA:486,0
DA:487,0
DA:490,0
DA:491,0
DA:492,0
DA:496,4
DA:497,0
DA:498,0
DA:501,4
DA:505,6
DA:508,1
DA:509,1
DA:510,1
DA:512,1
DA:513,1
DA:515,1
DA:519,0
DA:520,0
DA:521,0
DA:522,0
DA:523,0
DA:524,0
DA:525,0
DA:527,0
DA:529,0
DA:533,1
DA:534,1
DA:535,1
DA:537,1
DA:538,1
DA:542,1
DA:543,1
DA:544,1
DA:546,1
DA:547,1
DA:548,1
DA:550,1
DA:551,1
DA:555,1
DA:556,1
DA:557,1
DA:559,1
DA:560,1
DA:561,1
DA:563,1
DA:564,1
DA:567,2
DA:570,6
LF:196
LH:131
BRDA:60,0,0,2
BRDA:79,1,0,0
BRDA:91,2,0,4
BRDA:91,2,1,3
BRDA:95,3,0,2
BRDA:95,3,1,1
BRDA:113,4,0,4
BRDA:113,4,1,3
BRDA:153,5,0,3
BRDA:153,5,1,1
BRDA:177,6,0,3
BRDA:187,7,0,1
BRDA:187,7,1,3
BRDA:195,8,0,1
BRDA:195,8,1,2
BRDA:207,9,0,2
BRDA:207,9,1,1
BRDA:309,10,0,1
BRDA:309,10,1,1
BRDA:309,10,2,1
BRDA:309,10,3,0
BRDA:309,10,4,0
BRDA:309,10,5,2
BRDA:309,10,6,1
BRDA:309,10,7,0
BRDA:309,10,8,0
BRDA:309,10,9,1
BRDA:309,10,10,0
BRDA:309,10,11,0
BRDA:309,10,12,0
BRDA:309,10,13,0
BRDA:309,10,14,2
BRDA:309,10,15,0
BRDA:309,10,16,0
BRDA:309,10,17,0
BRDA:309,10,18,0
BRDA:309,10,19,0
BRDA:309,10,20,0
BRDA:309,10,21,0
BRDA:309,10,22,1
BRDA:309,10,23,0
BRDA:309,10,24,0
BRDA:309,10,25,0
BRDA:356,11,0,0
BRDA:356,11,1,0
BRDA:443,12,0,0
BRDA:461,13,0,4
BRDA:461,13,1,0
BRDA:461,13,2,4
BRDA:464,14,0,2
BRDA:464,14,1,2
BRDA:480,15,0,0
BRDA:480,15,1,0
BRDA:496,16,0,0
BRDA:496,16,1,4
BRDA:505,17,0,1
BRDA:505,17,1,0
BRDA:505,17,2,1
BRDA:505,17,3,1
BRDA:505,17,4,1
BRDA:505,17,5,2
BRDA:508,18,0,1
BRDA:508,18,1,0
BRDA:512,19,0,1
BRDA:512,19,1,0
BRDA:519,20,0,0
BRDA:519,20,1,0
BRDA:533,21,0,1
BRDA:533,21,1,0
BRDA:542,22,0,1
BRDA:542,22,1,0
BRDA:546,23,0,1
BRDA:546,23,1,0
BRDA:555,24,0,1
BRDA:555,24,1,0
BRDA:559,25,0,1
BRDA:559,25,1,0
BRF:77
BRH:41
end_of_record
TN:
SF:src\services\sessionService.ts
FN:10,(anonymous_0)
FN:35,(anonymous_1)
FN:58,(anonymous_2)
FN:85,(anonymous_3)
FN:105,(anonymous_4)
FN:133,(anonymous_5)
FNF:6
FNH:0
FNDA:0,(anonymous_0)
FNDA:0,(anonymous_1)
FNDA:0,(anonymous_2)
FNDA:0,(anonymous_3)
FNDA:0,(anonymous_4)
FNDA:0,(anonymous_5)
DA:1,0
DA:6,0
DA:11,0
DA:12,0
DA:23,0
DA:25,0
DA:27,0
DA:28,0
DA:36,0
DA:37,0
DA:46,0
DA:48,0
DA:50,0
DA:51,0
DA:59,0
DA:60,0
DA:65,0
DA:66,0
DA:69,0
DA:71,0
DA:73,0
DA:75,0
DA:77,0
DA:78,0
DA:86,0
DA:87,0
DA:93,0
DA:95,0
DA:97,0
DA:98,0
DA:106,0
DA:107,0
DA:111,0
DA:112,0
DA:114,0
DA:121,0
DA:123,0
DA:125,0
DA:126,0
DA:134,0
DA:135,0
DA:145,0
DA:147,0
DA:149,0
DA:150,0
LF:45
LH:0
BRDA:16,0,0,0
BRDA:16,0,1,0
BRDA:18,1,0,0
BRDA:18,1,1,0
BRDA:23,2,0,0
BRDA:23,2,1,0
BRDA:46,3,0,0
BRDA:46,3,1,0
BRDA:58,4,0,0
BRDA:65,5,0,0
BRDA:65,5,1,0
BRDA:73,6,0,0
BRDA:73,6,1,0
BRDA:75,7,0,0
BRDA:75,7,1,0
BRDA:93,8,0,0
BRDA:93,8,1,0
BRDA:111,9,0,0
BRDA:111,9,1,0
BRDA:112,10,0,0
BRDA:112,10,1,0
BRDA:121,11,0,0
BRDA:121,11,1,0
BRDA:145,12,0,0
BRDA:145,12,1,0
BRF:25
BRH:0
end_of_record
TN:
SF:src\types\ordemParanormal.ts
FNF:0
FNH:0
DA:121,1
DA:151,1
LF:2
LH:2
BRF:0
BRH:0
end_of_record
